{
  "stats": {
    "suites": 4,
    "tests": 7,
    "passes": 4,
    "pending": 0,
    "failures": 3,
    "start": "2026-01-22T05:15:47.535Z",
    "end": "2026-01-22T05:15:51.968Z",
    "duration": 4433,
    "testsRegistered": 15,
    "passPercent": 26.666666666666668,
    "pendingPercent": 0,
    "other": 0,
    "hasOther": false,
    "skipped": 8,
    "hasSkipped": true
  },
  "results": [
    {
      "uuid": "b41c83e7-d294-4f92-949c-60eff59e64ea",
      "title": "",
      "fullFile": "cypress\\e2e\\09-accessibility.cy.js",
      "file": "cypress\\e2e\\09-accessibility.cy.js",
      "beforeHooks": [],
      "afterHooks": [],
      "tests": [],
      "suites": [
        {
          "uuid": "a047d1de-4671-43a5-ad7f-9697ae3c8496",
          "title": "Accessibility Tests",
          "fullFile": "",
          "file": "",
          "beforeHooks": [],
          "afterHooks": [],
          "tests": [],
          "suites": [
            {
              "uuid": "e1a73bc6-0afc-4e47-abdb-90dc1d64b00e",
              "title": "Accessibility on /",
              "fullFile": "",
              "file": "",
              "beforeHooks": [],
              "afterHooks": [],
              "tests": [
                {
                  "title": "should have proper heading hierarchy on /",
                  "fullTitle": "Accessibility Tests Accessibility on / should have proper heading hierarchy on /",
                  "timedOut": null,
                  "duration": 1128,
                  "state": "passed",
                  "speed": "fast",
                  "pass": true,
                  "fail": false,
                  "pending": false,
                  "context": null,
                  "code": "cy.get('h1, h2, h3, h4, h5, h6').should('exist');",
                  "err": {},
                  "uuid": "2a635f05-5a11-446e-9d5f-d8837c8f4fd6",
                  "parentUUID": "e1a73bc6-0afc-4e47-abdb-90dc1d64b00e",
                  "isHook": false,
                  "skipped": false
                },
                {
                  "title": "should have alt text for all images on /",
                  "fullTitle": "Accessibility Tests Accessibility on / should have alt text for all images on /",
                  "timedOut": null,
                  "duration": 596,
                  "state": "passed",
                  "speed": "fast",
                  "pass": true,
                  "fail": false,
                  "pending": false,
                  "context": null,
                  "code": "cy.get('img').each($img => {\n  cy.wrap($img).should('have.attr', 'alt').and('not.be.empty');\n});",
                  "err": {},
                  "uuid": "20a463da-17e0-4605-884c-f35fddcc9a0b",
                  "parentUUID": "e1a73bc6-0afc-4e47-abdb-90dc1d64b00e",
                  "isHook": false,
                  "skipped": false
                },
                {
                  "title": "should have aria-labels or text for buttons on /",
                  "fullTitle": "Accessibility Tests Accessibility on / should have aria-labels or text for buttons on /",
                  "timedOut": null,
                  "duration": 555,
                  "state": "passed",
                  "speed": "fast",
                  "pass": true,
                  "fail": false,
                  "pending": false,
                  "context": null,
                  "code": "cy.get('button').each($button => {\n  const hasAriaLabel = $button.attr('aria-label');\n  const hasText = $button.text().trim().length > 0;\n  const hasSvg = $button.find('svg').length > 0;\n  expect(hasAriaLabel || hasText || hasSvg).to.be.true;\n});",
                  "err": {},
                  "uuid": "08a5b78e-0a67-48d4-80e5-0d50b176041f",
                  "parentUUID": "e1a73bc6-0afc-4e47-abdb-90dc1d64b00e",
                  "isHook": false,
                  "skipped": false
                },
                {
                  "title": "should have proper link text on /",
                  "fullTitle": "Accessibility Tests Accessibility on / should have proper link text on /",
                  "timedOut": null,
                  "duration": 795,
                  "state": "failed",
                  "speed": null,
                  "pass": false,
                  "fail": true,
                  "pending": false,
                  "context": null,
                  "code": "cy.get('a').each($link => {\n  const text = $link.text().trim();\n  const ariaLabel = $link.attr('aria-label');\n  const hasImage = $link.find('img').length > 0;\n  expect(text.length > 0 || ariaLabel || hasImage).to.be.true;\n});",
                  "err": {
                    "message": "AssertionError: expected false to be true",
                    "estack": "AssertionError: expected false to be true\n    at Object.proxyGetter [as get] (http://localhost:5173/__cypress/runner/cypress_runner.js:81012:22)\n    at Context.eval (webpack://mes-college-website/./cypress/e2e/09-accessibility.cy.js:38:65)\n    at Context.callback (http://localhost:5173/__cypress/runner/cypress_runner.js:122925:26)\n    at getRet (http://localhost:5173/__cypress/runner/cypress_runner.js:122690:20)\n    at tryCatcher (http://localhost:5173/__cypress/runner/cypress_runner.js:1777:23)",
                    "diff": null
                  },
                  "uuid": "cea42fdb-a677-4e12-862c-7e525f8762fe",
                  "parentUUID": "e1a73bc6-0afc-4e47-abdb-90dc1d64b00e",
                  "isHook": false,
                  "skipped": false
                },
                {
                  "title": "should have proper contrast for text on /",
                  "fullTitle": "Accessibility Tests Accessibility on / should have proper contrast for text on /",
                  "timedOut": null,
                  "duration": 465,
                  "state": "passed",
                  "speed": "fast",
                  "pass": true,
                  "fail": false,
                  "pending": false,
                  "context": null,
                  "code": "cy.get('body').should('have.css', 'color');\ncy.get('body').should('have.css', 'background-color');",
                  "err": {},
                  "uuid": "dc89a33c-b557-4824-9f1b-e543e5700c4b",
                  "parentUUID": "e1a73bc6-0afc-4e47-abdb-90dc1d64b00e",
                  "isHook": false,
                  "skipped": false
                }
              ],
              "suites": [],
              "passes": [
                "2a635f05-5a11-446e-9d5f-d8837c8f4fd6",
                "20a463da-17e0-4605-884c-f35fddcc9a0b",
                "08a5b78e-0a67-48d4-80e5-0d50b176041f",
                "dc89a33c-b557-4824-9f1b-e543e5700c4b"
              ],
              "failures": [
                "cea42fdb-a677-4e12-862c-7e525f8762fe"
              ],
              "pending": [],
              "skipped": [],
              "duration": 3539,
              "root": false,
              "rootEmpty": false,
              "_timeout": 2000
            },
            {
              "uuid": "dac1d9ab-cc5c-4e64-95ec-5c2d1733762e",
              "title": "Accessibility on /about",
              "fullFile": "",
              "file": "",
              "beforeHooks": [],
              "afterHooks": [],
              "tests": [
                {
                  "title": "should have proper heading hierarchy on /about",
                  "fullTitle": "Accessibility Tests Accessibility on /about should have proper heading hierarchy on /about",
                  "timedOut": null,
                  "duration": 155,
                  "state": "failed",
                  "speed": null,
                  "pass": false,
                  "fail": true,
                  "pending": false,
                  "context": null,
                  "code": "cy.get('h1, h2, h3, h4, h5, h6').should('exist');",
                  "err": {
                    "message": "CypressError: `cy.visit()` failed trying to load:\n\nhttp://localhost:5173/about\n\nThe response we received from your web server was:\n\n  > 404: Not Found\n\nThis was considered a failure because the status code was not `2xx`.\n\nIf you do not want status codes to cause failures pass the option: `failOnStatusCode: false`\n\nBecause this error occurred during a `before each` hook we are skipping the remaining tests in the current suite: `Accessibility on /about`",
                    "estack": "CypressError: `cy.visit()` failed trying to load:\n\nhttp://localhost:5173/about\n\nThe response we received from your web server was:\n\n  > 404: Not Found\n\nThis was considered a failure because the status code was not `2xx`.\n\nIf you do not want status codes to cause failures pass the option: `failOnStatusCode: false`\n\nBecause this error occurred during a `before each` hook we are skipping the remaining tests in the current suite: `Accessibility on /about`\n    at <unknown> (http://localhost:5173/__cypress/runner/cypress_runner.js:134864:76)\n    at visitFailedByErr (http://localhost:5173/__cypress/runner/cypress_runner.js:134454:12)\n    at <unknown> (http://localhost:5173/__cypress/runner/cypress_runner.js:134847:13)\n    at tryCatcher (http://localhost:5173/__cypress/runner/cypress_runner.js:1777:23)\n    at Promise._settlePromiseFromHandler (http://localhost:5173/__cypress/runner/cypress_runner.js:1489:31)\n    at Promise._settlePromise (http://localhost:5173/__cypress/runner/cypress_runner.js:1546:18)\n    at Promise._settlePromise0 (http://localhost:5173/__cypress/runner/cypress_runner.js:1591:10)\n    at Promise._settlePromises (http://localhost:5173/__cypress/runner/cypress_runner.js:1667:18)\n    at _drainQueueStep (http://localhost:5173/__cypress/runner/cypress_runner.js:2377:12)\n    at _drainQueue (http://localhost:5173/__cypress/runner/cypress_runner.js:2370:9)\n    at Async._drainQueues (http://localhost:5173/__cypress/runner/cypress_runner.js:2386:5)\n    at Async.drainQueues (http://localhost:5173/__cypress/runner/cypress_runner.js:2256:14)\nFrom Your Spec Code:\n    at Context.eval (webpack://mes-college-website/./cypress/e2e/09-accessibility.cy.js:7:11)",
                    "diff": null
                  },
                  "uuid": "56913535-3605-43fd-bcc8-682f754ee4a3",
                  "parentUUID": "dac1d9ab-cc5c-4e64-95ec-5c2d1733762e",
                  "isHook": false,
                  "skipped": false
                },
                {
                  "title": "should have alt text for all images on /about",
                  "fullTitle": "Accessibility Tests Accessibility on /about should have alt text for all images on /about",
                  "timedOut": null,
                  "duration": 0,
                  "state": "skipped",
                  "speed": null,
                  "pass": false,
                  "fail": false,
                  "pending": false,
                  "context": null,
                  "code": "cy.get('img').each($img => {\n  cy.wrap($img).should('have.attr', 'alt').and('not.be.empty');\n});",
                  "err": {},
                  "uuid": "6813d72b-b688-48e2-9cd9-fa94e61bbf15",
                  "parentUUID": "dac1d9ab-cc5c-4e64-95ec-5c2d1733762e",
                  "isHook": false,
                  "skipped": true
                },
                {
                  "title": "should have aria-labels or text for buttons on /about",
                  "fullTitle": "Accessibility Tests Accessibility on /about should have aria-labels or text for buttons on /about",
                  "timedOut": null,
                  "duration": 0,
                  "state": "skipped",
                  "speed": null,
                  "pass": false,
                  "fail": false,
                  "pending": false,
                  "context": null,
                  "code": "cy.get('button').each($button => {\n  const hasAriaLabel = $button.attr('aria-label');\n  const hasText = $button.text().trim().length > 0;\n  const hasSvg = $button.find('svg').length > 0;\n  expect(hasAriaLabel || hasText || hasSvg).to.be.true;\n});",
                  "err": {},
                  "uuid": "8942cd65-9b59-402f-903e-dde9411f6900",
                  "parentUUID": "dac1d9ab-cc5c-4e64-95ec-5c2d1733762e",
                  "isHook": false,
                  "skipped": true
                },
                {
                  "title": "should have proper link text on /about",
                  "fullTitle": "Accessibility Tests Accessibility on /about should have proper link text on /about",
                  "timedOut": null,
                  "duration": 0,
                  "state": "skipped",
                  "speed": null,
                  "pass": false,
                  "fail": false,
                  "pending": false,
                  "context": null,
                  "code": "cy.get('a').each($link => {\n  const text = $link.text().trim();\n  const ariaLabel = $link.attr('aria-label');\n  const hasImage = $link.find('img').length > 0;\n  expect(text.length > 0 || ariaLabel || hasImage).to.be.true;\n});",
                  "err": {},
                  "uuid": "d72ef600-c58b-404b-b9b6-94dd352f9cc8",
                  "parentUUID": "dac1d9ab-cc5c-4e64-95ec-5c2d1733762e",
                  "isHook": false,
                  "skipped": true
                },
                {
                  "title": "should have proper contrast for text on /about",
                  "fullTitle": "Accessibility Tests Accessibility on /about should have proper contrast for text on /about",
                  "timedOut": null,
                  "duration": 0,
                  "state": "skipped",
                  "speed": null,
                  "pass": false,
                  "fail": false,
                  "pending": false,
                  "context": null,
                  "code": "cy.get('body').should('have.css', 'color');\ncy.get('body').should('have.css', 'background-color');",
                  "err": {},
                  "uuid": "de1e46d9-051d-4425-abce-75ea3f4e96c2",
                  "parentUUID": "dac1d9ab-cc5c-4e64-95ec-5c2d1733762e",
                  "isHook": false,
                  "skipped": true
                }
              ],
              "suites": [],
              "passes": [],
              "failures": [
                "56913535-3605-43fd-bcc8-682f754ee4a3"
              ],
              "pending": [],
              "skipped": [
                "6813d72b-b688-48e2-9cd9-fa94e61bbf15",
                "8942cd65-9b59-402f-903e-dde9411f6900",
                "d72ef600-c58b-404b-b9b6-94dd352f9cc8",
                "de1e46d9-051d-4425-abce-75ea3f4e96c2"
              ],
              "duration": 155,
              "root": false,
              "rootEmpty": false,
              "_timeout": 2000
            },
            {
              "uuid": "d1426dea-be53-488d-8be4-9b5d72c4e447",
              "title": "Accessibility on /contact",
              "fullFile": "",
              "file": "",
              "beforeHooks": [],
              "afterHooks": [],
              "tests": [
                {
                  "title": "should have proper heading hierarchy on /contact",
                  "fullTitle": "Accessibility Tests Accessibility on /contact should have proper heading hierarchy on /contact",
                  "timedOut": null,
                  "duration": 152,
                  "state": "failed",
                  "speed": null,
                  "pass": false,
                  "fail": true,
                  "pending": false,
                  "context": null,
                  "code": "cy.get('h1, h2, h3, h4, h5, h6').should('exist');",
                  "err": {
                    "message": "CypressError: `cy.visit()` failed trying to load:\n\nhttp://localhost:5173/contact\n\nThe response we received from your web server was:\n\n  > 404: Not Found\n\nThis was considered a failure because the status code was not `2xx`.\n\nIf you do not want status codes to cause failures pass the option: `failOnStatusCode: false`\n\nBecause this error occurred during a `before each` hook we are skipping the remaining tests in the current suite: `Accessibility on /contact`",
                    "estack": "CypressError: `cy.visit()` failed trying to load:\n\nhttp://localhost:5173/contact\n\nThe response we received from your web server was:\n\n  > 404: Not Found\n\nThis was considered a failure because the status code was not `2xx`.\n\nIf you do not want status codes to cause failures pass the option: `failOnStatusCode: false`\n\nBecause this error occurred during a `before each` hook we are skipping the remaining tests in the current suite: `Accessibility on /contact`\n    at <unknown> (http://localhost:5173/__cypress/runner/cypress_runner.js:134864:76)\n    at visitFailedByErr (http://localhost:5173/__cypress/runner/cypress_runner.js:134454:12)\n    at <unknown> (http://localhost:5173/__cypress/runner/cypress_runner.js:134847:13)\n    at tryCatcher (http://localhost:5173/__cypress/runner/cypress_runner.js:1777:23)\n    at Promise._settlePromiseFromHandler (http://localhost:5173/__cypress/runner/cypress_runner.js:1489:31)\n    at Promise._settlePromise (http://localhost:5173/__cypress/runner/cypress_runner.js:1546:18)\n    at Promise._settlePromise0 (http://localhost:5173/__cypress/runner/cypress_runner.js:1591:10)\n    at Promise._settlePromises (http://localhost:5173/__cypress/runner/cypress_runner.js:1667:18)\n    at _drainQueueStep (http://localhost:5173/__cypress/runner/cypress_runner.js:2377:12)\n    at _drainQueue (http://localhost:5173/__cypress/runner/cypress_runner.js:2370:9)\n    at Async._drainQueues (http://localhost:5173/__cypress/runner/cypress_runner.js:2386:5)\n    at Async.drainQueues (http://localhost:5173/__cypress/runner/cypress_runner.js:2256:14)\nFrom Your Spec Code:\n    at Context.eval (webpack://mes-college-website/./cypress/e2e/09-accessibility.cy.js:7:11)",
                    "diff": null
                  },
                  "uuid": "a2b475e3-0d94-4c0f-9db0-31755e546061",
                  "parentUUID": "d1426dea-be53-488d-8be4-9b5d72c4e447",
                  "isHook": false,
                  "skipped": false
                },
                {
                  "title": "should have alt text for all images on /contact",
                  "fullTitle": "Accessibility Tests Accessibility on /contact should have alt text for all images on /contact",
                  "timedOut": null,
                  "duration": 0,
                  "state": "skipped",
                  "speed": null,
                  "pass": false,
                  "fail": false,
                  "pending": false,
                  "context": null,
                  "code": "cy.get('img').each($img => {\n  cy.wrap($img).should('have.attr', 'alt').and('not.be.empty');\n});",
                  "err": {},
                  "uuid": "bbe08683-ee59-418c-8f99-9fd278e098eb",
                  "parentUUID": "d1426dea-be53-488d-8be4-9b5d72c4e447",
                  "isHook": false,
                  "skipped": true
                },
                {
                  "title": "should have aria-labels or text for buttons on /contact",
                  "fullTitle": "Accessibility Tests Accessibility on /contact should have aria-labels or text for buttons on /contact",
                  "timedOut": null,
                  "duration": 0,
                  "state": "skipped",
                  "speed": null,
                  "pass": false,
                  "fail": false,
                  "pending": false,
                  "context": null,
                  "code": "cy.get('button').each($button => {\n  const hasAriaLabel = $button.attr('aria-label');\n  const hasText = $button.text().trim().length > 0;\n  const hasSvg = $button.find('svg').length > 0;\n  expect(hasAriaLabel || hasText || hasSvg).to.be.true;\n});",
                  "err": {},
                  "uuid": "0eb4f6ab-9de8-4410-8799-e36938c31958",
                  "parentUUID": "d1426dea-be53-488d-8be4-9b5d72c4e447",
                  "isHook": false,
                  "skipped": true
                },
                {
                  "title": "should have proper link text on /contact",
                  "fullTitle": "Accessibility Tests Accessibility on /contact should have proper link text on /contact",
                  "timedOut": null,
                  "duration": 0,
                  "state": "skipped",
                  "speed": null,
                  "pass": false,
                  "fail": false,
                  "pending": false,
                  "context": null,
                  "code": "cy.get('a').each($link => {\n  const text = $link.text().trim();\n  const ariaLabel = $link.attr('aria-label');\n  const hasImage = $link.find('img').length > 0;\n  expect(text.length > 0 || ariaLabel || hasImage).to.be.true;\n});",
                  "err": {},
                  "uuid": "4bf00bdd-efe9-4aba-ac38-0fa5c6b0ae6b",
                  "parentUUID": "d1426dea-be53-488d-8be4-9b5d72c4e447",
                  "isHook": false,
                  "skipped": true
                },
                {
                  "title": "should have proper contrast for text on /contact",
                  "fullTitle": "Accessibility Tests Accessibility on /contact should have proper contrast for text on /contact",
                  "timedOut": null,
                  "duration": 0,
                  "state": "skipped",
                  "speed": null,
                  "pass": false,
                  "fail": false,
                  "pending": false,
                  "context": null,
                  "code": "cy.get('body').should('have.css', 'color');\ncy.get('body').should('have.css', 'background-color');",
                  "err": {},
                  "uuid": "69dd6842-24a4-4a22-b314-e83a06c4fe85",
                  "parentUUID": "d1426dea-be53-488d-8be4-9b5d72c4e447",
                  "isHook": false,
                  "skipped": true
                }
              ],
              "suites": [],
              "passes": [],
              "failures": [
                "a2b475e3-0d94-4c0f-9db0-31755e546061"
              ],
              "pending": [],
              "skipped": [
                "bbe08683-ee59-418c-8f99-9fd278e098eb",
                "0eb4f6ab-9de8-4410-8799-e36938c31958",
                "4bf00bdd-efe9-4aba-ac38-0fa5c6b0ae6b",
                "69dd6842-24a4-4a22-b314-e83a06c4fe85"
              ],
              "duration": 152,
              "root": false,
              "rootEmpty": false,
              "_timeout": 2000
            }
          ],
          "passes": [],
          "failures": [],
          "pending": [],
          "skipped": [],
          "duration": 0,
          "root": false,
          "rootEmpty": false,
          "_timeout": 2000
        }
      ],
      "passes": [],
      "failures": [],
      "pending": [],
      "skipped": [],
      "duration": 0,
      "root": true,
      "rootEmpty": true,
      "_timeout": 2000
    }
  ],
  "meta": {
    "mocha": {
      "version": "7.2.0"
    },
    "mochawesome": {
      "options": {
        "quiet": false,
        "reportFilename": "mochawesome",
        "saveHtml": true,
        "saveJson": true,
        "consoleReporter": "spec",
        "useInlineDiffs": false,
        "code": true
      },
      "version": "7.1.4"
    },
    "marge": {
      "options": {
        "reportDir": "cypress/reports/mochawesome",
        "overwrite": false,
        "html": true,
        "json": true,
        "timestamp": "mmddyyyy_HHMMss",
        "charts": true,
        "reportPageTitle": "MESCKM College - Cypress Test Report",
        "embeddedScreenshots": true,
        "inlineAssets": true
      },
      "version": "6.3.2"
    }
  }
}