{
  "stats": {
    "suites": 21,
    "tests": 23,
    "passes": 1,
    "pending": 0,
    "failures": 22,
    "start": "2026-01-22T05:07:22.750Z",
    "end": "2026-01-22T05:07:54.774Z",
    "duration": 32024,
    "testsRegistered": 77,
    "passPercent": 1.2987012987012987,
    "pendingPercent": 0,
    "other": 0,
    "hasOther": false,
    "skipped": 54,
    "hasSkipped": true
  },
  "results": [
    {
      "uuid": "25ecc6bb-6fc8-4ac7-96f1-2766ae8f3479",
      "title": "",
      "fullFile": "cypress\\e2e\\04-links.cy.js",
      "file": "cypress\\e2e\\04-links.cy.js",
      "beforeHooks": [],
      "afterHooks": [],
      "tests": [],
      "suites": [
        {
          "uuid": "488de241-63eb-4ba7-a310-a59b98662bdf",
          "title": "All Links Validation Tests",
          "fullFile": "",
          "file": "",
          "beforeHooks": [],
          "afterHooks": [],
          "tests": [],
          "suites": [
            {
              "uuid": "36968041-1827-44b9-8a72-b8171c0cb8d2",
              "title": "Link tests for /",
              "fullFile": "",
              "file": "",
              "beforeHooks": [],
              "afterHooks": [],
              "tests": [
                {
                  "title": "should have valid href attributes for all links on /",
                  "fullTitle": "All Links Validation Tests Link tests for / should have valid href attributes for all links on /",
                  "timedOut": null,
                  "duration": 1350,
                  "state": "passed",
                  "speed": "fast",
                  "pass": true,
                  "fail": false,
                  "pending": false,
                  "context": null,
                  "code": "cy.get('a').each($link => {\n  cy.wrap($link).should('have.attr', 'href');\n});",
                  "err": {},
                  "uuid": "fedfd2b7-10f6-436a-8845-9a54fdb3a220",
                  "parentUUID": "36968041-1827-44b9-8a72-b8171c0cb8d2",
                  "isHook": false,
                  "skipped": false
                },
                {
                  "title": "should not have empty href attributes on /",
                  "fullTitle": "All Links Validation Tests Link tests for / should not have empty href attributes on /",
                  "timedOut": null,
                  "duration": 1006,
                  "state": "failed",
                  "speed": null,
                  "pass": false,
                  "fail": true,
                  "pending": false,
                  "context": null,
                  "code": "cy.get('a').each($link => {\n  const href = $link.attr('href');\n  expect(href).to.not.be.undefined;\n  expect(href).to.not.equal('');\n  expect(href).to.not.equal('#');\n});",
                  "err": {
                    "message": "AssertionError: expected '#' to not equal '#'",
                    "estack": "AssertionError: expected '#' to not equal '#'\n    at Context.eval (webpack://mes-college-website/./cypress/e2e/04-links.cy.js:41:30)\n    at Context.callback (http://localhost:5173/__cypress/runner/cypress_runner.js:122925:26)\n    at getRet (http://localhost:5173/__cypress/runner/cypress_runner.js:122690:20)\n    at tryCatcher (http://localhost:5173/__cypress/runner/cypress_runner.js:1777:23)\n    at Promise.attempt.Promise.try (http://localhost:5173/__cypress/runner/cypress_runner.js:4285:29)\n    at thenFn (http://localhost:5173/__cypress/runner/cypress_runner.js:122701:66)",
                    "diff": ""
                  },
                  "uuid": "fc5699b5-a25a-4d73-9390-f868f8903e56",
                  "parentUUID": "36968041-1827-44b9-8a72-b8171c0cb8d2",
                  "isHook": false,
                  "skipped": false
                },
                {
                  "title": "should have clickable internal links on /",
                  "fullTitle": "All Links Validation Tests Link tests for / should have clickable internal links on /",
                  "timedOut": null,
                  "duration": 10887,
                  "state": "failed",
                  "speed": null,
                  "pass": false,
                  "fail": true,
                  "pending": false,
                  "context": null,
                  "code": "cy.get('a').each($link => {\n  const href = $link.attr('href');\n  if (href && href.startsWith('/') && !href.includes('http')) {\n    cy.wrap($link).should('be.visible');\n  }\n});",
                  "err": {
                    "message": "AssertionError: Timed out retrying after 10000ms: expected '<a.block.px-4.py-2.text-xs.lg:text-sm.hover:bg-gray-100.hover:text-primary.transition-colors>' to be 'visible'\n\nThis element `<a.block.px-4.py-2.text-xs.lg:text-sm.hover:bg-gray-100.hover:text-primary.transition-colors>` is not visible because its parent `<div.absolute.hidden.group-hover:block.bg-white.shadow-lg.min-w-[180px].lg:min-w-[200px].z-20.border.border-gray-200>` has CSS property: `display: none`",
                    "estack": "AssertionError: Timed out retrying after 10000ms: expected '<a.block.px-4.py-2.text-xs.lg:text-sm.hover:bg-gray-100.hover:text-primary.transition-colors>' to be 'visible'\n\nThis element `<a.block.px-4.py-2.text-xs.lg:text-sm.hover:bg-gray-100.hover:text-primary.transition-colors>` is not visible because its parent `<div.absolute.hidden.group-hover:block.bg-white.shadow-lg.min-w-[180px].lg:min-w-[200px].z-20.border.border-gray-200>` has CSS property: `display: none`\n    at Context.eval (webpack://mes-college-website/./cypress/e2e/04-links.cy.js:49:27)\n    at Context.callback (http://localhost:5173/__cypress/runner/cypress_runner.js:122925:26)\n    at getRet (http://localhost:5173/__cypress/runner/cypress_runner.js:122690:20)\n    at tryCatcher (http://localhost:5173/__cypress/runner/cypress_runner.js:1777:23)\n    at Promise.attempt.Promise.try (http://localhost:5173/__cypress/runner/cypress_runner.js:4285:29)\n    at thenFn (http://localhost:5173/__cypress/runner/cypress_runner.js:122701:66)\n    at yieldItem (http://localhost:5173/__cypress/runner/cypress_runner.js:122933:16)\n    at tryCatcher (http://localhost:5173/__cypress/runner/cypress_runner.js:1777:23)\n    at Object.gotValue (http://localhost:5173/__cypress/runner/cypress_runner.js:6446:18)",
                    "diff": null
                  },
                  "uuid": "ff6bca15-2fab-4b90-beb2-64cb9a1d14d9",
                  "parentUUID": "36968041-1827-44b9-8a72-b8171c0cb8d2",
                  "isHook": false,
                  "skipped": false
                },
                {
                  "title": "should verify all navigation links work on /",
                  "fullTitle": "All Links Validation Tests Link tests for / should verify all navigation links work on /",
                  "timedOut": null,
                  "duration": 1265,
                  "state": "failed",
                  "speed": null,
                  "pass": false,
                  "fail": true,
                  "pending": false,
                  "context": null,
                  "code": "cy.get('nav a').each($link => {\n  const href = $link.attr('href');\n  if (href && href.startsWith('/')) {\n    cy.request({\n      url: href,\n      failOnStatusCode: false\n    }).then(response => {\n      expect(response.status).to.eq(200);\n    });\n  }\n});",
                  "err": {
                    "message": "AssertionError: expected 404 to equal 200",
                    "estack": "AssertionError: expected 404 to equal 200\n    at Context.eval (webpack://mes-college-website/./cypress/e2e/04-links.cy.js:62:41)\n    at getRet (http://localhost:5173/__cypress/runner/cypress_runner.js:122690:20)\n    at tryCatcher (http://localhost:5173/__cypress/runner/cypress_runner.js:1777:23)\n    at Promise.attempt.Promise.try (http://localhost:5173/__cypress/runner/cypress_runner.js:4285:29)\n    at Context.thenFn (http://localhost:5173/__cypress/runner/cypress_runner.js:122701:66)\n    at Context.then (http://localhost:5173/__cypress/runner/cypress_runner.js:122952:21)",
                    "diff": "- 404\n+ 200\n"
                  },
                  "uuid": "bfd2cdc2-ca08-43e9-aab2-b1b763d55bd5",
                  "parentUUID": "36968041-1827-44b9-8a72-b8171c0cb8d2",
                  "isHook": false,
                  "skipped": false
                }
              ],
              "suites": [],
              "passes": [
                "fedfd2b7-10f6-436a-8845-9a54fdb3a220"
              ],
              "failures": [
                "fc5699b5-a25a-4d73-9390-f868f8903e56",
                "ff6bca15-2fab-4b90-beb2-64cb9a1d14d9",
                "bfd2cdc2-ca08-43e9-aab2-b1b763d55bd5"
              ],
              "pending": [],
              "skipped": [],
              "duration": 14508,
              "root": false,
              "rootEmpty": false,
              "_timeout": 2000
            },
            {
              "uuid": "d35f1277-f412-4970-bb0f-6a25bcd54c81",
              "title": "Link tests for /about",
              "fullFile": "",
              "file": "",
              "beforeHooks": [],
              "afterHooks": [],
              "tests": [
                {
                  "title": "should have valid href attributes for all links on /about",
                  "fullTitle": "All Links Validation Tests Link tests for /about should have valid href attributes for all links on /about",
                  "timedOut": null,
                  "duration": 230,
                  "state": "failed",
                  "speed": null,
                  "pass": false,
                  "fail": true,
                  "pending": false,
                  "context": null,
                  "code": "cy.get('a').each($link => {\n  cy.wrap($link).should('have.attr', 'href');\n});",
                  "err": {
                    "message": "CypressError: `cy.visit()` failed trying to load:\n\nhttp://localhost:5173/about\n\nThe response we received from your web server was:\n\n  > 404: Not Found\n\nThis was considered a failure because the status code was not `2xx`.\n\nIf you do not want status codes to cause failures pass the option: `failOnStatusCode: false`\n\nBecause this error occurred during a `before each` hook we are skipping the remaining tests in the current suite: `Link tests for /about`",
                    "estack": "CypressError: `cy.visit()` failed trying to load:\n\nhttp://localhost:5173/about\n\nThe response we received from your web server was:\n\n  > 404: Not Found\n\nThis was considered a failure because the status code was not `2xx`.\n\nIf you do not want status codes to cause failures pass the option: `failOnStatusCode: false`\n\nBecause this error occurred during a `before each` hook we are skipping the remaining tests in the current suite: `Link tests for /about`\n    at <unknown> (http://localhost:5173/__cypress/runner/cypress_runner.js:134864:76)\n    at visitFailedByErr (http://localhost:5173/__cypress/runner/cypress_runner.js:134454:12)\n    at <unknown> (http://localhost:5173/__cypress/runner/cypress_runner.js:134847:13)\n    at tryCatcher (http://localhost:5173/__cypress/runner/cypress_runner.js:1777:23)\n    at Promise._settlePromiseFromHandler (http://localhost:5173/__cypress/runner/cypress_runner.js:1489:31)\n    at Promise._settlePromise (http://localhost:5173/__cypress/runner/cypress_runner.js:1546:18)\n    at Promise._settlePromise0 (http://localhost:5173/__cypress/runner/cypress_runner.js:1591:10)\n    at Promise._settlePromises (http://localhost:5173/__cypress/runner/cypress_runner.js:1667:18)\n    at _drainQueueStep (http://localhost:5173/__cypress/runner/cypress_runner.js:2377:12)\n    at _drainQueue (http://localhost:5173/__cypress/runner/cypress_runner.js:2370:9)\n    at Async._drainQueues (http://localhost:5173/__cypress/runner/cypress_runner.js:2386:5)\n    at Async.drainQueues (http://localhost:5173/__cypress/runner/cypress_runner.js:2256:14)\nFrom Your Spec Code:\n    at Context.eval (webpack://mes-college-website/./cypress/e2e/04-links.cy.js:27:11)",
                    "diff": null
                  },
                  "uuid": "7c57f3f4-7434-4f4c-bfb0-fe94c5d09c3c",
                  "parentUUID": "d35f1277-f412-4970-bb0f-6a25bcd54c81",
                  "isHook": false,
                  "skipped": false
                },
                {
                  "title": "should not have empty href attributes on /about",
                  "fullTitle": "All Links Validation Tests Link tests for /about should not have empty href attributes on /about",
                  "timedOut": null,
                  "duration": 0,
                  "state": "skipped",
                  "speed": null,
                  "pass": false,
                  "fail": false,
                  "pending": false,
                  "context": null,
                  "code": "cy.get('a').each($link => {\n  const href = $link.attr('href');\n  expect(href).to.not.be.undefined;\n  expect(href).to.not.equal('');\n  expect(href).to.not.equal('#');\n});",
                  "err": {},
                  "uuid": "a45f416d-1977-4a12-9346-410fa57f1ac3",
                  "parentUUID": "d35f1277-f412-4970-bb0f-6a25bcd54c81",
                  "isHook": false,
                  "skipped": true
                },
                {
                  "title": "should have clickable internal links on /about",
                  "fullTitle": "All Links Validation Tests Link tests for /about should have clickable internal links on /about",
                  "timedOut": null,
                  "duration": 0,
                  "state": "skipped",
                  "speed": null,
                  "pass": false,
                  "fail": false,
                  "pending": false,
                  "context": null,
                  "code": "cy.get('a').each($link => {\n  const href = $link.attr('href');\n  if (href && href.startsWith('/') && !href.includes('http')) {\n    cy.wrap($link).should('be.visible');\n  }\n});",
                  "err": {},
                  "uuid": "ff85b9e1-5bd3-4e45-925f-b4a9c15e6deb",
                  "parentUUID": "d35f1277-f412-4970-bb0f-6a25bcd54c81",
                  "isHook": false,
                  "skipped": true
                },
                {
                  "title": "should verify all navigation links work on /about",
                  "fullTitle": "All Links Validation Tests Link tests for /about should verify all navigation links work on /about",
                  "timedOut": null,
                  "duration": 0,
                  "state": "skipped",
                  "speed": null,
                  "pass": false,
                  "fail": false,
                  "pending": false,
                  "context": null,
                  "code": "cy.get('nav a').each($link => {\n  const href = $link.attr('href');\n  if (href && href.startsWith('/')) {\n    cy.request({\n      url: href,\n      failOnStatusCode: false\n    }).then(response => {\n      expect(response.status).to.eq(200);\n    });\n  }\n});",
                  "err": {},
                  "uuid": "f2f09afa-6d73-4608-8e1a-36b22281b5e1",
                  "parentUUID": "d35f1277-f412-4970-bb0f-6a25bcd54c81",
                  "isHook": false,
                  "skipped": true
                }
              ],
              "suites": [],
              "passes": [],
              "failures": [
                "7c57f3f4-7434-4f4c-bfb0-fe94c5d09c3c"
              ],
              "pending": [],
              "skipped": [
                "a45f416d-1977-4a12-9346-410fa57f1ac3",
                "ff85b9e1-5bd3-4e45-925f-b4a9c15e6deb",
                "f2f09afa-6d73-4608-8e1a-36b22281b5e1"
              ],
              "duration": 230,
              "root": false,
              "rootEmpty": false,
              "_timeout": 2000
            },
            {
              "uuid": "ab3d766f-0b94-4ae0-8e33-32d62000150c",
              "title": "Link tests for /donor",
              "fullFile": "",
              "file": "",
              "beforeHooks": [],
              "afterHooks": [],
              "tests": [
                {
                  "title": "should have valid href attributes for all links on /donor",
                  "fullTitle": "All Links Validation Tests Link tests for /donor should have valid href attributes for all links on /donor",
                  "timedOut": null,
                  "duration": 193,
                  "state": "failed",
                  "speed": null,
                  "pass": false,
                  "fail": true,
                  "pending": false,
                  "context": null,
                  "code": "cy.get('a').each($link => {\n  cy.wrap($link).should('have.attr', 'href');\n});",
                  "err": {
                    "message": "CypressError: `cy.visit()` failed trying to load:\n\nhttp://localhost:5173/donor\n\nThe response we received from your web server was:\n\n  > 404: Not Found\n\nThis was considered a failure because the status code was not `2xx`.\n\nIf you do not want status codes to cause failures pass the option: `failOnStatusCode: false`\n\nBecause this error occurred during a `before each` hook we are skipping the remaining tests in the current suite: `Link tests for /donor`",
                    "estack": "CypressError: `cy.visit()` failed trying to load:\n\nhttp://localhost:5173/donor\n\nThe response we received from your web server was:\n\n  > 404: Not Found\n\nThis was considered a failure because the status code was not `2xx`.\n\nIf you do not want status codes to cause failures pass the option: `failOnStatusCode: false`\n\nBecause this error occurred during a `before each` hook we are skipping the remaining tests in the current suite: `Link tests for /donor`\n    at <unknown> (http://localhost:5173/__cypress/runner/cypress_runner.js:134864:76)\n    at visitFailedByErr (http://localhost:5173/__cypress/runner/cypress_runner.js:134454:12)\n    at <unknown> (http://localhost:5173/__cypress/runner/cypress_runner.js:134847:13)\n    at tryCatcher (http://localhost:5173/__cypress/runner/cypress_runner.js:1777:23)\n    at Promise._settlePromiseFromHandler (http://localhost:5173/__cypress/runner/cypress_runner.js:1489:31)\n    at Promise._settlePromise (http://localhost:5173/__cypress/runner/cypress_runner.js:1546:18)\n    at Promise._settlePromise0 (http://localhost:5173/__cypress/runner/cypress_runner.js:1591:10)\n    at Promise._settlePromises (http://localhost:5173/__cypress/runner/cypress_runner.js:1667:18)\n    at _drainQueueStep (http://localhost:5173/__cypress/runner/cypress_runner.js:2377:12)\n    at _drainQueue (http://localhost:5173/__cypress/runner/cypress_runner.js:2370:9)\n    at Async._drainQueues (http://localhost:5173/__cypress/runner/cypress_runner.js:2386:5)\n    at Async.drainQueues (http://localhost:5173/__cypress/runner/cypress_runner.js:2256:14)\nFrom Your Spec Code:\n    at Context.eval (webpack://mes-college-website/./cypress/e2e/04-links.cy.js:27:11)",
                    "diff": null
                  },
                  "uuid": "d094da9d-97c8-45ec-9aaa-95077caaaf7d",
                  "parentUUID": "ab3d766f-0b94-4ae0-8e33-32d62000150c",
                  "isHook": false,
                  "skipped": false
                },
                {
                  "title": "should not have empty href attributes on /donor",
                  "fullTitle": "All Links Validation Tests Link tests for /donor should not have empty href attributes on /donor",
                  "timedOut": null,
                  "duration": 0,
                  "state": "skipped",
                  "speed": null,
                  "pass": false,
                  "fail": false,
                  "pending": false,
                  "context": null,
                  "code": "cy.get('a').each($link => {\n  const href = $link.attr('href');\n  expect(href).to.not.be.undefined;\n  expect(href).to.not.equal('');\n  expect(href).to.not.equal('#');\n});",
                  "err": {},
                  "uuid": "f4c7a1ff-5392-4022-bbb8-b3fce9d2134c",
                  "parentUUID": "ab3d766f-0b94-4ae0-8e33-32d62000150c",
                  "isHook": false,
                  "skipped": true
                },
                {
                  "title": "should have clickable internal links on /donor",
                  "fullTitle": "All Links Validation Tests Link tests for /donor should have clickable internal links on /donor",
                  "timedOut": null,
                  "duration": 0,
                  "state": "skipped",
                  "speed": null,
                  "pass": false,
                  "fail": false,
                  "pending": false,
                  "context": null,
                  "code": "cy.get('a').each($link => {\n  const href = $link.attr('href');\n  if (href && href.startsWith('/') && !href.includes('http')) {\n    cy.wrap($link).should('be.visible');\n  }\n});",
                  "err": {},
                  "uuid": "e9a46082-3df7-44b7-833a-70a1b0b33d94",
                  "parentUUID": "ab3d766f-0b94-4ae0-8e33-32d62000150c",
                  "isHook": false,
                  "skipped": true
                },
                {
                  "title": "should verify all navigation links work on /donor",
                  "fullTitle": "All Links Validation Tests Link tests for /donor should verify all navigation links work on /donor",
                  "timedOut": null,
                  "duration": 0,
                  "state": "skipped",
                  "speed": null,
                  "pass": false,
                  "fail": false,
                  "pending": false,
                  "context": null,
                  "code": "cy.get('nav a').each($link => {\n  const href = $link.attr('href');\n  if (href && href.startsWith('/')) {\n    cy.request({\n      url: href,\n      failOnStatusCode: false\n    }).then(response => {\n      expect(response.status).to.eq(200);\n    });\n  }\n});",
                  "err": {},
                  "uuid": "f02f8b24-da31-48d5-9954-2dca98f1789b",
                  "parentUUID": "ab3d766f-0b94-4ae0-8e33-32d62000150c",
                  "isHook": false,
                  "skipped": true
                }
              ],
              "suites": [],
              "passes": [],
              "failures": [
                "d094da9d-97c8-45ec-9aaa-95077caaaf7d"
              ],
              "pending": [],
              "skipped": [
                "f4c7a1ff-5392-4022-bbb8-b3fce9d2134c",
                "e9a46082-3df7-44b7-833a-70a1b0b33d94",
                "f02f8b24-da31-48d5-9954-2dca98f1789b"
              ],
              "duration": 193,
              "root": false,
              "rootEmpty": false,
              "_timeout": 2000
            },
            {
              "uuid": "ba473ca1-a8a1-4701-b43a-cb5c7211ee66",
              "title": "Link tests for /course-regulations",
              "fullFile": "",
              "file": "",
              "beforeHooks": [],
              "afterHooks": [],
              "tests": [
                {
                  "title": "should have valid href attributes for all links on /course-regulations",
                  "fullTitle": "All Links Validation Tests Link tests for /course-regulations should have valid href attributes for all links on /course-regulations",
                  "timedOut": null,
                  "duration": 251,
                  "state": "failed",
                  "speed": null,
                  "pass": false,
                  "fail": true,
                  "pending": false,
                  "context": null,
                  "code": "cy.get('a').each($link => {\n  cy.wrap($link).should('have.attr', 'href');\n});",
                  "err": {
                    "message": "CypressError: `cy.visit()` failed trying to load:\n\nhttp://localhost:5173/course-regulations\n\nThe response we received from your web server was:\n\n  > 404: Not Found\n\nThis was considered a failure because the status code was not `2xx`.\n\nIf you do not want status codes to cause failures pass the option: `failOnStatusCode: false`\n\nBecause this error occurred during a `before each` hook we are skipping the remaining tests in the current suite: `Link tests for /course-regu...`",
                    "estack": "CypressError: `cy.visit()` failed trying to load:\n\nhttp://localhost:5173/course-regulations\n\nThe response we received from your web server was:\n\n  > 404: Not Found\n\nThis was considered a failure because the status code was not `2xx`.\n\nIf you do not want status codes to cause failures pass the option: `failOnStatusCode: false`\n\nBecause this error occurred during a `before each` hook we are skipping the remaining tests in the current suite: `Link tests for /course-regu...`\n    at <unknown> (http://localhost:5173/__cypress/runner/cypress_runner.js:134864:76)\n    at visitFailedByErr (http://localhost:5173/__cypress/runner/cypress_runner.js:134454:12)\n    at <unknown> (http://localhost:5173/__cypress/runner/cypress_runner.js:134847:13)\n    at tryCatcher (http://localhost:5173/__cypress/runner/cypress_runner.js:1777:23)\n    at Promise._settlePromiseFromHandler (http://localhost:5173/__cypress/runner/cypress_runner.js:1489:31)\n    at Promise._settlePromise (http://localhost:5173/__cypress/runner/cypress_runner.js:1546:18)\n    at Promise._settlePromise0 (http://localhost:5173/__cypress/runner/cypress_runner.js:1591:10)\n    at Promise._settlePromises (http://localhost:5173/__cypress/runner/cypress_runner.js:1667:18)\n    at _drainQueueStep (http://localhost:5173/__cypress/runner/cypress_runner.js:2377:12)\n    at _drainQueue (http://localhost:5173/__cypress/runner/cypress_runner.js:2370:9)\n    at Async._drainQueues (http://localhost:5173/__cypress/runner/cypress_runner.js:2386:5)\n    at Async.drainQueues (http://localhost:5173/__cypress/runner/cypress_runner.js:2256:14)\nFrom Your Spec Code:\n    at Context.eval (webpack://mes-college-website/./cypress/e2e/04-links.cy.js:27:11)",
                    "diff": null
                  },
                  "uuid": "022bf9ab-2ca3-4087-b66a-0b3124275976",
                  "parentUUID": "ba473ca1-a8a1-4701-b43a-cb5c7211ee66",
                  "isHook": false,
                  "skipped": false
                },
                {
                  "title": "should not have empty href attributes on /course-regulations",
                  "fullTitle": "All Links Validation Tests Link tests for /course-regulations should not have empty href attributes on /course-regulations",
                  "timedOut": null,
                  "duration": 0,
                  "state": "skipped",
                  "speed": null,
                  "pass": false,
                  "fail": false,
                  "pending": false,
                  "context": null,
                  "code": "cy.get('a').each($link => {\n  const href = $link.attr('href');\n  expect(href).to.not.be.undefined;\n  expect(href).to.not.equal('');\n  expect(href).to.not.equal('#');\n});",
                  "err": {},
                  "uuid": "068076ef-bdee-4852-80cd-0337350481a4",
                  "parentUUID": "ba473ca1-a8a1-4701-b43a-cb5c7211ee66",
                  "isHook": false,
                  "skipped": true
                },
                {
                  "title": "should have clickable internal links on /course-regulations",
                  "fullTitle": "All Links Validation Tests Link tests for /course-regulations should have clickable internal links on /course-regulations",
                  "timedOut": null,
                  "duration": 0,
                  "state": "skipped",
                  "speed": null,
                  "pass": false,
                  "fail": false,
                  "pending": false,
                  "context": null,
                  "code": "cy.get('a').each($link => {\n  const href = $link.attr('href');\n  if (href && href.startsWith('/') && !href.includes('http')) {\n    cy.wrap($link).should('be.visible');\n  }\n});",
                  "err": {},
                  "uuid": "c4a0160d-95ee-403b-ba6e-8a2c53fa7904",
                  "parentUUID": "ba473ca1-a8a1-4701-b43a-cb5c7211ee66",
                  "isHook": false,
                  "skipped": true
                },
                {
                  "title": "should verify all navigation links work on /course-regulations",
                  "fullTitle": "All Links Validation Tests Link tests for /course-regulations should verify all navigation links work on /course-regulations",
                  "timedOut": null,
                  "duration": 0,
                  "state": "skipped",
                  "speed": null,
                  "pass": false,
                  "fail": false,
                  "pending": false,
                  "context": null,
                  "code": "cy.get('nav a').each($link => {\n  const href = $link.attr('href');\n  if (href && href.startsWith('/')) {\n    cy.request({\n      url: href,\n      failOnStatusCode: false\n    }).then(response => {\n      expect(response.status).to.eq(200);\n    });\n  }\n});",
                  "err": {},
                  "uuid": "5e6cec03-eb87-47d8-a90f-9c3c1b40c098",
                  "parentUUID": "ba473ca1-a8a1-4701-b43a-cb5c7211ee66",
                  "isHook": false,
                  "skipped": true
                }
              ],
              "suites": [],
              "passes": [],
              "failures": [
                "022bf9ab-2ca3-4087-b66a-0b3124275976"
              ],
              "pending": [],
              "skipped": [
                "068076ef-bdee-4852-80cd-0337350481a4",
                "c4a0160d-95ee-403b-ba6e-8a2c53fa7904",
                "5e6cec03-eb87-47d8-a90f-9c3c1b40c098"
              ],
              "duration": 251,
              "root": false,
              "rootEmpty": false,
              "_timeout": 2000
            },
            {
              "uuid": "c333c209-0792-4867-98d5-ac757784c627",
              "title": "Link tests for /facilities",
              "fullFile": "",
              "file": "",
              "beforeHooks": [],
              "afterHooks": [],
              "tests": [
                {
                  "title": "should have valid href attributes for all links on /facilities",
                  "fullTitle": "All Links Validation Tests Link tests for /facilities should have valid href attributes for all links on /facilities",
                  "timedOut": null,
                  "duration": 213,
                  "state": "failed",
                  "speed": null,
                  "pass": false,
                  "fail": true,
                  "pending": false,
                  "context": null,
                  "code": "cy.get('a').each($link => {\n  cy.wrap($link).should('have.attr', 'href');\n});",
                  "err": {
                    "message": "CypressError: `cy.visit()` failed trying to load:\n\nhttp://localhost:5173/facilities\n\nThe response we received from your web server was:\n\n  > 404: Not Found\n\nThis was considered a failure because the status code was not `2xx`.\n\nIf you do not want status codes to cause failures pass the option: `failOnStatusCode: false`\n\nBecause this error occurred during a `before each` hook we are skipping the remaining tests in the current suite: `Link tests for /facilities`",
                    "estack": "CypressError: `cy.visit()` failed trying to load:\n\nhttp://localhost:5173/facilities\n\nThe response we received from your web server was:\n\n  > 404: Not Found\n\nThis was considered a failure because the status code was not `2xx`.\n\nIf you do not want status codes to cause failures pass the option: `failOnStatusCode: false`\n\nBecause this error occurred during a `before each` hook we are skipping the remaining tests in the current suite: `Link tests for /facilities`\n    at <unknown> (http://localhost:5173/__cypress/runner/cypress_runner.js:134864:76)\n    at visitFailedByErr (http://localhost:5173/__cypress/runner/cypress_runner.js:134454:12)\n    at <unknown> (http://localhost:5173/__cypress/runner/cypress_runner.js:134847:13)\n    at tryCatcher (http://localhost:5173/__cypress/runner/cypress_runner.js:1777:23)\n    at Promise._settlePromiseFromHandler (http://localhost:5173/__cypress/runner/cypress_runner.js:1489:31)\n    at Promise._settlePromise (http://localhost:5173/__cypress/runner/cypress_runner.js:1546:18)\n    at Promise._settlePromise0 (http://localhost:5173/__cypress/runner/cypress_runner.js:1591:10)\n    at Promise._settlePromises (http://localhost:5173/__cypress/runner/cypress_runner.js:1667:18)\n    at _drainQueueStep (http://localhost:5173/__cypress/runner/cypress_runner.js:2377:12)\n    at _drainQueue (http://localhost:5173/__cypress/runner/cypress_runner.js:2370:9)\n    at Async._drainQueues (http://localhost:5173/__cypress/runner/cypress_runner.js:2386:5)\n    at Async.drainQueues (http://localhost:5173/__cypress/runner/cypress_runner.js:2256:14)\nFrom Your Spec Code:\n    at Context.eval (webpack://mes-college-website/./cypress/e2e/04-links.cy.js:27:11)",
                    "diff": null
                  },
                  "uuid": "c3af50eb-422c-4131-919f-a9a25bd3a103",
                  "parentUUID": "c333c209-0792-4867-98d5-ac757784c627",
                  "isHook": false,
                  "skipped": false
                },
                {
                  "title": "should not have empty href attributes on /facilities",
                  "fullTitle": "All Links Validation Tests Link tests for /facilities should not have empty href attributes on /facilities",
                  "timedOut": null,
                  "duration": 0,
                  "state": "skipped",
                  "speed": null,
                  "pass": false,
                  "fail": false,
                  "pending": false,
                  "context": null,
                  "code": "cy.get('a').each($link => {\n  const href = $link.attr('href');\n  expect(href).to.not.be.undefined;\n  expect(href).to.not.equal('');\n  expect(href).to.not.equal('#');\n});",
                  "err": {},
                  "uuid": "a8ff73d1-1e7f-4b63-95b1-d900c036ebee",
                  "parentUUID": "c333c209-0792-4867-98d5-ac757784c627",
                  "isHook": false,
                  "skipped": true
                },
                {
                  "title": "should have clickable internal links on /facilities",
                  "fullTitle": "All Links Validation Tests Link tests for /facilities should have clickable internal links on /facilities",
                  "timedOut": null,
                  "duration": 0,
                  "state": "skipped",
                  "speed": null,
                  "pass": false,
                  "fail": false,
                  "pending": false,
                  "context": null,
                  "code": "cy.get('a').each($link => {\n  const href = $link.attr('href');\n  if (href && href.startsWith('/') && !href.includes('http')) {\n    cy.wrap($link).should('be.visible');\n  }\n});",
                  "err": {},
                  "uuid": "c4c65db6-ae02-4bb4-966f-bbb749faf0b8",
                  "parentUUID": "c333c209-0792-4867-98d5-ac757784c627",
                  "isHook": false,
                  "skipped": true
                },
                {
                  "title": "should verify all navigation links work on /facilities",
                  "fullTitle": "All Links Validation Tests Link tests for /facilities should verify all navigation links work on /facilities",
                  "timedOut": null,
                  "duration": 0,
                  "state": "skipped",
                  "speed": null,
                  "pass": false,
                  "fail": false,
                  "pending": false,
                  "context": null,
                  "code": "cy.get('nav a').each($link => {\n  const href = $link.attr('href');\n  if (href && href.startsWith('/')) {\n    cy.request({\n      url: href,\n      failOnStatusCode: false\n    }).then(response => {\n      expect(response.status).to.eq(200);\n    });\n  }\n});",
                  "err": {},
                  "uuid": "26920e7f-afea-41ef-9d20-f7b23d120b0e",
                  "parentUUID": "c333c209-0792-4867-98d5-ac757784c627",
                  "isHook": false,
                  "skipped": true
                }
              ],
              "suites": [],
              "passes": [],
              "failures": [
                "c3af50eb-422c-4131-919f-a9a25bd3a103"
              ],
              "pending": [],
              "skipped": [
                "a8ff73d1-1e7f-4b63-95b1-d900c036ebee",
                "c4c65db6-ae02-4bb4-966f-bbb749faf0b8",
                "26920e7f-afea-41ef-9d20-f7b23d120b0e"
              ],
              "duration": 213,
              "root": false,
              "rootEmpty": false,
              "_timeout": 2000
            },
            {
              "uuid": "4e49287f-4403-4b73-9661-c5ec6841f7e0",
              "title": "Link tests for /library",
              "fullFile": "",
              "file": "",
              "beforeHooks": [],
              "afterHooks": [],
              "tests": [
                {
                  "title": "should have valid href attributes for all links on /library",
                  "fullTitle": "All Links Validation Tests Link tests for /library should have valid href attributes for all links on /library",
                  "timedOut": null,
                  "duration": 239,
                  "state": "failed",
                  "speed": null,
                  "pass": false,
                  "fail": true,
                  "pending": false,
                  "context": null,
                  "code": "cy.get('a').each($link => {\n  cy.wrap($link).should('have.attr', 'href');\n});",
                  "err": {
                    "message": "CypressError: `cy.visit()` failed trying to load:\n\nhttp://localhost:5173/library\n\nThe response we received from your web server was:\n\n  > 404: Not Found\n\nThis was considered a failure because the status code was not `2xx`.\n\nIf you do not want status codes to cause failures pass the option: `failOnStatusCode: false`\n\nBecause this error occurred during a `before each` hook we are skipping the remaining tests in the current suite: `Link tests for /library`",
                    "estack": "CypressError: `cy.visit()` failed trying to load:\n\nhttp://localhost:5173/library\n\nThe response we received from your web server was:\n\n  > 404: Not Found\n\nThis was considered a failure because the status code was not `2xx`.\n\nIf you do not want status codes to cause failures pass the option: `failOnStatusCode: false`\n\nBecause this error occurred during a `before each` hook we are skipping the remaining tests in the current suite: `Link tests for /library`\n    at <unknown> (http://localhost:5173/__cypress/runner/cypress_runner.js:134864:76)\n    at visitFailedByErr (http://localhost:5173/__cypress/runner/cypress_runner.js:134454:12)\n    at <unknown> (http://localhost:5173/__cypress/runner/cypress_runner.js:134847:13)\n    at tryCatcher (http://localhost:5173/__cypress/runner/cypress_runner.js:1777:23)\n    at Promise._settlePromiseFromHandler (http://localhost:5173/__cypress/runner/cypress_runner.js:1489:31)\n    at Promise._settlePromise (http://localhost:5173/__cypress/runner/cypress_runner.js:1546:18)\n    at Promise._settlePromise0 (http://localhost:5173/__cypress/runner/cypress_runner.js:1591:10)\n    at Promise._settlePromises (http://localhost:5173/__cypress/runner/cypress_runner.js:1667:18)\n    at _drainQueueStep (http://localhost:5173/__cypress/runner/cypress_runner.js:2377:12)\n    at _drainQueue (http://localhost:5173/__cypress/runner/cypress_runner.js:2370:9)\n    at Async._drainQueues (http://localhost:5173/__cypress/runner/cypress_runner.js:2386:5)\n    at Async.drainQueues (http://localhost:5173/__cypress/runner/cypress_runner.js:2256:14)\nFrom Your Spec Code:\n    at Context.eval (webpack://mes-college-website/./cypress/e2e/04-links.cy.js:27:11)",
                    "diff": null
                  },
                  "uuid": "1b1b6850-cb0e-4a7e-af78-22d89bf56a89",
                  "parentUUID": "4e49287f-4403-4b73-9661-c5ec6841f7e0",
                  "isHook": false,
                  "skipped": false
                },
                {
                  "title": "should not have empty href attributes on /library",
                  "fullTitle": "All Links Validation Tests Link tests for /library should not have empty href attributes on /library",
                  "timedOut": null,
                  "duration": 0,
                  "state": "skipped",
                  "speed": null,
                  "pass": false,
                  "fail": false,
                  "pending": false,
                  "context": null,
                  "code": "cy.get('a').each($link => {\n  const href = $link.attr('href');\n  expect(href).to.not.be.undefined;\n  expect(href).to.not.equal('');\n  expect(href).to.not.equal('#');\n});",
                  "err": {},
                  "uuid": "9fd73aa2-4091-4d7a-b894-4085bbcd32f9",
                  "parentUUID": "4e49287f-4403-4b73-9661-c5ec6841f7e0",
                  "isHook": false,
                  "skipped": true
                },
                {
                  "title": "should have clickable internal links on /library",
                  "fullTitle": "All Links Validation Tests Link tests for /library should have clickable internal links on /library",
                  "timedOut": null,
                  "duration": 0,
                  "state": "skipped",
                  "speed": null,
                  "pass": false,
                  "fail": false,
                  "pending": false,
                  "context": null,
                  "code": "cy.get('a').each($link => {\n  const href = $link.attr('href');\n  if (href && href.startsWith('/') && !href.includes('http')) {\n    cy.wrap($link).should('be.visible');\n  }\n});",
                  "err": {},
                  "uuid": "603ba4c0-8d9d-4ba5-abaa-0a5805772582",
                  "parentUUID": "4e49287f-4403-4b73-9661-c5ec6841f7e0",
                  "isHook": false,
                  "skipped": true
                },
                {
                  "title": "should verify all navigation links work on /library",
                  "fullTitle": "All Links Validation Tests Link tests for /library should verify all navigation links work on /library",
                  "timedOut": null,
                  "duration": 0,
                  "state": "skipped",
                  "speed": null,
                  "pass": false,
                  "fail": false,
                  "pending": false,
                  "context": null,
                  "code": "cy.get('nav a').each($link => {\n  const href = $link.attr('href');\n  if (href && href.startsWith('/')) {\n    cy.request({\n      url: href,\n      failOnStatusCode: false\n    }).then(response => {\n      expect(response.status).to.eq(200);\n    });\n  }\n});",
                  "err": {},
                  "uuid": "dcea9f2d-db48-4c45-8447-166cd24bce71",
                  "parentUUID": "4e49287f-4403-4b73-9661-c5ec6841f7e0",
                  "isHook": false,
                  "skipped": true
                }
              ],
              "suites": [],
              "passes": [],
              "failures": [
                "1b1b6850-cb0e-4a7e-af78-22d89bf56a89"
              ],
              "pending": [],
              "skipped": [
                "9fd73aa2-4091-4d7a-b894-4085bbcd32f9",
                "603ba4c0-8d9d-4ba5-abaa-0a5805772582",
                "dcea9f2d-db48-4c45-8447-166cd24bce71"
              ],
              "duration": 239,
              "root": false,
              "rootEmpty": false,
              "_timeout": 2000
            },
            {
              "uuid": "0b6644e2-55b7-4c6b-99d1-fe130f5e460a",
              "title": "Link tests for /laboratories",
              "fullFile": "",
              "file": "",
              "beforeHooks": [],
              "afterHooks": [],
              "tests": [
                {
                  "title": "should have valid href attributes for all links on /laboratories",
                  "fullTitle": "All Links Validation Tests Link tests for /laboratories should have valid href attributes for all links on /laboratories",
                  "timedOut": null,
                  "duration": 222,
                  "state": "failed",
                  "speed": null,
                  "pass": false,
                  "fail": true,
                  "pending": false,
                  "context": null,
                  "code": "cy.get('a').each($link => {\n  cy.wrap($link).should('have.attr', 'href');\n});",
                  "err": {
                    "message": "CypressError: `cy.visit()` failed trying to load:\n\nhttp://localhost:5173/laboratories\n\nThe response we received from your web server was:\n\n  > 404: Not Found\n\nThis was considered a failure because the status code was not `2xx`.\n\nIf you do not want status codes to cause failures pass the option: `failOnStatusCode: false`\n\nBecause this error occurred during a `before each` hook we are skipping the remaining tests in the current suite: `Link tests for /laboratories`",
                    "estack": "CypressError: `cy.visit()` failed trying to load:\n\nhttp://localhost:5173/laboratories\n\nThe response we received from your web server was:\n\n  > 404: Not Found\n\nThis was considered a failure because the status code was not `2xx`.\n\nIf you do not want status codes to cause failures pass the option: `failOnStatusCode: false`\n\nBecause this error occurred during a `before each` hook we are skipping the remaining tests in the current suite: `Link tests for /laboratories`\n    at <unknown> (http://localhost:5173/__cypress/runner/cypress_runner.js:134864:76)\n    at visitFailedByErr (http://localhost:5173/__cypress/runner/cypress_runner.js:134454:12)\n    at <unknown> (http://localhost:5173/__cypress/runner/cypress_runner.js:134847:13)\n    at tryCatcher (http://localhost:5173/__cypress/runner/cypress_runner.js:1777:23)\n    at Promise._settlePromiseFromHandler (http://localhost:5173/__cypress/runner/cypress_runner.js:1489:31)\n    at Promise._settlePromise (http://localhost:5173/__cypress/runner/cypress_runner.js:1546:18)\n    at Promise._settlePromise0 (http://localhost:5173/__cypress/runner/cypress_runner.js:1591:10)\n    at Promise._settlePromises (http://localhost:5173/__cypress/runner/cypress_runner.js:1667:18)\n    at _drainQueueStep (http://localhost:5173/__cypress/runner/cypress_runner.js:2377:12)\n    at _drainQueue (http://localhost:5173/__cypress/runner/cypress_runner.js:2370:9)\n    at Async._drainQueues (http://localhost:5173/__cypress/runner/cypress_runner.js:2386:5)\n    at Async.drainQueues (http://localhost:5173/__cypress/runner/cypress_runner.js:2256:14)\nFrom Your Spec Code:\n    at Context.eval (webpack://mes-college-website/./cypress/e2e/04-links.cy.js:27:11)",
                    "diff": null
                  },
                  "uuid": "14a9d7e1-50ba-453b-a381-b959a342f06b",
                  "parentUUID": "0b6644e2-55b7-4c6b-99d1-fe130f5e460a",
                  "isHook": false,
                  "skipped": false
                },
                {
                  "title": "should not have empty href attributes on /laboratories",
                  "fullTitle": "All Links Validation Tests Link tests for /laboratories should not have empty href attributes on /laboratories",
                  "timedOut": null,
                  "duration": 0,
                  "state": "skipped",
                  "speed": null,
                  "pass": false,
                  "fail": false,
                  "pending": false,
                  "context": null,
                  "code": "cy.get('a').each($link => {\n  const href = $link.attr('href');\n  expect(href).to.not.be.undefined;\n  expect(href).to.not.equal('');\n  expect(href).to.not.equal('#');\n});",
                  "err": {},
                  "uuid": "59c34141-b27c-4f21-b25c-4f588a53a792",
                  "parentUUID": "0b6644e2-55b7-4c6b-99d1-fe130f5e460a",
                  "isHook": false,
                  "skipped": true
                },
                {
                  "title": "should have clickable internal links on /laboratories",
                  "fullTitle": "All Links Validation Tests Link tests for /laboratories should have clickable internal links on /laboratories",
                  "timedOut": null,
                  "duration": 0,
                  "state": "skipped",
                  "speed": null,
                  "pass": false,
                  "fail": false,
                  "pending": false,
                  "context": null,
                  "code": "cy.get('a').each($link => {\n  const href = $link.attr('href');\n  if (href && href.startsWith('/') && !href.includes('http')) {\n    cy.wrap($link).should('be.visible');\n  }\n});",
                  "err": {},
                  "uuid": "fbc32785-31df-4016-81ec-6567b9b33ec0",
                  "parentUUID": "0b6644e2-55b7-4c6b-99d1-fe130f5e460a",
                  "isHook": false,
                  "skipped": true
                },
                {
                  "title": "should verify all navigation links work on /laboratories",
                  "fullTitle": "All Links Validation Tests Link tests for /laboratories should verify all navigation links work on /laboratories",
                  "timedOut": null,
                  "duration": 0,
                  "state": "skipped",
                  "speed": null,
                  "pass": false,
                  "fail": false,
                  "pending": false,
                  "context": null,
                  "code": "cy.get('nav a').each($link => {\n  const href = $link.attr('href');\n  if (href && href.startsWith('/')) {\n    cy.request({\n      url: href,\n      failOnStatusCode: false\n    }).then(response => {\n      expect(response.status).to.eq(200);\n    });\n  }\n});",
                  "err": {},
                  "uuid": "c3b5a275-f694-44bd-a02f-67b5ee979723",
                  "parentUUID": "0b6644e2-55b7-4c6b-99d1-fe130f5e460a",
                  "isHook": false,
                  "skipped": true
                }
              ],
              "suites": [],
              "passes": [],
              "failures": [
                "14a9d7e1-50ba-453b-a381-b959a342f06b"
              ],
              "pending": [],
              "skipped": [
                "59c34141-b27c-4f21-b25c-4f588a53a792",
                "fbc32785-31df-4016-81ec-6567b9b33ec0",
                "c3b5a275-f694-44bd-a02f-67b5ee979723"
              ],
              "duration": 222,
              "root": false,
              "rootEmpty": false,
              "_timeout": 2000
            },
            {
              "uuid": "ab70986d-ceaa-46e4-921f-395619292ba1",
              "title": "Link tests for /faculty",
              "fullFile": "",
              "file": "",
              "beforeHooks": [],
              "afterHooks": [],
              "tests": [
                {
                  "title": "should have valid href attributes for all links on /faculty",
                  "fullTitle": "All Links Validation Tests Link tests for /faculty should have valid href attributes for all links on /faculty",
                  "timedOut": null,
                  "duration": 260,
                  "state": "failed",
                  "speed": null,
                  "pass": false,
                  "fail": true,
                  "pending": false,
                  "context": null,
                  "code": "cy.get('a').each($link => {\n  cy.wrap($link).should('have.attr', 'href');\n});",
                  "err": {
                    "message": "CypressError: `cy.visit()` failed trying to load:\n\nhttp://localhost:5173/faculty\n\nThe response we received from your web server was:\n\n  > 404: Not Found\n\nThis was considered a failure because the status code was not `2xx`.\n\nIf you do not want status codes to cause failures pass the option: `failOnStatusCode: false`\n\nBecause this error occurred during a `before each` hook we are skipping the remaining tests in the current suite: `Link tests for /faculty`",
                    "estack": "CypressError: `cy.visit()` failed trying to load:\n\nhttp://localhost:5173/faculty\n\nThe response we received from your web server was:\n\n  > 404: Not Found\n\nThis was considered a failure because the status code was not `2xx`.\n\nIf you do not want status codes to cause failures pass the option: `failOnStatusCode: false`\n\nBecause this error occurred during a `before each` hook we are skipping the remaining tests in the current suite: `Link tests for /faculty`\n    at <unknown> (http://localhost:5173/__cypress/runner/cypress_runner.js:134864:76)\n    at visitFailedByErr (http://localhost:5173/__cypress/runner/cypress_runner.js:134454:12)\n    at <unknown> (http://localhost:5173/__cypress/runner/cypress_runner.js:134847:13)\n    at tryCatcher (http://localhost:5173/__cypress/runner/cypress_runner.js:1777:23)\n    at Promise._settlePromiseFromHandler (http://localhost:5173/__cypress/runner/cypress_runner.js:1489:31)\n    at Promise._settlePromise (http://localhost:5173/__cypress/runner/cypress_runner.js:1546:18)\n    at Promise._settlePromise0 (http://localhost:5173/__cypress/runner/cypress_runner.js:1591:10)\n    at Promise._settlePromises (http://localhost:5173/__cypress/runner/cypress_runner.js:1667:18)\n    at _drainQueueStep (http://localhost:5173/__cypress/runner/cypress_runner.js:2377:12)\n    at _drainQueue (http://localhost:5173/__cypress/runner/cypress_runner.js:2370:9)\n    at Async._drainQueues (http://localhost:5173/__cypress/runner/cypress_runner.js:2386:5)\n    at Async.drainQueues (http://localhost:5173/__cypress/runner/cypress_runner.js:2256:14)\nFrom Your Spec Code:\n    at Context.eval (webpack://mes-college-website/./cypress/e2e/04-links.cy.js:27:11)",
                    "diff": null
                  },
                  "uuid": "d5b95ab6-8ae8-466b-b4b9-894b8c05aab0",
                  "parentUUID": "ab70986d-ceaa-46e4-921f-395619292ba1",
                  "isHook": false,
                  "skipped": false
                },
                {
                  "title": "should not have empty href attributes on /faculty",
                  "fullTitle": "All Links Validation Tests Link tests for /faculty should not have empty href attributes on /faculty",
                  "timedOut": null,
                  "duration": 0,
                  "state": "skipped",
                  "speed": null,
                  "pass": false,
                  "fail": false,
                  "pending": false,
                  "context": null,
                  "code": "cy.get('a').each($link => {\n  const href = $link.attr('href');\n  expect(href).to.not.be.undefined;\n  expect(href).to.not.equal('');\n  expect(href).to.not.equal('#');\n});",
                  "err": {},
                  "uuid": "e6d220c2-f3b4-4309-a1b2-9df07137aad9",
                  "parentUUID": "ab70986d-ceaa-46e4-921f-395619292ba1",
                  "isHook": false,
                  "skipped": true
                },
                {
                  "title": "should have clickable internal links on /faculty",
                  "fullTitle": "All Links Validation Tests Link tests for /faculty should have clickable internal links on /faculty",
                  "timedOut": null,
                  "duration": 0,
                  "state": "skipped",
                  "speed": null,
                  "pass": false,
                  "fail": false,
                  "pending": false,
                  "context": null,
                  "code": "cy.get('a').each($link => {\n  const href = $link.attr('href');\n  if (href && href.startsWith('/') && !href.includes('http')) {\n    cy.wrap($link).should('be.visible');\n  }\n});",
                  "err": {},
                  "uuid": "da6e7a6e-5418-4b40-9b71-50f80ae427e1",
                  "parentUUID": "ab70986d-ceaa-46e4-921f-395619292ba1",
                  "isHook": false,
                  "skipped": true
                },
                {
                  "title": "should verify all navigation links work on /faculty",
                  "fullTitle": "All Links Validation Tests Link tests for /faculty should verify all navigation links work on /faculty",
                  "timedOut": null,
                  "duration": 0,
                  "state": "skipped",
                  "speed": null,
                  "pass": false,
                  "fail": false,
                  "pending": false,
                  "context": null,
                  "code": "cy.get('nav a').each($link => {\n  const href = $link.attr('href');\n  if (href && href.startsWith('/')) {\n    cy.request({\n      url: href,\n      failOnStatusCode: false\n    }).then(response => {\n      expect(response.status).to.eq(200);\n    });\n  }\n});",
                  "err": {},
                  "uuid": "46f88cc6-b8a0-40e5-9bfc-504c62741fc9",
                  "parentUUID": "ab70986d-ceaa-46e4-921f-395619292ba1",
                  "isHook": false,
                  "skipped": true
                }
              ],
              "suites": [],
              "passes": [],
              "failures": [
                "d5b95ab6-8ae8-466b-b4b9-894b8c05aab0"
              ],
              "pending": [],
              "skipped": [
                "e6d220c2-f3b4-4309-a1b2-9df07137aad9",
                "da6e7a6e-5418-4b40-9b71-50f80ae427e1",
                "46f88cc6-b8a0-40e5-9bfc-504c62741fc9"
              ],
              "duration": 260,
              "root": false,
              "rootEmpty": false,
              "_timeout": 2000
            },
            {
              "uuid": "f63c643c-5a26-4fc3-b8b6-f85c734dac66",
              "title": "Link tests for /non-teaching",
              "fullFile": "",
              "file": "",
              "beforeHooks": [],
              "afterHooks": [],
              "tests": [
                {
                  "title": "should have valid href attributes for all links on /non-teaching",
                  "fullTitle": "All Links Validation Tests Link tests for /non-teaching should have valid href attributes for all links on /non-teaching",
                  "timedOut": null,
                  "duration": 211,
                  "state": "failed",
                  "speed": null,
                  "pass": false,
                  "fail": true,
                  "pending": false,
                  "context": null,
                  "code": "cy.get('a').each($link => {\n  cy.wrap($link).should('have.attr', 'href');\n});",
                  "err": {
                    "message": "CypressError: `cy.visit()` failed trying to load:\n\nhttp://localhost:5173/non-teaching\n\nThe response we received from your web server was:\n\n  > 404: Not Found\n\nThis was considered a failure because the status code was not `2xx`.\n\nIf you do not want status codes to cause failures pass the option: `failOnStatusCode: false`\n\nBecause this error occurred during a `before each` hook we are skipping the remaining tests in the current suite: `Link tests for /non-teaching`",
                    "estack": "CypressError: `cy.visit()` failed trying to load:\n\nhttp://localhost:5173/non-teaching\n\nThe response we received from your web server was:\n\n  > 404: Not Found\n\nThis was considered a failure because the status code was not `2xx`.\n\nIf you do not want status codes to cause failures pass the option: `failOnStatusCode: false`\n\nBecause this error occurred during a `before each` hook we are skipping the remaining tests in the current suite: `Link tests for /non-teaching`\n    at <unknown> (http://localhost:5173/__cypress/runner/cypress_runner.js:134864:76)\n    at visitFailedByErr (http://localhost:5173/__cypress/runner/cypress_runner.js:134454:12)\n    at <unknown> (http://localhost:5173/__cypress/runner/cypress_runner.js:134847:13)\n    at tryCatcher (http://localhost:5173/__cypress/runner/cypress_runner.js:1777:23)\n    at Promise._settlePromiseFromHandler (http://localhost:5173/__cypress/runner/cypress_runner.js:1489:31)\n    at Promise._settlePromise (http://localhost:5173/__cypress/runner/cypress_runner.js:1546:18)\n    at Promise._settlePromise0 (http://localhost:5173/__cypress/runner/cypress_runner.js:1591:10)\n    at Promise._settlePromises (http://localhost:5173/__cypress/runner/cypress_runner.js:1667:18)\n    at _drainQueueStep (http://localhost:5173/__cypress/runner/cypress_runner.js:2377:12)\n    at _drainQueue (http://localhost:5173/__cypress/runner/cypress_runner.js:2370:9)\n    at Async._drainQueues (http://localhost:5173/__cypress/runner/cypress_runner.js:2386:5)\n    at Async.drainQueues (http://localhost:5173/__cypress/runner/cypress_runner.js:2256:14)\nFrom Your Spec Code:\n    at Context.eval (webpack://mes-college-website/./cypress/e2e/04-links.cy.js:27:11)",
                    "diff": null
                  },
                  "uuid": "4043abc9-fff8-40ba-a9af-b599102fc6a0",
                  "parentUUID": "f63c643c-5a26-4fc3-b8b6-f85c734dac66",
                  "isHook": false,
                  "skipped": false
                },
                {
                  "title": "should not have empty href attributes on /non-teaching",
                  "fullTitle": "All Links Validation Tests Link tests for /non-teaching should not have empty href attributes on /non-teaching",
                  "timedOut": null,
                  "duration": 0,
                  "state": "skipped",
                  "speed": null,
                  "pass": false,
                  "fail": false,
                  "pending": false,
                  "context": null,
                  "code": "cy.get('a').each($link => {\n  const href = $link.attr('href');\n  expect(href).to.not.be.undefined;\n  expect(href).to.not.equal('');\n  expect(href).to.not.equal('#');\n});",
                  "err": {},
                  "uuid": "0ac8fb04-7d62-408b-b9c4-cc27f74c0819",
                  "parentUUID": "f63c643c-5a26-4fc3-b8b6-f85c734dac66",
                  "isHook": false,
                  "skipped": true
                },
                {
                  "title": "should have clickable internal links on /non-teaching",
                  "fullTitle": "All Links Validation Tests Link tests for /non-teaching should have clickable internal links on /non-teaching",
                  "timedOut": null,
                  "duration": 0,
                  "state": "skipped",
                  "speed": null,
                  "pass": false,
                  "fail": false,
                  "pending": false,
                  "context": null,
                  "code": "cy.get('a').each($link => {\n  const href = $link.attr('href');\n  if (href && href.startsWith('/') && !href.includes('http')) {\n    cy.wrap($link).should('be.visible');\n  }\n});",
                  "err": {},
                  "uuid": "640c9ef1-fa61-4cd9-9c74-6c3ee4800c88",
                  "parentUUID": "f63c643c-5a26-4fc3-b8b6-f85c734dac66",
                  "isHook": false,
                  "skipped": true
                },
                {
                  "title": "should verify all navigation links work on /non-teaching",
                  "fullTitle": "All Links Validation Tests Link tests for /non-teaching should verify all navigation links work on /non-teaching",
                  "timedOut": null,
                  "duration": 0,
                  "state": "skipped",
                  "speed": null,
                  "pass": false,
                  "fail": false,
                  "pending": false,
                  "context": null,
                  "code": "cy.get('nav a').each($link => {\n  const href = $link.attr('href');\n  if (href && href.startsWith('/')) {\n    cy.request({\n      url: href,\n      failOnStatusCode: false\n    }).then(response => {\n      expect(response.status).to.eq(200);\n    });\n  }\n});",
                  "err": {},
                  "uuid": "3f1e051a-84f0-4880-9a42-e5b00a84ca16",
                  "parentUUID": "f63c643c-5a26-4fc3-b8b6-f85c734dac66",
                  "isHook": false,
                  "skipped": true
                }
              ],
              "suites": [],
              "passes": [],
              "failures": [
                "4043abc9-fff8-40ba-a9af-b599102fc6a0"
              ],
              "pending": [],
              "skipped": [
                "0ac8fb04-7d62-408b-b9c4-cc27f74c0819",
                "640c9ef1-fa61-4cd9-9c74-6c3ee4800c88",
                "3f1e051a-84f0-4880-9a42-e5b00a84ca16"
              ],
              "duration": 211,
              "root": false,
              "rootEmpty": false,
              "_timeout": 2000
            },
            {
              "uuid": "8f350da3-6c53-4ea3-8b4d-fdbae475f224",
              "title": "Link tests for /arts",
              "fullFile": "",
              "file": "",
              "beforeHooks": [],
              "afterHooks": [],
              "tests": [
                {
                  "title": "should have valid href attributes for all links on /arts",
                  "fullTitle": "All Links Validation Tests Link tests for /arts should have valid href attributes for all links on /arts",
                  "timedOut": null,
                  "duration": 240,
                  "state": "failed",
                  "speed": null,
                  "pass": false,
                  "fail": true,
                  "pending": false,
                  "context": null,
                  "code": "cy.get('a').each($link => {\n  cy.wrap($link).should('have.attr', 'href');\n});",
                  "err": {
                    "message": "CypressError: `cy.visit()` failed trying to load:\n\nhttp://localhost:5173/arts\n\nThe response we received from your web server was:\n\n  > 404: Not Found\n\nThis was considered a failure because the status code was not `2xx`.\n\nIf you do not want status codes to cause failures pass the option: `failOnStatusCode: false`\n\nBecause this error occurred during a `before each` hook we are skipping the remaining tests in the current suite: `Link tests for /arts`",
                    "estack": "CypressError: `cy.visit()` failed trying to load:\n\nhttp://localhost:5173/arts\n\nThe response we received from your web server was:\n\n  > 404: Not Found\n\nThis was considered a failure because the status code was not `2xx`.\n\nIf you do not want status codes to cause failures pass the option: `failOnStatusCode: false`\n\nBecause this error occurred during a `before each` hook we are skipping the remaining tests in the current suite: `Link tests for /arts`\n    at <unknown> (http://localhost:5173/__cypress/runner/cypress_runner.js:134864:76)\n    at visitFailedByErr (http://localhost:5173/__cypress/runner/cypress_runner.js:134454:12)\n    at <unknown> (http://localhost:5173/__cypress/runner/cypress_runner.js:134847:13)\n    at tryCatcher (http://localhost:5173/__cypress/runner/cypress_runner.js:1777:23)\n    at Promise._settlePromiseFromHandler (http://localhost:5173/__cypress/runner/cypress_runner.js:1489:31)\n    at Promise._settlePromise (http://localhost:5173/__cypress/runner/cypress_runner.js:1546:18)\n    at Promise._settlePromise0 (http://localhost:5173/__cypress/runner/cypress_runner.js:1591:10)\n    at Promise._settlePromises (http://localhost:5173/__cypress/runner/cypress_runner.js:1667:18)\n    at _drainQueueStep (http://localhost:5173/__cypress/runner/cypress_runner.js:2377:12)\n    at _drainQueue (http://localhost:5173/__cypress/runner/cypress_runner.js:2370:9)\n    at Async._drainQueues (http://localhost:5173/__cypress/runner/cypress_runner.js:2386:5)\n    at Async.drainQueues (http://localhost:5173/__cypress/runner/cypress_runner.js:2256:14)\nFrom Your Spec Code:\n    at Context.eval (webpack://mes-college-website/./cypress/e2e/04-links.cy.js:27:11)",
                    "diff": null
                  },
                  "uuid": "ed883db8-bd2c-4d8d-9179-aa76fd2502b3",
                  "parentUUID": "8f350da3-6c53-4ea3-8b4d-fdbae475f224",
                  "isHook": false,
                  "skipped": false
                },
                {
                  "title": "should not have empty href attributes on /arts",
                  "fullTitle": "All Links Validation Tests Link tests for /arts should not have empty href attributes on /arts",
                  "timedOut": null,
                  "duration": 0,
                  "state": "skipped",
                  "speed": null,
                  "pass": false,
                  "fail": false,
                  "pending": false,
                  "context": null,
                  "code": "cy.get('a').each($link => {\n  const href = $link.attr('href');\n  expect(href).to.not.be.undefined;\n  expect(href).to.not.equal('');\n  expect(href).to.not.equal('#');\n});",
                  "err": {},
                  "uuid": "7c462766-28e1-4f79-8727-5a493887092f",
                  "parentUUID": "8f350da3-6c53-4ea3-8b4d-fdbae475f224",
                  "isHook": false,
                  "skipped": true
                },
                {
                  "title": "should have clickable internal links on /arts",
                  "fullTitle": "All Links Validation Tests Link tests for /arts should have clickable internal links on /arts",
                  "timedOut": null,
                  "duration": 0,
                  "state": "skipped",
                  "speed": null,
                  "pass": false,
                  "fail": false,
                  "pending": false,
                  "context": null,
                  "code": "cy.get('a').each($link => {\n  const href = $link.attr('href');\n  if (href && href.startsWith('/') && !href.includes('http')) {\n    cy.wrap($link).should('be.visible');\n  }\n});",
                  "err": {},
                  "uuid": "530ace21-263c-4e5e-b9d0-8e48e5e68e27",
                  "parentUUID": "8f350da3-6c53-4ea3-8b4d-fdbae475f224",
                  "isHook": false,
                  "skipped": true
                },
                {
                  "title": "should verify all navigation links work on /arts",
                  "fullTitle": "All Links Validation Tests Link tests for /arts should verify all navigation links work on /arts",
                  "timedOut": null,
                  "duration": 0,
                  "state": "skipped",
                  "speed": null,
                  "pass": false,
                  "fail": false,
                  "pending": false,
                  "context": null,
                  "code": "cy.get('nav a').each($link => {\n  const href = $link.attr('href');\n  if (href && href.startsWith('/')) {\n    cy.request({\n      url: href,\n      failOnStatusCode: false\n    }).then(response => {\n      expect(response.status).to.eq(200);\n    });\n  }\n});",
                  "err": {},
                  "uuid": "295dca76-fdef-4bfc-bc8b-16fdfe3e8697",
                  "parentUUID": "8f350da3-6c53-4ea3-8b4d-fdbae475f224",
                  "isHook": false,
                  "skipped": true
                }
              ],
              "suites": [],
              "passes": [],
              "failures": [
                "ed883db8-bd2c-4d8d-9179-aa76fd2502b3"
              ],
              "pending": [],
              "skipped": [
                "7c462766-28e1-4f79-8727-5a493887092f",
                "530ace21-263c-4e5e-b9d0-8e48e5e68e27",
                "295dca76-fdef-4bfc-bc8b-16fdfe3e8697"
              ],
              "duration": 240,
              "root": false,
              "rootEmpty": false,
              "_timeout": 2000
            },
            {
              "uuid": "dd7552d7-3d46-4f4b-b9c9-e770f42a1e63",
              "title": "Link tests for /commerce",
              "fullFile": "",
              "file": "",
              "beforeHooks": [],
              "afterHooks": [],
              "tests": [
                {
                  "title": "should have valid href attributes for all links on /commerce",
                  "fullTitle": "All Links Validation Tests Link tests for /commerce should have valid href attributes for all links on /commerce",
                  "timedOut": null,
                  "duration": 230,
                  "state": "failed",
                  "speed": null,
                  "pass": false,
                  "fail": true,
                  "pending": false,
                  "context": null,
                  "code": "cy.get('a').each($link => {\n  cy.wrap($link).should('have.attr', 'href');\n});",
                  "err": {
                    "message": "CypressError: `cy.visit()` failed trying to load:\n\nhttp://localhost:5173/commerce\n\nThe response we received from your web server was:\n\n  > 404: Not Found\n\nThis was considered a failure because the status code was not `2xx`.\n\nIf you do not want status codes to cause failures pass the option: `failOnStatusCode: false`\n\nBecause this error occurred during a `before each` hook we are skipping the remaining tests in the current suite: `Link tests for /commerce`",
                    "estack": "CypressError: `cy.visit()` failed trying to load:\n\nhttp://localhost:5173/commerce\n\nThe response we received from your web server was:\n\n  > 404: Not Found\n\nThis was considered a failure because the status code was not `2xx`.\n\nIf you do not want status codes to cause failures pass the option: `failOnStatusCode: false`\n\nBecause this error occurred during a `before each` hook we are skipping the remaining tests in the current suite: `Link tests for /commerce`\n    at <unknown> (http://localhost:5173/__cypress/runner/cypress_runner.js:134864:76)\n    at visitFailedByErr (http://localhost:5173/__cypress/runner/cypress_runner.js:134454:12)\n    at <unknown> (http://localhost:5173/__cypress/runner/cypress_runner.js:134847:13)\n    at tryCatcher (http://localhost:5173/__cypress/runner/cypress_runner.js:1777:23)\n    at Promise._settlePromiseFromHandler (http://localhost:5173/__cypress/runner/cypress_runner.js:1489:31)\n    at Promise._settlePromise (http://localhost:5173/__cypress/runner/cypress_runner.js:1546:18)\n    at Promise._settlePromise0 (http://localhost:5173/__cypress/runner/cypress_runner.js:1591:10)\n    at Promise._settlePromises (http://localhost:5173/__cypress/runner/cypress_runner.js:1667:18)\n    at _drainQueueStep (http://localhost:5173/__cypress/runner/cypress_runner.js:2377:12)\n    at _drainQueue (http://localhost:5173/__cypress/runner/cypress_runner.js:2370:9)\n    at Async._drainQueues (http://localhost:5173/__cypress/runner/cypress_runner.js:2386:5)\n    at Async.drainQueues (http://localhost:5173/__cypress/runner/cypress_runner.js:2256:14)\nFrom Your Spec Code:\n    at Context.eval (webpack://mes-college-website/./cypress/e2e/04-links.cy.js:27:11)",
                    "diff": null
                  },
                  "uuid": "22fe21ec-f3ab-4ea4-a630-347cee873953",
                  "parentUUID": "dd7552d7-3d46-4f4b-b9c9-e770f42a1e63",
                  "isHook": false,
                  "skipped": false
                },
                {
                  "title": "should not have empty href attributes on /commerce",
                  "fullTitle": "All Links Validation Tests Link tests for /commerce should not have empty href attributes on /commerce",
                  "timedOut": null,
                  "duration": 0,
                  "state": "skipped",
                  "speed": null,
                  "pass": false,
                  "fail": false,
                  "pending": false,
                  "context": null,
                  "code": "cy.get('a').each($link => {\n  const href = $link.attr('href');\n  expect(href).to.not.be.undefined;\n  expect(href).to.not.equal('');\n  expect(href).to.not.equal('#');\n});",
                  "err": {},
                  "uuid": "f950a613-f44c-4bc8-966f-9cfbbfb7d967",
                  "parentUUID": "dd7552d7-3d46-4f4b-b9c9-e770f42a1e63",
                  "isHook": false,
                  "skipped": true
                },
                {
                  "title": "should have clickable internal links on /commerce",
                  "fullTitle": "All Links Validation Tests Link tests for /commerce should have clickable internal links on /commerce",
                  "timedOut": null,
                  "duration": 0,
                  "state": "skipped",
                  "speed": null,
                  "pass": false,
                  "fail": false,
                  "pending": false,
                  "context": null,
                  "code": "cy.get('a').each($link => {\n  const href = $link.attr('href');\n  if (href && href.startsWith('/') && !href.includes('http')) {\n    cy.wrap($link).should('be.visible');\n  }\n});",
                  "err": {},
                  "uuid": "2edd3390-23d0-4f49-b770-a212a9f4886d",
                  "parentUUID": "dd7552d7-3d46-4f4b-b9c9-e770f42a1e63",
                  "isHook": false,
                  "skipped": true
                },
                {
                  "title": "should verify all navigation links work on /commerce",
                  "fullTitle": "All Links Validation Tests Link tests for /commerce should verify all navigation links work on /commerce",
                  "timedOut": null,
                  "duration": 0,
                  "state": "skipped",
                  "speed": null,
                  "pass": false,
                  "fail": false,
                  "pending": false,
                  "context": null,
                  "code": "cy.get('nav a').each($link => {\n  const href = $link.attr('href');\n  if (href && href.startsWith('/')) {\n    cy.request({\n      url: href,\n      failOnStatusCode: false\n    }).then(response => {\n      expect(response.status).to.eq(200);\n    });\n  }\n});",
                  "err": {},
                  "uuid": "6da5beae-3355-4c6a-aaa1-0ef710b1f1d3",
                  "parentUUID": "dd7552d7-3d46-4f4b-b9c9-e770f42a1e63",
                  "isHook": false,
                  "skipped": true
                }
              ],
              "suites": [],
              "passes": [],
              "failures": [
                "22fe21ec-f3ab-4ea4-a630-347cee873953"
              ],
              "pending": [],
              "skipped": [
                "f950a613-f44c-4bc8-966f-9cfbbfb7d967",
                "2edd3390-23d0-4f49-b770-a212a9f4886d",
                "6da5beae-3355-4c6a-aaa1-0ef710b1f1d3"
              ],
              "duration": 230,
              "root": false,
              "rootEmpty": false,
              "_timeout": 2000
            },
            {
              "uuid": "372c5f99-0124-4e49-a86b-85d387ef5bda",
              "title": "Link tests for /science",
              "fullFile": "",
              "file": "",
              "beforeHooks": [],
              "afterHooks": [],
              "tests": [
                {
                  "title": "should have valid href attributes for all links on /science",
                  "fullTitle": "All Links Validation Tests Link tests for /science should have valid href attributes for all links on /science",
                  "timedOut": null,
                  "duration": 210,
[...]
                  "fullTitle": "All Links Validation Tests Link tests for /rank-holders/pg should have clickable internal links on /rank-holders/pg",
                  "timedOut": null,
                  "duration": 0,
                  "state": "skipped",
                  "speed": null,
                  "pass": false,
                  "fail": false,
                  "pending": false,
                  "context": null,
                  "code": "cy.get('a').each($link => {\n  const href = $link.attr('href');\n  if (href && href.startsWith('/') && !href.includes('http')) {\n    cy.wrap($link).should('be.visible');\n  }\n});",
                  "err": {},
                  "uuid": "26294681-f8bd-404b-801c-94d9ff049cd4",
                  "parentUUID": "eeb4d4ff-c8fe-40e0-be65-418a45da9448",
                  "isHook": false,
                  "skipped": true
                },
                {
                  "title": "should verify all navigation links work on /rank-holders/pg",
                  "fullTitle": "All Links Validation Tests Link tests for /rank-holders/pg should verify all navigation links work on /rank-holders/pg",
                  "timedOut": null,
                  "duration": 0,
                  "state": "skipped",
                  "speed": null,
                  "pass": false,
                  "fail": false,
                  "pending": false,
                  "context": null,
                  "code": "cy.get('nav a').each($link => {\n  const href = $link.attr('href');\n  if (href && href.startsWith('/')) {\n    cy.request({\n      url: href,\n      failOnStatusCode: false\n    }).then(response => {\n      expect(response.status).to.eq(200);\n    });\n  }\n});",
                  "err": {},
                  "uuid": "262b1f9b-68b3-4c95-9238-43da93899ca2",
                  "parentUUID": "eeb4d4ff-c8fe-40e0-be65-418a45da9448",
                  "isHook": false,
                  "skipped": true
                }
              ],
              "suites": [],
              "passes": [],
              "failures": [
                "52c35414-31c6-4523-8105-79f973859fba"
              ],
              "pending": [],
              "skipped": [
                "8cfbb0d8-7164-4d48-a8d0-82de037b9bec",
                "26294681-f8bd-404b-801c-94d9ff049cd4",
                "262b1f9b-68b3-4c95-9238-43da93899ca2"
              ],
              "duration": 259,
              "root": false,
              "rootEmpty": false,
              "_timeout": 2000
            },
            {
              "uuid": "69945955-e09c-4179-9c37-5e285e85c6ab",
              "title": "Link tests for /yoga-wellness",
              "fullFile": "",
              "file": "",
              "beforeHooks": [],
              "afterHooks": [],
              "tests": [
                {
                  "title": "should have valid href attributes for all links on /yoga-wellness",
                  "fullTitle": "All Links Validation Tests Link tests for /yoga-wellness should have valid href attributes for all links on /yoga-wellness",
                  "timedOut": null,
                  "duration": 247,
                  "state": "failed",
                  "speed": null,
                  "pass": false,
                  "fail": true,
                  "pending": false,
                  "context": null,
                  "code": "cy.get('a').each($link => {\n  cy.wrap($link).should('have.attr', 'href');\n});",
                  "err": {
                    "message": "CypressError: `cy.visit()` failed trying to load:\n\nhttp://localhost:5173/yoga-wellness\n\nThe response we received from your web server was:\n\n  > 404: Not Found\n\nThis was considered a failure because the status code was not `2xx`.\n\nIf you do not want status codes to cause failures pass the option: `failOnStatusCode: false`\n\nBecause this error occurred during a `before each` hook we are skipping the remaining tests in the current suite: `Link tests for /yoga-wellness`",
                    "estack": "CypressError: `cy.visit()` failed trying to load:\n\nhttp://localhost:5173/yoga-wellness\n\nThe response we received from your web server was:\n\n  > 404: Not Found\n\nThis was considered a failure because the status code was not `2xx`.\n\nIf you do not want status codes to cause failures pass the option: `failOnStatusCode: false`\n\nBecause this error occurred during a `before each` hook we are skipping the remaining tests in the current suite: `Link tests for /yoga-wellness`\n    at <unknown> (http://localhost:5173/__cypress/runner/cypress_runner.js:134864:76)\n    at visitFailedByErr (http://localhost:5173/__cypress/runner/cypress_runner.js:134454:12)\n    at <unknown> (http://localhost:5173/__cypress/runner/cypress_runner.js:134847:13)\n    at tryCatcher (http://localhost:5173/__cypress/runner/cypress_runner.js:1777:23)\n    at Promise._settlePromiseFromHandler (http://localhost:5173/__cypress/runner/cypress_runner.js:1489:31)\n    at Promise._settlePromise (http://localhost:5173/__cypress/runner/cypress_runner.js:1546:18)\n    at Promise._settlePromise0 (http://localhost:5173/__cypress/runner/cypress_runner.js:1591:10)\n    at Promise._settlePromises (http://localhost:5173/__cypress/runner/cypress_runner.js:1667:18)\n    at _drainQueueStep (http://localhost:5173/__cypress/runner/cypress_runner.js:2377:12)\n    at _drainQueue (http://localhost:5173/__cypress/runner/cypress_runner.js:2370:9)\n    at Async._drainQueues (http://localhost:5173/__cypress/runner/cypress_runner.js:2386:5)\n    at Async.drainQueues (http://localhost:5173/__cypress/runner/cypress_runner.js:2256:14)\nFrom Your Spec Code:\n    at Context.eval (webpack://mes-college-website/./cypress/e2e/04-links.cy.js:27:11)",
                    "diff": null
                  },
                  "uuid": "73aff841-2aba-4518-8fc2-e1bf45f74dde",
                  "parentUUID": "69945955-e09c-4179-9c37-5e285e85c6ab",
                  "isHook": false,
                  "skipped": false
                },
                {
                  "title": "should not have empty href attributes on /yoga-wellness",
                  "fullTitle": "All Links Validation Tests Link tests for /yoga-wellness should not have empty href attributes on /yoga-wellness",
                  "timedOut": null,
                  "duration": 0,
                  "state": "skipped",
                  "speed": null,
                  "pass": false,
                  "fail": false,
                  "pending": false,
                  "context": null,
                  "code": "cy.get('a').each($link => {\n  const href = $link.attr('href');\n  expect(href).to.not.be.undefined;\n  expect(href).to.not.equal('');\n  expect(href).to.not.equal('#');\n});",
                  "err": {},
                  "uuid": "2f6e3ca7-e5cd-4425-8a0e-57e9dddf206b",
                  "parentUUID": "69945955-e09c-4179-9c37-5e285e85c6ab",
                  "isHook": false,
                  "skipped": true
                },
                {
                  "title": "should have clickable internal links on /yoga-wellness",
                  "fullTitle": "All Links Validation Tests Link tests for /yoga-wellness should have clickable internal links on /yoga-wellness",
                  "timedOut": null,
                  "duration": 0,
                  "state": "skipped",
                  "speed": null,
                  "pass": false,
                  "fail": false,
                  "pending": false,
                  "context": null,
                  "code": "cy.get('a').each($link => {\n  const href = $link.attr('href');\n  if (href && href.startsWith('/') && !href.includes('http')) {\n    cy.wrap($link).should('be.visible');\n  }\n});",
                  "err": {},
                  "uuid": "bb85f3d2-fcad-41fd-9a57-c2a6d8ec774f",
                  "parentUUID": "69945955-e09c-4179-9c37-5e285e85c6ab",
                  "isHook": false,
                  "skipped": true
                },
                {
                  "title": "should verify all navigation links work on /yoga-wellness",
                  "fullTitle": "All Links Validation Tests Link tests for /yoga-wellness should verify all navigation links work on /yoga-wellness",
                  "timedOut": null,
                  "duration": 0,
                  "state": "skipped",
                  "speed": null,
                  "pass": false,
                  "fail": false,
                  "pending": false,
                  "context": null,
                  "code": "cy.get('nav a').each($link => {\n  const href = $link.attr('href');\n  if (href && href.startsWith('/')) {\n    cy.request({\n      url: href,\n      failOnStatusCode: false\n    }).then(response => {\n      expect(response.status).to.eq(200);\n    });\n  }\n});",
                  "err": {},
                  "uuid": "03bed9ec-5dc2-4861-9dfd-8f6fb672ba8b",
                  "parentUUID": "69945955-e09c-4179-9c37-5e285e85c6ab",
                  "isHook": false,
                  "skipped": true
                }
              ],
              "suites": [],
              "passes": [],
              "failures": [
                "73aff841-2aba-4518-8fc2-e1bf45f74dde"
              ],
              "pending": [],
              "skipped": [
                "2f6e3ca7-e5cd-4425-8a0e-57e9dddf206b",
                "bb85f3d2-fcad-41fd-9a57-c2a6d8ec774f",
                "03bed9ec-5dc2-4861-9dfd-8f6fb672ba8b"
              ],
              "duration": 247,
              "root": false,
              "rootEmpty": false,
              "_timeout": 2000
            },
            {
              "uuid": "bcb962a6-171b-4730-8f1d-4d9df37d6251",
              "title": "Link tests for /contact",
              "fullFile": "",
              "file": "",
              "beforeHooks": [],
              "afterHooks": [],
              "tests": [
                {
                  "title": "should have valid href attributes for all links on /contact",
                  "fullTitle": "All Links Validation Tests Link tests for /contact should have valid href attributes for all links on /contact",
                  "timedOut": null,
                  "duration": 241,
                  "state": "failed",
                  "speed": null,
                  "pass": false,
                  "fail": true,
                  "pending": false,
                  "context": null,
                  "code": "cy.get('a').each($link => {\n  cy.wrap($link).should('have.attr', 'href');\n});",
                  "err": {
                    "message": "CypressError: `cy.visit()` failed trying to load:\n\nhttp://localhost:5173/contact\n\nThe response we received from your web server was:\n\n  > 404: Not Found\n\nThis was considered a failure because the status code was not `2xx`.\n\nIf you do not want status codes to cause failures pass the option: `failOnStatusCode: false`\n\nBecause this error occurred during a `before each` hook we are skipping the remaining tests in the current suite: `Link tests for /contact`",
                    "estack": "CypressError: `cy.visit()` failed trying to load:\n\nhttp://localhost:5173/contact\n\nThe response we received from your web server was:\n\n  > 404: Not Found\n\nThis was considered a failure because the status code was not `2xx`.\n\nIf you do not want status codes to cause failures pass the option: `failOnStatusCode: false`\n\nBecause this error occurred during a `before each` hook we are skipping the remaining tests in the current suite: `Link tests for /contact`\n    at <unknown> (http://localhost:5173/__cypress/runner/cypress_runner.js:134864:76)\n    at visitFailedByErr (http://localhost:5173/__cypress/runner/cypress_runner.js:134454:12)\n    at <unknown> (http://localhost:5173/__cypress/runner/cypress_runner.js:134847:13)\n    at tryCatcher (http://localhost:5173/__cypress/runner/cypress_runner.js:1777:23)\n    at Promise._settlePromiseFromHandler (http://localhost:5173/__cypress/runner/cypress_runner.js:1489:31)\n    at Promise._settlePromise (http://localhost:5173/__cypress/runner/cypress_runner.js:1546:18)\n    at Promise._settlePromise0 (http://localhost:5173/__cypress/runner/cypress_runner.js:1591:10)\n    at Promise._settlePromises (http://localhost:5173/__cypress/runner/cypress_runner.js:1667:18)\n    at _drainQueueStep (http://localhost:5173/__cypress/runner/cypress_runner.js:2377:12)\n    at _drainQueue (http://localhost:5173/__cypress/runner/cypress_runner.js:2370:9)\n    at Async._drainQueues (http://localhost:5173/__cypress/runner/cypress_runner.js:2386:5)\n    at Async.drainQueues (http://localhost:5173/__cypress/runner/cypress_runner.js:2256:14)\nFrom Your Spec Code:\n    at Context.eval (webpack://mes-college-website/./cypress/e2e/04-links.cy.js:27:11)",
                    "diff": null
                  },
                  "uuid": "79bb6a4c-7637-46bc-98f4-74fc6ab9302e",
                  "parentUUID": "bcb962a6-171b-4730-8f1d-4d9df37d6251",
                  "isHook": false,
                  "skipped": false
                },
                {
                  "title": "should not have empty href attributes on /contact",
                  "fullTitle": "All Links Validation Tests Link tests for /contact should not have empty href attributes on /contact",
                  "timedOut": null,
                  "duration": 0,
                  "state": "skipped",
                  "speed": null,
                  "pass": false,
                  "fail": false,
                  "pending": false,
                  "context": null,
                  "code": "cy.get('a').each($link => {\n  const href = $link.attr('href');\n  expect(href).to.not.be.undefined;\n  expect(href).to.not.equal('');\n  expect(href).to.not.equal('#');\n});",
                  "err": {},
                  "uuid": "c2a6f404-d300-4eb6-ad27-d2e584d5f130",
                  "parentUUID": "bcb962a6-171b-4730-8f1d-4d9df37d6251",
                  "isHook": false,
                  "skipped": true
                },
                {
                  "title": "should have clickable internal links on /contact",
                  "fullTitle": "All Links Validation Tests Link tests for /contact should have clickable internal links on /contact",
                  "timedOut": null,
                  "duration": 0,
                  "state": "skipped",
                  "speed": null,
                  "pass": false,
                  "fail": false,
                  "pending": false,
                  "context": null,
                  "code": "cy.get('a').each($link => {\n  const href = $link.attr('href');\n  if (href && href.startsWith('/') && !href.includes('http')) {\n    cy.wrap($link).should('be.visible');\n  }\n});",
                  "err": {},
                  "uuid": "888e5508-271d-4f5a-8424-a9aa99782649",
                  "parentUUID": "bcb962a6-171b-4730-8f1d-4d9df37d6251",
                  "isHook": false,
                  "skipped": true
                },
                {
                  "title": "should verify all navigation links work on /contact",
                  "fullTitle": "All Links Validation Tests Link tests for /contact should verify all navigation links work on /contact",
                  "timedOut": null,
                  "duration": 0,
                  "state": "skipped",
                  "speed": null,
                  "pass": false,
                  "fail": false,
                  "pending": false,
                  "context": null,
                  "code": "cy.get('nav a').each($link => {\n  const href = $link.attr('href');\n  if (href && href.startsWith('/')) {\n    cy.request({\n      url: href,\n      failOnStatusCode: false\n    }).then(response => {\n      expect(response.status).to.eq(200);\n    });\n  }\n});",
                  "err": {},
                  "uuid": "7d6a04e7-3bbd-4158-9f47-1899d36ec891",
                  "parentUUID": "bcb962a6-171b-4730-8f1d-4d9df37d6251",
                  "isHook": false,
                  "skipped": true
                }
              ],
              "suites": [],
              "passes": [],
              "failures": [
                "79bb6a4c-7637-46bc-98f4-74fc6ab9302e"
              ],
              "pending": [],
              "skipped": [
                "c2a6f404-d300-4eb6-ad27-d2e584d5f130",
                "888e5508-271d-4f5a-8424-a9aa99782649",
                "7d6a04e7-3bbd-4158-9f47-1899d36ec891"
              ],
              "duration": 241,
              "root": false,
              "rootEmpty": false,
              "_timeout": 2000
            },
            {
              "uuid": "d93ca48a-6a1a-410c-ba71-773f5fe02307",
              "title": "External Links",
              "fullFile": "",
              "file": "",
              "beforeHooks": [],
              "afterHooks": [],
              "tests": [
                {
                  "title": "should check external links have target attribute",
                  "fullTitle": "All Links Validation Tests External Links should check external links have target attribute",
                  "timedOut": null,
                  "duration": 11057,
                  "state": "failed",
                  "speed": null,
                  "pass": false,
                  "fail": true,
                  "pending": false,
                  "context": null,
                  "code": "cy.visit('/');\ncy.get('a[href^=\"http\"]').each($link => {\n  const href = $link.attr('href');\n  if (href && !href.includes(Cypress.config('baseUrl'))) {\n    // External links should ideally have target=\"_blank\" or rel=\"noopener\"\n    cy.wrap($link).should('exist');\n  }\n});",
                  "err": {
                    "message": "AssertionError: Timed out retrying after 10000ms: Expected to find element: `a[href^=\"http\"]`, but never found it.",
                    "estack": "AssertionError: Timed out retrying after 10000ms: Expected to find element: `a[href^=\"http\"]`, but never found it.\n    at Context.eval (webpack://mes-college-website/./cypress/e2e/04-links.cy.js:73:9)",
                    "diff": null
                  },
                  "uuid": "3282f528-1703-47c3-8244-aae961aa4af5",
                  "parentUUID": "d93ca48a-6a1a-410c-ba71-773f5fe02307",
                  "isHook": false,
                  "skipped": false
                }
              ],
              "suites": [],
              "passes": [],
              "failures": [
                "3282f528-1703-47c3-8244-aae961aa4af5"
              ],
              "pending": [],
              "skipped": [],
              "duration": 11057,
              "root": false,
              "rootEmpty": false,
              "_timeout": 2000
            }
          ],
          "passes": [],
          "failures": [],
          "pending": [],
          "skipped": [],
          "duration": 0,
          "root": false,
          "rootEmpty": false,
          "_timeout": 2000
        }
      ],
      "passes": [],
      "failures": [],
      "pending": [],
      "skipped": [],
      "duration": 0,
      "root": true,
      "rootEmpty": true,
      "_timeout": 2000
    }
  ],
  "meta": {
    "mocha": {
      "version": "7.2.0"
    },
    "mochawesome": {
      "options": {
        "quiet": false,
        "reportFilename": "mochawesome",
        "saveHtml": true,
        "saveJson": true,
        "consoleReporter": "spec",
        "useInlineDiffs": false,
        "code": true
      },
      "version": "7.1.4"
    },
    "marge": {
      "options": {
        "reportDir": "cypress/reports/mochawesome",
        "overwrite": false,
        "html": true,
        "json": true,
        "timestamp": "mmddyyyy_HHMMss",
        "charts": true,
        "reportPageTitle": "MESCKM College - Cypress Test Report",
        "embeddedScreenshots": true,
        "inlineAssets": true
      },
      "version": "6.3.2"
    }
  }
}