{
  "stats": {
    "suites": 20,
    "tests": 22,
    "passes": 3,
    "pending": 0,
    "failures": 19,
    "start": "2026-01-22T05:03:19.838Z",
    "end": "2026-01-22T05:03:28.962Z",
    "duration": 9124,
    "testsRegistered": 76,
    "passPercent": 3.9473684210526314,
    "pendingPercent": 0,
    "other": 0,
    "hasOther": false,
    "skipped": 54,
    "hasSkipped": true
  },
  "results": [
    {
      "uuid": "82ba4c41-992f-4fd3-b086-fc087010922e",
      "title": "",
      "fullFile": "cypress\\e2e\\01-all-routes.cy.js",
      "file": "cypress\\e2e\\01-all-routes.cy.js",
      "beforeHooks": [],
      "afterHooks": [],
      "tests": [],
      "suites": [
        {
          "uuid": "b2976835-9bf6-4fb1-a644-1daf794e56a4",
          "title": "All Routes and Pages Tests",
          "fullFile": "",
          "file": "",
          "beforeHooks": [],
          "afterHooks": [],
          "tests": [],
          "suites": [
            {
              "uuid": "20e2918d-ba43-4d63-a13a-e75c5341e83a",
              "title": "Testing Home page",
              "fullFile": "",
              "file": "",
              "beforeHooks": [],
              "afterHooks": [],
              "tests": [
                {
                  "title": "should load Home page successfully",
                  "fullTitle": "All Routes and Pages Tests Testing Home page should load Home page successfully",
                  "timedOut": null,
                  "duration": 1795,
                  "state": "failed",
                  "speed": null,
                  "pass": false,
                  "fail": true,
                  "pending": false,
                  "context": null,
                  "code": "cy.url().should('include', route.path);\ncy.checkPageStructure();",
                  "err": {
                    "message": "TypeError: cy.checkPageStructure is not a function",
                    "estack": "TypeError: cy.checkPageStructure is not a function\n    at Context.eval (webpack://mes-college-website/./cypress/e2e/01-all-routes.cy.js:32:11)\n    at runnable.fn (http://localhost:5173/__cypress/runner/cypress_runner.js:146323:19)\n    at callFn (http://localhost:5173/__cypress/runner/cypress_runner.js:165438:21)\n    at Runnable.run (http://localhost:5173/__cypress/runner/cypress_runner.js:165425:7)\n    at <unknown> (http://localhost:5173/__cypress/runner/cypress_runner.js:171523:30)\n    at PassThroughHandlerContext.finallyHandler (http://localhost:5173/__cypress/runner/cypress_runner.js:4042:23)\n    at PassThroughHandlerContext.tryCatcher (http://localhost:5173/__cypress/runner/cypress_runner.js:1777:23)\n    at Promise._settlePromiseFromHandler (http://localhost:5173/__cypress/runner/cypress_runner.js:1489:31)\n    at Promise._settlePromise (http://localhost:5173/__cypress/runner/cypress_runner.js:1546:18)",
                    "diff": null
                  },
                  "uuid": "76975959-c6f4-46f7-9798-6f52c596a39c",
                  "parentUUID": "20e2918d-ba43-4d63-a13a-e75c5341e83a",
                  "isHook": false,
                  "skipped": false
                },
                {
                  "title": "should not have any console errors on Home",
                  "fullTitle": "All Routes and Pages Tests Testing Home page should not have any console errors on Home",
                  "timedOut": null,
                  "duration": 583,
                  "state": "passed",
                  "speed": "fast",
                  "pass": true,
                  "fail": false,
                  "pending": false,
                  "context": null,
                  "code": "cy.window().then(win => {\n  cy.spy(win.console, 'error').as('consoleError');\n});\ncy.get('@consoleError').should('not.be.called');",
                  "err": {},
                  "uuid": "fb268280-83b5-4a6a-920d-c95d67391a49",
                  "parentUUID": "20e2918d-ba43-4d63-a13a-e75c5341e83a",
                  "isHook": false,
                  "skipped": false
                },
                {
                  "title": "should have correct page title or heading on Home",
                  "fullTitle": "All Routes and Pages Tests Testing Home page should have correct page title or heading on Home",
                  "timedOut": null,
                  "duration": 633,
                  "state": "passed",
                  "speed": "fast",
                  "pass": true,
                  "fail": false,
                  "pending": false,
                  "context": null,
                  "code": "cy.get('main').should('exist').and('be.visible');",
                  "err": {},
                  "uuid": "689f494c-fc7b-4b90-b7a6-cc6cbd410e5c",
                  "parentUUID": "20e2918d-ba43-4d63-a13a-e75c5341e83a",
                  "isHook": false,
                  "skipped": false
                },
                {
                  "title": "should render content on Home",
                  "fullTitle": "All Routes and Pages Tests Testing Home page should render content on Home",
                  "timedOut": null,
                  "duration": 595,
                  "state": "passed",
                  "speed": "fast",
                  "pass": true,
                  "fail": false,
                  "pending": false,
                  "context": null,
                  "code": "cy.get('main').children().should('have.length.greaterThan', 0);",
                  "err": {},
                  "uuid": "b038a6df-a626-4052-87f5-c815036cd9b9",
                  "parentUUID": "20e2918d-ba43-4d63-a13a-e75c5341e83a",
                  "isHook": false,
                  "skipped": false
                }
              ],
              "suites": [],
              "passes": [
                "fb268280-83b5-4a6a-920d-c95d67391a49",
                "689f494c-fc7b-4b90-b7a6-cc6cbd410e5c",
                "b038a6df-a626-4052-87f5-c815036cd9b9"
              ],
              "failures": [
                "76975959-c6f4-46f7-9798-6f52c596a39c"
              ],
              "pending": [],
              "skipped": [],
              "duration": 3606,
              "root": false,
              "rootEmpty": false,
              "_timeout": 2000
            },
            {
              "uuid": "c10f635f-f200-41ca-a8a6-baf93da79729",
              "title": "Testing About page",
              "fullFile": "",
              "file": "",
              "beforeHooks": [],
              "afterHooks": [],
              "tests": [
                {
                  "title": "should load About page successfully",
                  "fullTitle": "All Routes and Pages Tests Testing About page should load About page successfully",
                  "timedOut": null,
                  "duration": 267,
                  "state": "failed",
                  "speed": null,
                  "pass": false,
                  "fail": true,
                  "pending": false,
                  "context": null,
                  "code": "cy.url().should('include', route.path);\ncy.checkPageStructure();",
                  "err": {
                    "message": "CypressError: `cy.visit()` failed trying to load:\n\nhttp://localhost:5173/about\n\nThe response we received from your web server was:\n\n  > 404: Not Found\n\nThis was considered a failure because the status code was not `2xx`.\n\nIf you do not want status codes to cause failures pass the option: `failOnStatusCode: false`\n\nBecause this error occurred during a `before each` hook we are skipping the remaining tests in the current suite: `Testing About page`",
                    "estack": "CypressError: `cy.visit()` failed trying to load:\n\nhttp://localhost:5173/about\n\nThe response we received from your web server was:\n\n  > 404: Not Found\n\nThis was considered a failure because the status code was not `2xx`.\n\nIf you do not want status codes to cause failures pass the option: `failOnStatusCode: false`\n\nBecause this error occurred during a `before each` hook we are skipping the remaining tests in the current suite: `Testing About page`\n    at <unknown> (http://localhost:5173/__cypress/runner/cypress_runner.js:134864:76)\n    at visitFailedByErr (http://localhost:5173/__cypress/runner/cypress_runner.js:134454:12)\n    at <unknown> (http://localhost:5173/__cypress/runner/cypress_runner.js:134847:13)\n    at tryCatcher (http://localhost:5173/__cypress/runner/cypress_runner.js:1777:23)\n    at Promise._settlePromiseFromHandler (http://localhost:5173/__cypress/runner/cypress_runner.js:1489:31)\n    at Promise._settlePromise (http://localhost:5173/__cypress/runner/cypress_runner.js:1546:18)\n    at Promise._settlePromise0 (http://localhost:5173/__cypress/runner/cypress_runner.js:1591:10)\n    at Promise._settlePromises (http://localhost:5173/__cypress/runner/cypress_runner.js:1667:18)\n    at _drainQueueStep (http://localhost:5173/__cypress/runner/cypress_runner.js:2377:12)\n    at _drainQueue (http://localhost:5173/__cypress/runner/cypress_runner.js:2370:9)\n    at Async._drainQueues (http://localhost:5173/__cypress/runner/cypress_runner.js:2386:5)\n    at Async.drainQueues (http://localhost:5173/__cypress/runner/cypress_runner.js:2256:14)\nFrom Your Spec Code:\n    at Context.eval (webpack://mes-college-website/./cypress/e2e/01-all-routes.cy.js:27:11)",
                    "diff": null
                  },
                  "uuid": "dfc6a0fd-e45f-4240-9a1e-5d10ab7fd64f",
                  "parentUUID": "c10f635f-f200-41ca-a8a6-baf93da79729",
                  "isHook": false,
                  "skipped": false
                },
                {
                  "title": "should not have any console errors on About",
                  "fullTitle": "All Routes and Pages Tests Testing About page should not have any console errors on About",
                  "timedOut": null,
                  "duration": 0,
                  "state": "skipped",
                  "speed": null,
                  "pass": false,
                  "fail": false,
                  "pending": false,
                  "context": null,
                  "code": "cy.window().then(win => {\n  cy.spy(win.console, 'error').as('consoleError');\n});\ncy.get('@consoleError').should('not.be.called');",
                  "err": {},
                  "uuid": "df52a235-4088-45c4-9016-ade90321ec53",
                  "parentUUID": "c10f635f-f200-41ca-a8a6-baf93da79729",
                  "isHook": false,
                  "skipped": true
                },
                {
                  "title": "should have correct page title or heading on About",
                  "fullTitle": "All Routes and Pages Tests Testing About page should have correct page title or heading on About",
                  "timedOut": null,
                  "duration": 0,
                  "state": "skipped",
                  "speed": null,
                  "pass": false,
                  "fail": false,
                  "pending": false,
                  "context": null,
                  "code": "cy.get('main').should('exist').and('be.visible');",
                  "err": {},
                  "uuid": "5fe781d5-86a8-40b6-8fd1-48d259a61cae",
                  "parentUUID": "c10f635f-f200-41ca-a8a6-baf93da79729",
                  "isHook": false,
                  "skipped": true
                },
                {
                  "title": "should render content on About",
                  "fullTitle": "All Routes and Pages Tests Testing About page should render content on About",
                  "timedOut": null,
                  "duration": 0,
                  "state": "skipped",
                  "speed": null,
                  "pass": false,
                  "fail": false,
                  "pending": false,
                  "context": null,
                  "code": "cy.get('main').children().should('have.length.greaterThan', 0);",
                  "err": {},
                  "uuid": "13bb11ed-d9ad-434f-90b8-b6182e3ae211",
                  "parentUUID": "c10f635f-f200-41ca-a8a6-baf93da79729",
                  "isHook": false,
                  "skipped": true
                }
              ],
              "suites": [],
              "passes": [],
              "failures": [
                "dfc6a0fd-e45f-4240-9a1e-5d10ab7fd64f"
              ],
              "pending": [],
              "skipped": [
                "df52a235-4088-45c4-9016-ade90321ec53",
                "5fe781d5-86a8-40b6-8fd1-48d259a61cae",
                "13bb11ed-d9ad-434f-90b8-b6182e3ae211"
              ],
              "duration": 267,
              "root": false,
              "rootEmpty": false,
              "_timeout": 2000
            },
            {
              "uuid": "9f6a1301-cf38-4dcf-8ece-0a85b77c70a6",
              "title": "Testing Donor page",
              "fullFile": "",
              "file": "",
              "beforeHooks": [],
              "afterHooks": [],
              "tests": [
                {
                  "title": "should load Donor page successfully",
                  "fullTitle": "All Routes and Pages Tests Testing Donor page should load Donor page successfully",
                  "timedOut": null,
                  "duration": 239,
                  "state": "failed",
                  "speed": null,
                  "pass": false,
                  "fail": true,
                  "pending": false,
                  "context": null,
                  "code": "cy.url().should('include', route.path);\ncy.checkPageStructure();",
                  "err": {
                    "message": "CypressError: `cy.visit()` failed trying to load:\n\nhttp://localhost:5173/donor\n\nThe response we received from your web server was:\n\n  > 404: Not Found\n\nThis was considered a failure because the status code was not `2xx`.\n\nIf you do not want status codes to cause failures pass the option: `failOnStatusCode: false`\n\nBecause this error occurred during a `before each` hook we are skipping the remaining tests in the current suite: `Testing Donor page`",
                    "estack": "CypressError: `cy.visit()` failed trying to load:\n\nhttp://localhost:5173/donor\n\nThe response we received from your web server was:\n\n  > 404: Not Found\n\nThis was considered a failure because the status code was not `2xx`.\n\nIf you do not want status codes to cause failures pass the option: `failOnStatusCode: false`\n\nBecause this error occurred during a `before each` hook we are skipping the remaining tests in the current suite: `Testing Donor page`\n    at <unknown> (http://localhost:5173/__cypress/runner/cypress_runner.js:134864:76)\n    at visitFailedByErr (http://localhost:5173/__cypress/runner/cypress_runner.js:134454:12)\n    at <unknown> (http://localhost:5173/__cypress/runner/cypress_runner.js:134847:13)\n    at tryCatcher (http://localhost:5173/__cypress/runner/cypress_runner.js:1777:23)\n    at Promise._settlePromiseFromHandler (http://localhost:5173/__cypress/runner/cypress_runner.js:1489:31)\n    at Promise._settlePromise (http://localhost:5173/__cypress/runner/cypress_runner.js:1546:18)\n    at Promise._settlePromise0 (http://localhost:5173/__cypress/runner/cypress_runner.js:1591:10)\n    at Promise._settlePromises (http://localhost:5173/__cypress/runner/cypress_runner.js:1667:18)\n    at _drainQueueStep (http://localhost:5173/__cypress/runner/cypress_runner.js:2377:12)\n    at _drainQueue (http://localhost:5173/__cypress/runner/cypress_runner.js:2370:9)\n    at Async._drainQueues (http://localhost:5173/__cypress/runner/cypress_runner.js:2386:5)\n    at Async.drainQueues (http://localhost:5173/__cypress/runner/cypress_runner.js:2256:14)\nFrom Your Spec Code:\n    at Context.eval (webpack://mes-college-website/./cypress/e2e/01-all-routes.cy.js:27:11)",
                    "diff": null
                  },
                  "uuid": "55b7abbe-39aa-4583-af33-337dd1fe98c9",
                  "parentUUID": "9f6a1301-cf38-4dcf-8ece-0a85b77c70a6",
                  "isHook": false,
                  "skipped": false
                },
                {
                  "title": "should not have any console errors on Donor",
                  "fullTitle": "All Routes and Pages Tests Testing Donor page should not have any console errors on Donor",
                  "timedOut": null,
                  "duration": 0,
                  "state": "skipped",
                  "speed": null,
                  "pass": false,
                  "fail": false,
                  "pending": false,
                  "context": null,
                  "code": "cy.window().then(win => {\n  cy.spy(win.console, 'error').as('consoleError');\n});\ncy.get('@consoleError').should('not.be.called');",
                  "err": {},
                  "uuid": "43d6c182-6e17-4a33-9a6b-5ae33fc34dc4",
                  "parentUUID": "9f6a1301-cf38-4dcf-8ece-0a85b77c70a6",
                  "isHook": false,
                  "skipped": true
                },
                {
                  "title": "should have correct page title or heading on Donor",
                  "fullTitle": "All Routes and Pages Tests Testing Donor page should have correct page title or heading on Donor",
                  "timedOut": null,
                  "duration": 0,
                  "state": "skipped",
                  "speed": null,
                  "pass": false,
                  "fail": false,
                  "pending": false,
                  "context": null,
                  "code": "cy.get('main').should('exist').and('be.visible');",
                  "err": {},
                  "uuid": "bddd450c-059e-4600-903f-dd8c3ad89525",
                  "parentUUID": "9f6a1301-cf38-4dcf-8ece-0a85b77c70a6",
                  "isHook": false,
                  "skipped": true
                },
                {
                  "title": "should render content on Donor",
                  "fullTitle": "All Routes and Pages Tests Testing Donor page should render content on Donor",
                  "timedOut": null,
                  "duration": 0,
                  "state": "skipped",
                  "speed": null,
                  "pass": false,
                  "fail": false,
                  "pending": false,
                  "context": null,
                  "code": "cy.get('main').children().should('have.length.greaterThan', 0);",
                  "err": {},
                  "uuid": "f34c9ab7-2fb5-47a2-8cd0-68ed34a47b98",
                  "parentUUID": "9f6a1301-cf38-4dcf-8ece-0a85b77c70a6",
                  "isHook": false,
                  "skipped": true
                }
              ],
              "suites": [],
              "passes": [],
              "failures": [
                "55b7abbe-39aa-4583-af33-337dd1fe98c9"
              ],
              "pending": [],
              "skipped": [
                "43d6c182-6e17-4a33-9a6b-5ae33fc34dc4",
                "bddd450c-059e-4600-903f-dd8c3ad89525",
                "f34c9ab7-2fb5-47a2-8cd0-68ed34a47b98"
              ],
              "duration": 239,
              "root": false,
              "rootEmpty": false,
              "_timeout": 2000
            },
            {
              "uuid": "17cf72fc-f58b-4e42-94bd-207c6e003eec",
              "title": "Testing Course Regulations page",
              "fullFile": "",
              "file": "",
              "beforeHooks": [],
              "afterHooks": [],
              "tests": [
                {
                  "title": "should load Course Regulations page successfully",
                  "fullTitle": "All Routes and Pages Tests Testing Course Regulations page should load Course Regulations page successfully",
                  "timedOut": null,
                  "duration": 192,
                  "state": "failed",
                  "speed": null,
                  "pass": false,
                  "fail": true,
                  "pending": false,
                  "context": null,
                  "code": "cy.url().should('include', route.path);\ncy.checkPageStructure();",
                  "err": {
                    "message": "CypressError: `cy.visit()` failed trying to load:\n\nhttp://localhost:5173/course-regulations\n\nThe response we received from your web server was:\n\n  > 404: Not Found\n\nThis was considered a failure because the status code was not `2xx`.\n\nIf you do not want status codes to cause failures pass the option: `failOnStatusCode: false`\n\nBecause this error occurred during a `before each` hook we are skipping the remaining tests in the current suite: `Testing Course Regulations ...`",
                    "estack": "CypressError: `cy.visit()` failed trying to load:\n\nhttp://localhost:5173/course-regulations\n\nThe response we received from your web server was:\n\n  > 404: Not Found\n\nThis was considered a failure because the status code was not `2xx`.\n\nIf you do not want status codes to cause failures pass the option: `failOnStatusCode: false`\n\nBecause this error occurred during a `before each` hook we are skipping the remaining tests in the current suite: `Testing Course Regulations ...`\n    at <unknown> (http://localhost:5173/__cypress/runner/cypress_runner.js:134864:76)\n    at visitFailedByErr (http://localhost:5173/__cypress/runner/cypress_runner.js:134454:12)\n    at <unknown> (http://localhost:5173/__cypress/runner/cypress_runner.js:134847:13)\n    at tryCatcher (http://localhost:5173/__cypress/runner/cypress_runner.js:1777:23)\n    at Promise._settlePromiseFromHandler (http://localhost:5173/__cypress/runner/cypress_runner.js:1489:31)\n    at Promise._settlePromise (http://localhost:5173/__cypress/runner/cypress_runner.js:1546:18)\n    at Promise._settlePromise0 (http://localhost:5173/__cypress/runner/cypress_runner.js:1591:10)\n    at Promise._settlePromises (http://localhost:5173/__cypress/runner/cypress_runner.js:1667:18)\n    at _drainQueueStep (http://localhost:5173/__cypress/runner/cypress_runner.js:2377:12)\n    at _drainQueue (http://localhost:5173/__cypress/runner/cypress_runner.js:2370:9)\n    at Async._drainQueues (http://localhost:5173/__cypress/runner/cypress_runner.js:2386:5)\n    at Async.drainQueues (http://localhost:5173/__cypress/runner/cypress_runner.js:2256:14)\nFrom Your Spec Code:\n    at Context.eval (webpack://mes-college-website/./cypress/e2e/01-all-routes.cy.js:27:11)",
                    "diff": null
                  },
                  "uuid": "e8c9a66c-8ef3-4b5d-8c0e-40fecce7a41e",
                  "parentUUID": "17cf72fc-f58b-4e42-94bd-207c6e003eec",
                  "isHook": false,
                  "skipped": false
                },
                {
                  "title": "should not have any console errors on Course Regulations",
                  "fullTitle": "All Routes and Pages Tests Testing Course Regulations page should not have any console errors on Course Regulations",
                  "timedOut": null,
                  "duration": 0,
                  "state": "skipped",
                  "speed": null,
                  "pass": false,
                  "fail": false,
                  "pending": false,
                  "context": null,
                  "code": "cy.window().then(win => {\n  cy.spy(win.console, 'error').as('consoleError');\n});\ncy.get('@consoleError').should('not.be.called');",
                  "err": {},
                  "uuid": "88a92be7-469a-4124-abfa-bf09672c0c2a",
                  "parentUUID": "17cf72fc-f58b-4e42-94bd-207c6e003eec",
                  "isHook": false,
                  "skipped": true
                },
                {
                  "title": "should have correct page title or heading on Course Regulations",
                  "fullTitle": "All Routes and Pages Tests Testing Course Regulations page should have correct page title or heading on Course Regulations",
                  "timedOut": null,
                  "duration": 0,
                  "state": "skipped",
                  "speed": null,
                  "pass": false,
                  "fail": false,
                  "pending": false,
                  "context": null,
                  "code": "cy.get('main').should('exist').and('be.visible');",
                  "err": {},
                  "uuid": "a27f61cd-04ec-499b-948a-c0cc6595f97a",
                  "parentUUID": "17cf72fc-f58b-4e42-94bd-207c6e003eec",
                  "isHook": false,
                  "skipped": true
                },
                {
                  "title": "should render content on Course Regulations",
                  "fullTitle": "All Routes and Pages Tests Testing Course Regulations page should render content on Course Regulations",
                  "timedOut": null,
                  "duration": 0,
                  "state": "skipped",
                  "speed": null,
                  "pass": false,
                  "fail": false,
                  "pending": false,
                  "context": null,
                  "code": "cy.get('main').children().should('have.length.greaterThan', 0);",
                  "err": {},
                  "uuid": "a31945e9-fbc3-4169-bbf6-fcce9d02720d",
                  "parentUUID": "17cf72fc-f58b-4e42-94bd-207c6e003eec",
                  "isHook": false,
                  "skipped": true
                }
              ],
              "suites": [],
              "passes": [],
              "failures": [
                "e8c9a66c-8ef3-4b5d-8c0e-40fecce7a41e"
              ],
              "pending": [],
              "skipped": [
                "88a92be7-469a-4124-abfa-bf09672c0c2a",
                "a27f61cd-04ec-499b-948a-c0cc6595f97a",
                "a31945e9-fbc3-4169-bbf6-fcce9d02720d"
              ],
              "duration": 192,
              "root": false,
              "rootEmpty": false,
              "_timeout": 2000
            },
            {
              "uuid": "113e5673-a687-41af-a998-a683db604610",
              "title": "Testing Facilities page",
              "fullFile": "",
              "file": "",
              "beforeHooks": [],
              "afterHooks": [],
              "tests": [
                {
                  "title": "should load Facilities page successfully",
                  "fullTitle": "All Routes and Pages Tests Testing Facilities page should load Facilities page successfully",
                  "timedOut": null,
                  "duration": 204,
                  "state": "failed",
                  "speed": null,
                  "pass": false,
                  "fail": true,
                  "pending": false,
                  "context": null,
                  "code": "cy.url().should('include', route.path);\ncy.checkPageStructure();",
                  "err": {
                    "message": "CypressError: `cy.visit()` failed trying to load:\n\nhttp://localhost:5173/facilities\n\nThe response we received from your web server was:\n\n  > 404: Not Found\n\nThis was considered a failure because the status code was not `2xx`.\n\nIf you do not want status codes to cause failures pass the option: `failOnStatusCode: false`\n\nBecause this error occurred during a `before each` hook we are skipping the remaining tests in the current suite: `Testing Facilities page`",
                    "estack": "CypressError: `cy.visit()` failed trying to load:\n\nhttp://localhost:5173/facilities\n\nThe response we received from your web server was:\n\n  > 404: Not Found\n\nThis was considered a failure because the status code was not `2xx`.\n\nIf you do not want status codes to cause failures pass the option: `failOnStatusCode: false`\n\nBecause this error occurred during a `before each` hook we are skipping the remaining tests in the current suite: `Testing Facilities page`\n    at <unknown> (http://localhost:5173/__cypress/runner/cypress_runner.js:134864:76)\n    at visitFailedByErr (http://localhost:5173/__cypress/runner/cypress_runner.js:134454:12)\n    at <unknown> (http://localhost:5173/__cypress/runner/cypress_runner.js:134847:13)\n    at tryCatcher (http://localhost:5173/__cypress/runner/cypress_runner.js:1777:23)\n    at Promise._settlePromiseFromHandler (http://localhost:5173/__cypress/runner/cypress_runner.js:1489:31)\n    at Promise._settlePromise (http://localhost:5173/__cypress/runner/cypress_runner.js:1546:18)\n    at Promise._settlePromise0 (http://localhost:5173/__cypress/runner/cypress_runner.js:1591:10)\n    at Promise._settlePromises (http://localhost:5173/__cypress/runner/cypress_runner.js:1667:18)\n    at _drainQueueStep (http://localhost:5173/__cypress/runner/cypress_runner.js:2377:12)\n    at _drainQueue (http://localhost:5173/__cypress/runner/cypress_runner.js:2370:9)\n    at Async._drainQueues (http://localhost:5173/__cypress/runner/cypress_runner.js:2386:5)\n    at Async.drainQueues (http://localhost:5173/__cypress/runner/cypress_runner.js:2256:14)\nFrom Your Spec Code:\n    at Context.eval (webpack://mes-college-website/./cypress/e2e/01-all-routes.cy.js:27:11)",
                    "diff": null
                  },
                  "uuid": "79c35bb3-0261-49a9-aa03-9edbaa5a733c",
                  "parentUUID": "113e5673-a687-41af-a998-a683db604610",
                  "isHook": false,
                  "skipped": false
                },
                {
                  "title": "should not have any console errors on Facilities",
                  "fullTitle": "All Routes and Pages Tests Testing Facilities page should not have any console errors on Facilities",
                  "timedOut": null,
                  "duration": 0,
                  "state": "skipped",
                  "speed": null,
                  "pass": false,
                  "fail": false,
                  "pending": false,
                  "context": null,
                  "code": "cy.window().then(win => {\n  cy.spy(win.console, 'error').as('consoleError');\n});\ncy.get('@consoleError').should('not.be.called');",
                  "err": {},
                  "uuid": "b1591f50-3f96-4b56-ba9c-9bb15ffacef7",
                  "parentUUID": "113e5673-a687-41af-a998-a683db604610",
                  "isHook": false,
                  "skipped": true
                },
                {
                  "title": "should have correct page title or heading on Facilities",
                  "fullTitle": "All Routes and Pages Tests Testing Facilities page should have correct page title or heading on Facilities",
                  "timedOut": null,
                  "duration": 0,
                  "state": "skipped",
                  "speed": null,
                  "pass": false,
                  "fail": false,
                  "pending": false,
                  "context": null,
                  "code": "cy.get('main').should('exist').and('be.visible');",
                  "err": {},
                  "uuid": "db66b3ff-cf94-47be-ae42-21b5f76e1a8b",
                  "parentUUID": "113e5673-a687-41af-a998-a683db604610",
                  "isHook": false,
                  "skipped": true
                },
                {
                  "title": "should render content on Facilities",
                  "fullTitle": "All Routes and Pages Tests Testing Facilities page should render content on Facilities",
                  "timedOut": null,
                  "duration": 0,
                  "state": "skipped",
                  "speed": null,
                  "pass": false,
                  "fail": false,
                  "pending": false,
                  "context": null,
                  "code": "cy.get('main').children().should('have.length.greaterThan', 0);",
                  "err": {},
                  "uuid": "9b84b953-3538-47d0-8143-984210248d4b",
                  "parentUUID": "113e5673-a687-41af-a998-a683db604610",
                  "isHook": false,
                  "skipped": true
                }
              ],
              "suites": [],
              "passes": [],
              "failures": [
                "79c35bb3-0261-49a9-aa03-9edbaa5a733c"
              ],
              "pending": [],
              "skipped": [
                "b1591f50-3f96-4b56-ba9c-9bb15ffacef7",
                "db66b3ff-cf94-47be-ae42-21b5f76e1a8b",
                "9b84b953-3538-47d0-8143-984210248d4b"
              ],
              "duration": 204,
              "root": false,
              "rootEmpty": false,
              "_timeout": 2000
            },
            {
              "uuid": "08b57be6-9c14-489b-9213-71d1d8e5fce9",
              "title": "Testing Library page",
              "fullFile": "",
              "file": "",
              "beforeHooks": [],
              "afterHooks": [],
              "tests": [
                {
                  "title": "should load Library page successfully",
                  "fullTitle": "All Routes and Pages Tests Testing Library page should load Library page successfully",
                  "timedOut": null,
                  "duration": 196,
                  "state": "failed",
                  "speed": null,
                  "pass": false,
                  "fail": true,
                  "pending": false,
                  "context": null,
                  "code": "cy.url().should('include', route.path);\ncy.checkPageStructure();",
                  "err": {
                    "message": "CypressError: `cy.visit()` failed trying to load:\n\nhttp://localhost:5173/library\n\nThe response we received from your web server was:\n\n  > 404: Not Found\n\nThis was considered a failure because the status code was not `2xx`.\n\nIf you do not want status codes to cause failures pass the option: `failOnStatusCode: false`\n\nBecause this error occurred during a `before each` hook we are skipping the remaining tests in the current suite: `Testing Library page`",
                    "estack": "CypressError: `cy.visit()` failed trying to load:\n\nhttp://localhost:5173/library\n\nThe response we received from your web server was:\n\n  > 404: Not Found\n\nThis was considered a failure because the status code was not `2xx`.\n\nIf you do not want status codes to cause failures pass the option: `failOnStatusCode: false`\n\nBecause this error occurred during a `before each` hook we are skipping the remaining tests in the current suite: `Testing Library page`\n    at <unknown> (http://localhost:5173/__cypress/runner/cypress_runner.js:134864:76)\n    at visitFailedByErr (http://localhost:5173/__cypress/runner/cypress_runner.js:134454:12)\n    at <unknown> (http://localhost:5173/__cypress/runner/cypress_runner.js:134847:13)\n    at tryCatcher (http://localhost:5173/__cypress/runner/cypress_runner.js:1777:23)\n    at Promise._settlePromiseFromHandler (http://localhost:5173/__cypress/runner/cypress_runner.js:1489:31)\n    at Promise._settlePromise (http://localhost:5173/__cypress/runner/cypress_runner.js:1546:18)\n    at Promise._settlePromise0 (http://localhost:5173/__cypress/runner/cypress_runner.js:1591:10)\n    at Promise._settlePromises (http://localhost:5173/__cypress/runner/cypress_runner.js:1667:18)\n    at _drainQueueStep (http://localhost:5173/__cypress/runner/cypress_runner.js:2377:12)\n    at _drainQueue (http://localhost:5173/__cypress/runner/cypress_runner.js:2370:9)\n    at Async._drainQueues (http://localhost:5173/__cypress/runner/cypress_runner.js:2386:5)\n    at Async.drainQueues (http://localhost:5173/__cypress/runner/cypress_runner.js:2256:14)\nFrom Your Spec Code:\n    at Context.eval (webpack://mes-college-website/./cypress/e2e/01-all-routes.cy.js:27:11)",
                    "diff": null
                  },
                  "uuid": "6a6e4127-aab9-4ff2-94f1-5b7c2b482e4b",
                  "parentUUID": "08b57be6-9c14-489b-9213-71d1d8e5fce9",
                  "isHook": false,
                  "skipped": false
                },
                {
                  "title": "should not have any console errors on Library",
                  "fullTitle": "All Routes and Pages Tests Testing Library page should not have any console errors on Library",
                  "timedOut": null,
                  "duration": 0,
                  "state": "skipped",
                  "speed": null,
                  "pass": false,
                  "fail": false,
                  "pending": false,
                  "context": null,
                  "code": "cy.window().then(win => {\n  cy.spy(win.console, 'error').as('consoleError');\n});\ncy.get('@consoleError').should('not.be.called');",
                  "err": {},
                  "uuid": "540d10a1-803e-45f3-aa18-1e3fc501d813",
                  "parentUUID": "08b57be6-9c14-489b-9213-71d1d8e5fce9",
                  "isHook": false,
                  "skipped": true
                },
                {
                  "title": "should have correct page title or heading on Library",
                  "fullTitle": "All Routes and Pages Tests Testing Library page should have correct page title or heading on Library",
                  "timedOut": null,
                  "duration": 0,
                  "state": "skipped",
                  "speed": null,
                  "pass": false,
                  "fail": false,
                  "pending": false,
                  "context": null,
                  "code": "cy.get('main').should('exist').and('be.visible');",
                  "err": {},
                  "uuid": "b4864e91-1aba-432b-b235-fa3eec96be7f",
                  "parentUUID": "08b57be6-9c14-489b-9213-71d1d8e5fce9",
                  "isHook": false,
                  "skipped": true
                },
                {
                  "title": "should render content on Library",
                  "fullTitle": "All Routes and Pages Tests Testing Library page should render content on Library",
                  "timedOut": null,
                  "duration": 0,
                  "state": "skipped",
                  "speed": null,
                  "pass": false,
                  "fail": false,
                  "pending": false,
                  "context": null,
                  "code": "cy.get('main').children().should('have.length.greaterThan', 0);",
                  "err": {},
                  "uuid": "19297394-9421-445f-8842-fd26ca27b114",
                  "parentUUID": "08b57be6-9c14-489b-9213-71d1d8e5fce9",
                  "isHook": false,
                  "skipped": true
                }
              ],
              "suites": [],
              "passes": [],
              "failures": [
                "6a6e4127-aab9-4ff2-94f1-5b7c2b482e4b"
              ],
              "pending": [],
              "skipped": [
                "540d10a1-803e-45f3-aa18-1e3fc501d813",
                "b4864e91-1aba-432b-b235-fa3eec96be7f",
                "19297394-9421-445f-8842-fd26ca27b114"
              ],
              "duration": 196,
              "root": false,
              "rootEmpty": false,
              "_timeout": 2000
            },
            {
              "uuid": "161a818a-25b3-4048-b929-b2c0412c6c5c",
              "title": "Testing Laboratories page",
              "fullFile": "",
              "file": "",
              "beforeHooks": [],
              "afterHooks": [],
              "tests": [
                {
                  "title": "should load Laboratories page successfully",
                  "fullTitle": "All Routes and Pages Tests Testing Laboratories page should load Laboratories page successfully",
                  "timedOut": null,
                  "duration": 178,
                  "state": "failed",
                  "speed": null,
                  "pass": false,
                  "fail": true,
                  "pending": false,
                  "context": null,
                  "code": "cy.url().should('include', route.path);\ncy.checkPageStructure();",
                  "err": {
                    "message": "CypressError: `cy.visit()` failed trying to load:\n\nhttp://localhost:5173/laboratories\n\nThe response we received from your web server was:\n\n  > 404: Not Found\n\nThis was considered a failure because the status code was not `2xx`.\n\nIf you do not want status codes to cause failures pass the option: `failOnStatusCode: false`\n\nBecause this error occurred during a `before each` hook we are skipping the remaining tests in the current suite: `Testing Laboratories page`",
                    "estack": "CypressError: `cy.visit()` failed trying to load:\n\nhttp://localhost:5173/laboratories\n\nThe response we received from your web server was:\n\n  > 404: Not Found\n\nThis was considered a failure because the status code was not `2xx`.\n\nIf you do not want status codes to cause failures pass the option: `failOnStatusCode: false`\n\nBecause this error occurred during a `before each` hook we are skipping the remaining tests in the current suite: `Testing Laboratories page`\n    at <unknown> (http://localhost:5173/__cypress/runner/cypress_runner.js:134864:76)\n    at visitFailedByErr (http://localhost:5173/__cypress/runner/cypress_runner.js:134454:12)\n    at <unknown> (http://localhost:5173/__cypress/runner/cypress_runner.js:134847:13)\n    at tryCatcher (http://localhost:5173/__cypress/runner/cypress_runner.js:1777:23)\n    at Promise._settlePromiseFromHandler (http://localhost:5173/__cypress/runner/cypress_runner.js:1489:31)\n    at Promise._settlePromise (http://localhost:5173/__cypress/runner/cypress_runner.js:1546:18)\n    at Promise._settlePromise0 (http://localhost:5173/__cypress/runner/cypress_runner.js:1591:10)\n    at Promise._settlePromises (http://localhost:5173/__cypress/runner/cypress_runner.js:1667:18)\n    at _drainQueueStep (http://localhost:5173/__cypress/runner/cypress_runner.js:2377:12)\n    at _drainQueue (http://localhost:5173/__cypress/runner/cypress_runner.js:2370:9)\n    at Async._drainQueues (http://localhost:5173/__cypress/runner/cypress_runner.js:2386:5)\n    at Async.drainQueues (http://localhost:5173/__cypress/runner/cypress_runner.js:2256:14)\nFrom Your Spec Code:\n    at Context.eval (webpack://mes-college-website/./cypress/e2e/01-all-routes.cy.js:27:11)",
                    "diff": null
                  },
                  "uuid": "c02605fd-6bd5-4e63-9e57-8c0b5c83296b",
                  "parentUUID": "161a818a-25b3-4048-b929-b2c0412c6c5c",
                  "isHook": false,
                  "skipped": false
                },
                {
                  "title": "should not have any console errors on Laboratories",
                  "fullTitle": "All Routes and Pages Tests Testing Laboratories page should not have any console errors on Laboratories",
                  "timedOut": null,
                  "duration": 0,
                  "state": "skipped",
                  "speed": null,
                  "pass": false,
                  "fail": false,
                  "pending": false,
                  "context": null,
                  "code": "cy.window().then(win => {\n  cy.spy(win.console, 'error').as('consoleError');\n});\ncy.get('@consoleError').should('not.be.called');",
                  "err": {},
                  "uuid": "249ba145-ab13-415b-b54f-5365d08fae03",
                  "parentUUID": "161a818a-25b3-4048-b929-b2c0412c6c5c",
                  "isHook": false,
                  "skipped": true
                },
                {
                  "title": "should have correct page title or heading on Laboratories",
                  "fullTitle": "All Routes and Pages Tests Testing Laboratories page should have correct page title or heading on Laboratories",
                  "timedOut": null,
                  "duration": 0,
                  "state": "skipped",
                  "speed": null,
                  "pass": false,
                  "fail": false,
                  "pending": false,
                  "context": null,
                  "code": "cy.get('main').should('exist').and('be.visible');",
                  "err": {},
                  "uuid": "2b7800f3-713f-4ee4-b31c-4b0dcd375a04",
                  "parentUUID": "161a818a-25b3-4048-b929-b2c0412c6c5c",
                  "isHook": false,
                  "skipped": true
                },
                {
                  "title": "should render content on Laboratories",
                  "fullTitle": "All Routes and Pages Tests Testing Laboratories page should render content on Laboratories",
                  "timedOut": null,
                  "duration": 0,
                  "state": "skipped",
                  "speed": null,
                  "pass": false,
                  "fail": false,
                  "pending": false,
                  "context": null,
                  "code": "cy.get('main').children().should('have.length.greaterThan', 0);",
                  "err": {},
                  "uuid": "c22ed24a-c685-425b-907f-f49049937708",
                  "parentUUID": "161a818a-25b3-4048-b929-b2c0412c6c5c",
                  "isHook": false,
                  "skipped": true
                }
              ],
              "suites": [],
              "passes": [],
              "failures": [
                "c02605fd-6bd5-4e63-9e57-8c0b5c83296b"
              ],
              "pending": [],
              "skipped": [
                "249ba145-ab13-415b-b54f-5365d08fae03",
                "2b7800f3-713f-4ee4-b31c-4b0dcd375a04",
                "c22ed24a-c685-425b-907f-f49049937708"
              ],
              "duration": 178,
              "root": false,
              "rootEmpty": false,
              "_timeout": 2000
            },
            {
              "uuid": "be03691f-e270-41a7-ae61-3e60a51c00d1",
              "title": "Testing Faculty page",
              "fullFile": "",
              "file": "",
              "beforeHooks": [],
              "afterHooks": [],
              "tests": [
                {
                  "title": "should load Faculty page successfully",
                  "fullTitle": "All Routes and Pages Tests Testing Faculty page should load Faculty page successfully",
                  "timedOut": null,
                  "duration": 177,
                  "state": "failed",
                  "speed": null,
                  "pass": false,
                  "fail": true,
                  "pending": false,
                  "context": null,
                  "code": "cy.url().should('include', route.path);\ncy.checkPageStructure();",
                  "err": {
                    "message": "CypressError: `cy.visit()` failed trying to load:\n\nhttp://localhost:5173/faculty\n\nThe response we received from your web server was:\n\n  > 404: Not Found\n\nThis was considered a failure because the status code was not `2xx`.\n\nIf you do not want status codes to cause failures pass the option: `failOnStatusCode: false`\n\nBecause this error occurred during a `before each` hook we are skipping the remaining tests in the current suite: `Testing Faculty page`",
                    "estack": "CypressError: `cy.visit()` failed trying to load:\n\nhttp://localhost:5173/faculty\n\nThe response we received from your web server was:\n\n  > 404: Not Found\n\nThis was considered a failure because the status code was not `2xx`.\n\nIf you do not want status codes to cause failures pass the option: `failOnStatusCode: false`\n\nBecause this error occurred during a `before each` hook we are skipping the remaining tests in the current suite: `Testing Faculty page`\n    at <unknown> (http://localhost:5173/__cypress/runner/cypress_runner.js:134864:76)\n    at visitFailedByErr (http://localhost:5173/__cypress/runner/cypress_runner.js:134454:12)\n    at <unknown> (http://localhost:5173/__cypress/runner/cypress_runner.js:134847:13)\n    at tryCatcher (http://localhost:5173/__cypress/runner/cypress_runner.js:1777:23)\n    at Promise._settlePromiseFromHandler (http://localhost:5173/__cypress/runner/cypress_runner.js:1489:31)\n    at Promise._settlePromise (http://localhost:5173/__cypress/runner/cypress_runner.js:1546:18)\n    at Promise._settlePromise0 (http://localhost:5173/__cypress/runner/cypress_runner.js:1591:10)\n    at Promise._settlePromises (http://localhost:5173/__cypress/runner/cypress_runner.js:1667:18)\n    at _drainQueueStep (http://localhost:5173/__cypress/runner/cypress_runner.js:2377:12)\n    at _drainQueue (http://localhost:5173/__cypress/runner/cypress_runner.js:2370:9)\n    at Async._drainQueues (http://localhost:5173/__cypress/runner/cypress_runner.js:2386:5)\n    at Async.drainQueues (http://localhost:5173/__cypress/runner/cypress_runner.js:2256:14)\nFrom Your Spec Code:\n    at Context.eval (webpack://mes-college-website/./cypress/e2e/01-all-routes.cy.js:27:11)",
                    "diff": null
                  },
                  "uuid": "43163094-408b-4a3c-b785-9d0b5a258110",
                  "parentUUID": "be03691f-e270-41a7-ae61-3e60a51c00d1",
                  "isHook": false,
                  "skipped": false
                },
                {
                  "title": "should not have any console errors on Faculty",
                  "fullTitle": "All Routes and Pages Tests Testing Faculty page should not have any console errors on Faculty",
                  "timedOut": null,
                  "duration": 0,
                  "state": "skipped",
                  "speed": null,
                  "pass": false,
                  "fail": false,
                  "pending": false,
                  "context": null,
                  "code": "cy.window().then(win => {\n  cy.spy(win.console, 'error').as('consoleError');\n});\ncy.get('@consoleError').should('not.be.called');",
                  "err": {},
                  "uuid": "1d918701-3661-4a81-8c3e-469470689117",
                  "parentUUID": "be03691f-e270-41a7-ae61-3e60a51c00d1",
                  "isHook": false,
                  "skipped": true
                },
                {
                  "title": "should have correct page title or heading on Faculty",
                  "fullTitle": "All Routes and Pages Tests Testing Faculty page should have correct page title or heading on Faculty",
                  "timedOut": null,
                  "duration": 0,
                  "state": "skipped",
                  "speed": null,
                  "pass": false,
                  "fail": false,
                  "pending": false,
                  "context": null,
                  "code": "cy.get('main').should('exist').and('be.visible');",
                  "err": {},
                  "uuid": "ea38b5e0-fc2a-4666-8313-6eeb2d96eab5",
                  "parentUUID": "be03691f-e270-41a7-ae61-3e60a51c00d1",
                  "isHook": false,
                  "skipped": true
                },
                {
                  "title": "should render content on Faculty",
                  "fullTitle": "All Routes and Pages Tests Testing Faculty page should render content on Faculty",
                  "timedOut": null,
                  "duration": 0,
                  "state": "skipped",
                  "speed": null,
                  "pass": false,
                  "fail": false,
                  "pending": false,
                  "context": null,
                  "code": "cy.get('main').children().should('have.length.greaterThan', 0);",
                  "err": {},
                  "uuid": "fa555cfa-a030-42a7-8e63-cd51017daa94",
                  "parentUUID": "be03691f-e270-41a7-ae61-3e60a51c00d1",
                  "isHook": false,
                  "skipped": true
                }
              ],
              "suites": [],
              "passes": [],
              "failures": [
                "43163094-408b-4a3c-b785-9d0b5a258110"
              ],
              "pending": [],
              "skipped": [
                "1d918701-3661-4a81-8c3e-469470689117",
                "ea38b5e0-fc2a-4666-8313-6eeb2d96eab5",
                "fa555cfa-a030-42a7-8e63-cd51017daa94"
              ],
              "duration": 177,
              "root": false,
              "rootEmpty": false,
              "_timeout": 2000
            },
            {
              "uuid": "23235a3c-3755-445b-9256-52ad4094ab5d",
              "title": "Testing Non-Teaching page",
              "fullFile": "",
              "file": "",
              "beforeHooks": [],
              "afterHooks": [],
              "tests": [
                {
                  "title": "should load Non-Teaching page successfully",
                  "fullTitle": "All Routes and Pages Tests Testing Non-Teaching page should load Non-Teaching page successfully",
                  "timedOut": null,
                  "duration": 169,
                  "state": "failed",
                  "speed": null,
                  "pass": false,
                  "fail": true,
                  "pending": false,
                  "context": null,
                  "code": "cy.url().should('include', route.path);\ncy.checkPageStructure();",
                  "err": {
                    "message": "CypressError: `cy.visit()` failed trying to load:\n\nhttp://localhost:5173/non-teaching\n\nThe response we received from your web server was:\n\n  > 404: Not Found\n\nThis was considered a failure because the status code was not `2xx`.\n\nIf you do not want status codes to cause failures pass the option: `failOnStatusCode: false`\n\nBecause this error occurred during a `before each` hook we are skipping the remaining tests in the current suite: `Testing Non-Teaching page`",
                    "estack": "CypressError: `cy.visit()` failed trying to load:\n\nhttp://localhost:5173/non-teaching\n\nThe response we received from your web server was:\n\n  > 404: Not Found\n\nThis was considered a failure because the status code was not `2xx`.\n\nIf you do not want status codes to cause failures pass the option: `failOnStatusCode: false`\n\nBecause this error occurred during a `before each` hook we are skipping the remaining tests in the current suite: `Testing Non-Teaching page`\n    at <unknown> (http://localhost:5173/__cypress/runner/cypress_runner.js:134864:76)\n    at visitFailedByErr (http://localhost:5173/__cypress/runner/cypress_runner.js:134454:12)\n    at <unknown> (http://localhost:5173/__cypress/runner/cypress_runner.js:134847:13)\n    at tryCatcher (http://localhost:5173/__cypress/runner/cypress_runner.js:1777:23)\n    at Promise._settlePromiseFromHandler (http://localhost:5173/__cypress/runner/cypress_runner.js:1489:31)\n    at Promise._settlePromise (http://localhost:5173/__cypress/runner/cypress_runner.js:1546:18)\n    at Promise._settlePromise0 (http://localhost:5173/__cypress/runner/cypress_runner.js:1591:10)\n    at Promise._settlePromises (http://localhost:5173/__cypress/runner/cypress_runner.js:1667:18)\n    at _drainQueueStep (http://localhost:5173/__cypress/runner/cypress_runner.js:2377:12)\n    at _drainQueue (http://localhost:5173/__cypress/runner/cypress_runner.js:2370:9)\n    at Async._drainQueues (http://localhost:5173/__cypress/runner/cypress_runner.js:2386:5)\n    at Async.drainQueues (http://localhost:5173/__cypress/runner/cypress_runner.js:2256:14)\nFrom Your Spec Code:\n    at Context.eval (webpack://mes-college-website/./cypress/e2e/01-all-routes.cy.js:27:11)",
                    "diff": null
                  },
                  "uuid": "8dc9be23-d300-4efd-b8c5-16f838b1e3a0",
                  "parentUUID": "23235a3c-3755-445b-9256-52ad4094ab5d",
                  "isHook": false,
                  "skipped": false
                },
                {
                  "title": "should not have any console errors on Non-Teaching",
                  "fullTitle": "All Routes and Pages Tests Testing Non-Teaching page should not have any console errors on Non-Teaching",
                  "timedOut": null,
                  "duration": 0,
                  "state": "skipped",
                  "speed": null,
                  "pass": false,
                  "fail": false,
                  "pending": false,
                  "context": null,
                  "code": "cy.window().then(win => {\n  cy.spy(win.console, 'error').as('consoleError');\n});\ncy.get('@consoleError').should('not.be.called');",
                  "err": {},
                  "uuid": "a427f438-1fad-4da7-8424-fd9f4f876497",
                  "parentUUID": "23235a3c-3755-445b-9256-52ad4094ab5d",
                  "isHook": false,
                  "skipped": true
                },
                {
                  "title": "should have correct page title or heading on Non-Teaching",
                  "fullTitle": "All Routes and Pages Tests Testing Non-Teaching page should have correct page title or heading on Non-Teaching",
                  "timedOut": null,
                  "duration": 0,
                  "state": "skipped",
                  "speed": null,
                  "pass": false,
                  "fail": false,
                  "pending": false,
                  "context": null,
                  "code": "cy.get('main').should('exist').and('be.visible');",
                  "err": {},
                  "uuid": "1d85ee79-3224-4f29-bad8-fced9f59d5d4",
                  "parentUUID": "23235a3c-3755-445b-9256-52ad4094ab5d",
                  "isHook": false,
                  "skipped": true
                },
                {
                  "title": "should render content on Non-Teaching",
                  "fullTitle": "All Routes and Pages Tests Testing Non-Teaching page should render content on Non-Teaching",
                  "timedOut": null,
                  "duration": 0,
                  "state": "skipped",
                  "speed": null,
                  "pass": false,
                  "fail": false,
                  "pending": false,
                  "context": null,
                  "code": "cy.get('main').children().should('have.length.greaterThan', 0);",
                  "err": {},
                  "uuid": "ab2c3bba-97b5-4db7-bbcf-be52d6f6a0ca",
                  "parentUUID": "23235a3c-3755-445b-9256-52ad4094ab5d",
                  "isHook": false,
                  "skipped": true
                }
              ],
              "suites": [],
              "passes": [],
              "failures": [
                "8dc9be23-d300-4efd-b8c5-16f838b1e3a0"
              ],
              "pending": [],
              "skipped": [
                "a427f438-1fad-4da7-8424-fd9f4f876497",
                "1d85ee79-3224-4f29-bad8-fced9f59d5d4",
                "ab2c3bba-97b5-4db7-bbcf-be52d6f6a0ca"
              ],
              "duration": 169,
              "root": false,
              "rootEmpty": false,
              "_timeout": 2000
            },
            {
              "uuid": "1a5923c3-ec73-481d-b904-36244eb592ba",
              "title": "Testing Arts page",
              "fullFile": "",
              "file": "",
              "beforeHooks": [],
              "afterHooks": [],
              "tests": [
                {
                  "title": "should load Arts page successfully",
                  "fullTitle": "All Routes and Pages Tests Testing Arts page should load Arts page successfully",
                  "timedOut": null,
                  "duration": 195,
                  "state": "failed",
                  "speed": null,
                  "pass": false,
                  "fail": true,
                  "pending": false,
                  "context": null,
                  "code": "cy.url().should('include', route.path);\ncy.checkPageStructure();",
                  "err": {
                    "message": "CypressError: `cy.visit()` failed trying to load:\n\nhttp://localhost:5173/arts\n\nThe response we received from your web server was:\n\n  > 404: Not Found\n\nThis was considered a failure because the status code was not `2xx`.\n\nIf you do not want status codes to cause failures pass the option: `failOnStatusCode: false`\n\nBecause this error occurred during a `before each` hook we are skipping the remaining tests in the current suite: `Testing Arts page`",
                    "estack": "CypressError: `cy.visit()` failed trying to load:\n\nhttp://localhost:5173/arts\n\nThe response we received from your web server was:\n\n  > 404: Not Found\n\nThis was considered a failure because the status code was not `2xx`.\n\nIf you do not want status codes to cause failures pass the option: `failOnStatusCode: false`\n\nBecause this error occurred during a `before each` hook we are skipping the remaining tests in the current suite: `Testing Arts page`\n    at <unknown> (http://localhost:5173/__cypress/runner/cypress_runner.js:134864:76)\n    at visitFailedByErr (http://localhost:5173/__cypress/runner/cypress_runner.js:134454:12)\n    at <unknown> (http://localhost:5173/__cypress/runner/cypress_runner.js:134847:13)\n    at tryCatcher (http://localhost:5173/__cypress/runner/cypress_runner.js:1777:23)\n    at Promise._settlePromiseFromHandler (http://localhost:5173/__cypress/runner/cypress_runner.js:1489:31)\n    at Promise._settlePromise (http://localhost:5173/__cypress/runner/cypress_runner.js:1546:18)\n    at Promise._settlePromise0 (http://localhost:5173/__cypress/runner/cypress_runner.js:1591:10)\n    at Promise._settlePromises (http://localhost:5173/__cypress/runner/cypress_runner.js:1667:18)\n    at _drainQueueStep (http://localhost:5173/__cypress/runner/cypress_runner.js:2377:12)\n    at _drainQueue (http://localhost:5173/__cypress/runner/cypress_runner.js:2370:9)\n    at Async._drainQueues (http://localhost:5173/__cypress/runner/cypress_runner.js:2386:5)\n    at Async.drainQueues (http://localhost:5173/__cypress/runner/cypress_runner.js:2256:14)\nFrom Your Spec Code:\n    at Context.eval (webpack://mes-college-website/./cypress/e2e/01-all-routes.cy.js:27:11)",
                    "diff": null
                  },
                  "uuid": "8aea191c-4873-4205-9fcd-80ea23a12168",
                  "parentUUID": "1a5923c3-ec73-481d-b904-36244eb592ba",
                  "isHook": false,
                  "skipped": false
                },
                {
                  "title": "should not have any console errors on Arts",
                  "fullTitle": "All Routes and Pages Tests Testing Arts page should not have any console errors on Arts",
                  "timedOut": null,
                  "duration": 0,
                  "state": "skipped",
                  "speed": null,
                  "pass": false,
                  "fail": false,
                  "pending": false,
                  "context": null,
                  "code": "cy.window().then(win => {\n  cy.spy(win.console, 'error').as('consoleError');\n});\ncy.get('@consoleError').should('not.be.called');",
                  "err": {},
                  "uuid": "c0153b02-86ed-414a-be09-b70cc2919461",
                  "parentUUID": "1a5923c3-ec73-481d-b904-36244eb592ba",
                  "isHook": false,
                  "skipped": true
                },
                {
                  "title": "should have correct page title or heading on Arts",
                  "fullTitle": "All Routes and Pages Tests Testing Arts page should have correct page title or heading on Arts",
                  "timedOut": null,
                  "duration": 0,
                  "state": "skipped",
                  "speed": null,
                  "pass": false,
                  "fail": false,
                  "pending": false,
                  "context": null,
                  "code": "cy.get('main').should('exist').and('be.visible');",
                  "err": {},
                  "uuid": "a6641caf-b97e-47cc-bb39-8d7d2bd588b6",
                  "parentUUID": "1a5923c3-ec73-481d-b904-36244eb592ba",
                  "isHook": false,
                  "skipped": true
                },
                {
                  "title": "should render content on Arts",
                  "fullTitle": "All Routes and Pages Tests Testing Arts page should render content on Arts",
                  "timedOut": null,
                  "duration": 0,
                  "state": "skipped",
                  "speed": null,
                  "pass": false,
                  "fail": false,
                  "pending": false,
                  "context": null,
                  "code": "cy.get('main').children().should('have.length.greaterThan', 0);",
                  "err": {},
                  "uuid": "935c5d41-bb8d-49ee-90ff-142b2a5269c8",
                  "parentUUID": "1a5923c3-ec73-481d-b904-36244eb592ba",
                  "isHook": false,
                  "skipped": true
                }
              ],
              "suites": [],
              "passes": [],
              "failures": [
                "8aea191c-4873-4205-9fcd-80ea23a12168"
              ],
              "pending": [],
              "skipped": [
                "c0153b02-86ed-414a-be09-b70cc2919461",
                "a6641caf-b97e-47cc-bb39-8d7d2bd588b6",
                "935c5d41-bb8d-49ee-90ff-142b2a5269c8"
              ],
              "duration": 195,
              "root": false,
              "rootEmpty": false,
              "_timeout": 2000
            },
            {
              "uuid": "b949edf9-7ecc-420d-84e2-d70c52a3c37e",
              "title": "Testing Commerce page",
              "fullFile": "",
              "file": "",
              "beforeHooks": [],
              "afterHooks": [],
              "tests": [
                {
                  "title": "should load Commerce page successfully",
                  "fullTitle": "All Routes and Pages Tests Testing Commerce page should load Commerce page successfully",
                  "timedOut": null,
                  "duration": 169,
                  "state": "failed",
                  "speed": null,
                  "pass": false,
                  "fail": true,
                  "pending": false,
                  "context": null,
                  "code": "cy.url().should('include', route.path);\ncy.checkPageStructure();",
                  "err": {
                    "message": "CypressError: `cy.visit()` failed trying to load:\n\nhttp://localhost:5173/commerce\n\nThe response we received from your web server was:\n\n  > 404: Not Found\n\nThis was considered a failure because the status code was not `2xx`.\n\nIf you do not want status codes to cause failures pass the option: `failOnStatusCode: false`\n\nBecause this error occurred during a `before each` hook we are skipping the remaining tests in the current suite: `Testing Commerce page`",
                    "estack": "CypressError: `cy.visit()` failed trying to load:\n\nhttp://localhost:5173/commerce\n\nThe response we received from your web server was:\n\n  > 404: Not Found\n\nThis was considered a failure because the status code was not `2xx`.\n\nIf you do not want status codes to cause failures pass the option: `failOnStatusCode: false`\n\nBecause this error occurred during a `before each` hook we are skipping the remaining tests in the current suite: `Testing Commerce page`\n    at <unknown> (http://localhost:5173/__cypress/runner/cypress_runner.js:134864:76)\n    at visitFailedByErr (http://localhost:5173/__cypress/runner/cypress_runner.js:134454:12)\n    at <unknown> (http://localhost:5173/__cypress/runner/cypress_runner.js:134847:13)\n    at tryCatcher (http://localhost:5173/__cypress/runner/cypress_runner.js:1777:23)\n    at Promise._settlePromiseFromHandler (http://localhost:5173/__cypress/runner/cypress_runner.js:1489:31)\n    at Promise._settlePromise (http://localhost:5173/__cypress/runner/cypress_runner.js:1546:18)\n    at Promise._settlePromise0 (http://localhost:5173/__cypress/runner/cypress_runner.js:1591:10)\n    at Promise._settlePromises (http://localhost:5173/__cypress/runner/cypress_runner.js:1667:18)\n    at _drainQueueStep (http://localhost:5173/__cypress/runner/cypress_runner.js:2377:12)\n    at _drainQueue (http://localhost:5173/__cypress/runner/cypress_runner.js:2370:9)\n    at Async._drainQueues (http://localhost:5173/__cypress/runner/cypress_runner.js:2386:5)\n    at Async.drainQueues (http://localhost:5173/__cypress/runner/cypress_runner.js:2256:14)\nFrom Your Spec Code:\n    at Context.eval (webpack://mes-college-website/./cypress/e2e/01-all-routes.cy.js:27:11)",
                    "diff": null
                  },
                  "uuid": "bd622ce0-a4a4-4097-913a-1d4961946db5",
                  "parentUUID": "b949edf9-7ecc-420d-84e2-d70c52a3c37e",
                  "isHook": false,
                  "skipped": false
                },
                {
                  "title": "should not have any console errors on Commerce",
                  "fullTitle": "All Routes and Pages Tests Testing Commerce page should not have any console errors on Commerce",
                  "timedOut": null,
                  "duration": 0,
                  "state": "skipped",
                  "speed": null,
                  "pass": false,
                  "fail": false,
                  "pending": false,
                  "context": null,
                  "code": "cy.window().then(win => {\n  cy.spy(win.console, 'error').as('consoleError');\n});\ncy.get('@consoleError').should('not.be.called');",
                  "err": {},
                  "uuid": "63ee6a99-d695-44b2-ab11-c4ddb907cac8",
                  "parentUUID": "b949edf9-7ecc-420d-84e2-d70c52a3c37e",
                  "isHook": false,
                  "skipped": true
                },
                {
                  "title": "should have correct page title or heading on Commerce",
                  "fullTitle": "All Routes and Pages Tests Testing Commerce page should have correct page title or heading on Commerce",
                  "timedOut": null,
                  "duration": 0,
                  "state": "skipped",
                  "speed": null,
                  "pass": false,
                  "fail": false,
                  "pending": false,
                  "context": null,
                  "code": "cy.get('main').should('exist').and('be.visible');",
                  "err": {},
                  "uuid": "e241d547-57b1-4790-bd1d-e70c4dff3a7d",
                  "parentUUID": "b949edf9-7ecc-420d-84e2-d70c52a3c37e",
                  "isHook": false,
                  "skipped": true
                },
                {
                  "title": "should render content on Commerce",
                  "fullTitle": "All Routes and Pages Tests Testing Commerce page should render content on Commerce",
                  "timedOut": null,
                  "duration": 0,
                  "state": "skipped",
                  "speed": null,
                  "pass": false,
                  "fail": false,
                  "pending": false,
                  "context": null,
                  "code": "cy.get('main').children().should('have.length.greaterThan', 0);",
                  "err": {},
                  "uuid": "dd6bcf46-5918-4f0f-9696-903b2981abe9",
                  "parentUUID": "b949edf9-7ecc-420d-84e2-d70c52a3c37e",
                  "isHook": false,
                  "skipped": true
                }
              ],
              "suites": [],
              "passes": [],
              "failures": [
                "bd622ce0-a4a4-4097-913a-1d4961946db5"
              ],
              "pending": [],
              "skipped": [
                "63ee6a99-d695-44b2-ab11-c4ddb907cac8",
                "e241d547-57b1-4790-bd1d-e70c4dff3a7d",
                "dd6bcf46-5918-4f0f-9696-903b2981abe9"
              ],
              "duration": 169,
              "root": false,
              "rootEmpty": false,
              "_timeout": 2000
            },
            {
              "uuid": "1fc7e5b3-ad57-441a-8e1b-4ff629f6fb76",
              "title": "Testing Science page",
              "fullFile": "",
              "file": "",
              "beforeHooks": [],
              "afterHooks": [],
              "tests": [
                {
                  "title": "should load Science page successfully",
                  "fullTitle": "All Routes and Pages Tests Testing Science page should load Science page successfully",
                  "timedOut": null,
                  "duration": 174,
                  "state": "failed",
                  "speed": null,
                  "pass": false,
                  "fail": true,
                  "pending": false,
                  "context": null,
                  "code": "cy.url().should('include', route.path);\ncy.checkPageStructure();",
                  "err": {
                    "message": "CypressError: `cy.visit()` failed trying to load:\n\nhttp://localhost:5173/science\n\nThe response we received from your web server was:\n\n  > 404: Not Found\n\nThis was considered a failure because the status code was not `2xx`.\n\nIf you do not want status codes to cause failures pass the option: `failOnStatusCode: false`\n\nBecause this error occurred during a `before each` hook we are skipping the remaining tests in the current suite: `Testing Science page`",
                    "estack": "CypressError: `cy.visit()` failed trying to load:\n\nhttp://localhost:5173/science\n\nThe response we received from your web server was:\n\n  > 404: Not Found\n\nThis was considered a failure because the status code was not `2xx`.\n\nIf you do not want status codes to cause failures pass the option: `failOnStatusCode: false`\n\nBecause this error occurred during a `before each` hook we are skipping the remaining tests in the current suite: `Testing Science page`\n    at <unknown> (http://localhost:5173/__cypress/runner/cypress_runner.js:134864:76)\n    at visitFailedByErr (http://localhost:5173/__cypress/runner/cypress_runner.js:134454:12)\n    at <unknown> (http://localhost:5173/__cypress/runner/cypress_runner.js:134847:13)\n    at tryCatcher (http://localhost:5173/__cypress/runner/cypress_runner.js:1777:23)\n    at Promise._settlePromiseFromHandler (http://localhost:5173/__cypress/runner/cypress_runner.js:1489:31)\n    at Promise._settlePromise (http://localhost:5173/__cypress/runner/cypress_runner.js:1546:18)\n    at Promise._settlePromise0 (http://localhost:5173/__cypress/runner/cypress_runner.js:1591:10)\n    at Promise._settlePromises (http://localhost:5173/__cypress/runner/cypress_runner.js:1667:18)\n    at _drainQueueStep (http://localhost:5173/__cypress/runner/cypress_runner.js:2377:12)\n    at _drainQueue (http://localhost:5173/__cypress/runner/cypress_runner.js:2370:9)\n    at Async._drainQueues (http://localhost:5173/__cypress/runner/cypress_runner.js:2386:5)\n    at Async.drainQueues (http://localhost:5173/__cypress/runner/cypress_runner.js:2256:14)\nFrom Your Spec Code:\n    at Context.eval (webpack://mes-college-website/./cypress/e2e/01-all-routes.cy.js:27:11)",
                    "diff": null
                  },
                  "uuid": "40110115-f6b0-47a2-b977-8c07830df1d1",
                  "parentUUID": "1fc7e5b3-ad57-441a-8e1b-4ff629f6fb76",
                  "isHook": false,
                  "skipped": false
                },
                {
                  "title": "should not have any console errors on Science",
                  "fullTitle": "All Routes and Pages Tests Testing Science page should not have any console errors on Science",
                  "timedOut": null,
                  "duration": 0,
                  "state": "skipped",
                  "speed": null,
                  "pass": false,
                  "fail": false,
                  "pending": false,
                  "context": null,
                  "code": "cy.window().then(win => {\n  cy.spy(win.console, 'error').as('consoleError');\n});\ncy.get('@consoleError').should('not.be.called');",
                  "err": {},
                  "uuid": "72293111-fc7a-49bf-8da8-7ac1627ae0d3",
                  "parentUUID": "1fc7e5b3-ad57-441a-8e1b-4ff629f6fb76",
                  "isHook": false,
                  "skipped": true
                },
                {
                  "title": "should have correct page title or heading on Science",
                  "fullTitle": "All Routes and Pages Tests Testing Science page should have correct page title or heading on Science",
                  "timedOut": null,
                  "duration": 0,
                  "state": "skipped",
                  "speed": null,
                  "pass": false,
                  "fail": false,
                  "pending": false,
                  "context": null,
                  "code": "cy.get('main').should('exist').and('be.visible');",
                  "err": {},
                  "uuid": "8f6ba944-4f91-4501-b0de-ee46939ce391",
                  "parentUUID": "1fc7e5b3-ad57-441a-8e1b-4ff629f6fb76",
                  "isHook": false,
                  "skipped": true
                },
                {
                  "title": "should render content on Science",
                  "fullTitle": "All Routes and Pages Tests Testing Science page should render content on Science",
                  "timedOut": null,
                  "duration": 0,
                  "state": "skipped",
                  "speed": null,
                  "pass": false,
                  "fail": false,
                  "pending": false,
                  "context": null,
                  "code": "cy.get('main').children().should('have.length.greaterThan', 0);",
                  "err": {},
                  "uuid": "5984939e-af84-4b63-a1f3-34de226ddcae",
                  "parentUUID": "1fc7e5b3-ad57-441a-8e1b-4ff629f6fb76",
                  "isHook": false,
                  "skipped": true
                }
              ],
              "suites": [],
              "passes": [],
              "failures": [
                "40110115-f6b0-47a2-b977-8c07830df1d1"
              ],
              "pending": [],
              "skipped": [
                "72293111-fc7a-49bf-8da8-7ac1627ae0d3",
                "8f6ba944-4f91-4501-b0de-ee46939ce391",
                "5984939e-af84-4b63-a1f3-34de226ddcae"
              ],
              "duration": 174,
              "root": false,
              "rootEmpty": false,
              "_timeout": 2000
            },
            {
              "uuid": "c439504f-b76b-4f34-a464-65b8a6c062d3",
              "title": "Testing NSS page",
              "fullFile": "",
              "file": "",
              "beforeHooks": [],
              "afterHooks": [],
              "tests": [
                {
                  "title": "should load NSS page successfully",
                  "fullTitle": "All Routes and Pages Tests Testing NSS page should load NSS page successfully",
                  "timedOut": null,
                  "duration": 202,
                  "state": "failed",
                  "speed": null,
                  "pass": false,
                  "fail": true,
                  "pending": false,
                  "context": null,
                  "code": "cy.url().should('include', route.path);\ncy.checkPageStructure();",
                  "err": {
                    "message": "CypressError: `cy.visit()` failed trying to load:\n\nhttp://localhost:5173/nss\n\nThe response we received from your web server was:\n\n  > 404: Not Found\n\nThis was considered a failure because the status code was not `2xx`.\n\nIf you do not want status codes to cause failures pass the option: `failOnStatusCode: false`\n\nBecause this error occurred during a `before each` hook we are skipping the remaining tests in the current suite: `Testing NSS page`",
[...]
                    "estack": "CypressError: `cy.visit()` failed trying to load:\n\nhttp://localhost:5173/rank-holders/pg\n\nThe response we received from your web server was:\n\n  > 404: Not Found\n\nThis was considered a failure because the status code was not `2xx`.\n\nIf you do not want status codes to cause failures pass the option: `failOnStatusCode: false`\n\nBecause this error occurred during a `before each` hook we are skipping the remaining tests in the current suite: `Testing PG Rank Holders page`\n    at <unknown> (http://localhost:5173/__cypress/runner/cypress_runner.js:134864:76)\n    at visitFailedByErr (http://localhost:5173/__cypress/runner/cypress_runner.js:134454:12)\n    at <unknown> (http://localhost:5173/__cypress/runner/cypress_runner.js:134847:13)\n    at tryCatcher (http://localhost:5173/__cypress/runner/cypress_runner.js:1777:23)\n    at Promise._settlePromiseFromHandler (http://localhost:5173/__cypress/runner/cypress_runner.js:1489:31)\n    at Promise._settlePromise (http://localhost:5173/__cypress/runner/cypress_runner.js:1546:18)\n    at Promise._settlePromise0 (http://localhost:5173/__cypress/runner/cypress_runner.js:1591:10)\n    at Promise._settlePromises (http://localhost:5173/__cypress/runner/cypress_runner.js:1667:18)\n    at _drainQueueStep (http://localhost:5173/__cypress/runner/cypress_runner.js:2377:12)\n    at _drainQueue (http://localhost:5173/__cypress/runner/cypress_runner.js:2370:9)\n    at Async._drainQueues (http://localhost:5173/__cypress/runner/cypress_runner.js:2386:5)\n    at Async.drainQueues (http://localhost:5173/__cypress/runner/cypress_runner.js:2256:14)\nFrom Your Spec Code:\n    at Context.eval (webpack://mes-college-website/./cypress/e2e/01-all-routes.cy.js:27:11)",
                    "diff": null
                  },
                  "uuid": "1541ea83-4d53-4b9d-9915-af3c4ae662c8",
                  "parentUUID": "2a0a1369-e941-4b2a-99a7-5b2ef4497ccb",
                  "isHook": false,
                  "skipped": false
                },
                {
                  "title": "should not have any console errors on PG Rank Holders",
                  "fullTitle": "All Routes and Pages Tests Testing PG Rank Holders page should not have any console errors on PG Rank Holders",
                  "timedOut": null,
                  "duration": 0,
                  "state": "skipped",
                  "speed": null,
                  "pass": false,
                  "fail": false,
                  "pending": false,
                  "context": null,
                  "code": "cy.window().then(win => {\n  cy.spy(win.console, 'error').as('consoleError');\n});\ncy.get('@consoleError').should('not.be.called');",
                  "err": {},
                  "uuid": "14ff989c-0d4b-4f1b-a7f3-3326db518344",
                  "parentUUID": "2a0a1369-e941-4b2a-99a7-5b2ef4497ccb",
                  "isHook": false,
                  "skipped": true
                },
                {
                  "title": "should have correct page title or heading on PG Rank Holders",
                  "fullTitle": "All Routes and Pages Tests Testing PG Rank Holders page should have correct page title or heading on PG Rank Holders",
                  "timedOut": null,
                  "duration": 0,
                  "state": "skipped",
                  "speed": null,
                  "pass": false,
                  "fail": false,
                  "pending": false,
                  "context": null,
                  "code": "cy.get('main').should('exist').and('be.visible');",
                  "err": {},
                  "uuid": "c37fea31-296c-4c4f-9111-5dd37aa71f77",
                  "parentUUID": "2a0a1369-e941-4b2a-99a7-5b2ef4497ccb",
                  "isHook": false,
                  "skipped": true
                },
                {
                  "title": "should render content on PG Rank Holders",
                  "fullTitle": "All Routes and Pages Tests Testing PG Rank Holders page should render content on PG Rank Holders",
                  "timedOut": null,
                  "duration": 0,
                  "state": "skipped",
                  "speed": null,
                  "pass": false,
                  "fail": false,
                  "pending": false,
                  "context": null,
                  "code": "cy.get('main').children().should('have.length.greaterThan', 0);",
                  "err": {},
                  "uuid": "ea14f495-bf51-4a70-8e44-227d0d7e7262",
                  "parentUUID": "2a0a1369-e941-4b2a-99a7-5b2ef4497ccb",
                  "isHook": false,
                  "skipped": true
                }
              ],
              "suites": [],
              "passes": [],
              "failures": [
                "1541ea83-4d53-4b9d-9915-af3c4ae662c8"
              ],
              "pending": [],
              "skipped": [
                "14ff989c-0d4b-4f1b-a7f3-3326db518344",
                "c37fea31-296c-4c4f-9111-5dd37aa71f77",
                "ea14f495-bf51-4a70-8e44-227d0d7e7262"
              ],
              "duration": 197,
              "root": false,
              "rootEmpty": false,
              "_timeout": 2000
            },
            {
              "uuid": "63bba052-0944-4931-bdc7-e578c34f08ed",
              "title": "Testing Yoga Wellness page",
              "fullFile": "",
              "file": "",
              "beforeHooks": [],
              "afterHooks": [],
              "tests": [
                {
                  "title": "should load Yoga Wellness page successfully",
                  "fullTitle": "All Routes and Pages Tests Testing Yoga Wellness page should load Yoga Wellness page successfully",
                  "timedOut": null,
                  "duration": 189,
                  "state": "failed",
                  "speed": null,
                  "pass": false,
                  "fail": true,
                  "pending": false,
                  "context": null,
                  "code": "cy.url().should('include', route.path);\ncy.checkPageStructure();",
                  "err": {
                    "message": "CypressError: `cy.visit()` failed trying to load:\n\nhttp://localhost:5173/yoga-wellness\n\nThe response we received from your web server was:\n\n  > 404: Not Found\n\nThis was considered a failure because the status code was not `2xx`.\n\nIf you do not want status codes to cause failures pass the option: `failOnStatusCode: false`\n\nBecause this error occurred during a `before each` hook we are skipping the remaining tests in the current suite: `Testing Yoga Wellness page`",
                    "estack": "CypressError: `cy.visit()` failed trying to load:\n\nhttp://localhost:5173/yoga-wellness\n\nThe response we received from your web server was:\n\n  > 404: Not Found\n\nThis was considered a failure because the status code was not `2xx`.\n\nIf you do not want status codes to cause failures pass the option: `failOnStatusCode: false`\n\nBecause this error occurred during a `before each` hook we are skipping the remaining tests in the current suite: `Testing Yoga Wellness page`\n    at <unknown> (http://localhost:5173/__cypress/runner/cypress_runner.js:134864:76)\n    at visitFailedByErr (http://localhost:5173/__cypress/runner/cypress_runner.js:134454:12)\n    at <unknown> (http://localhost:5173/__cypress/runner/cypress_runner.js:134847:13)\n    at tryCatcher (http://localhost:5173/__cypress/runner/cypress_runner.js:1777:23)\n    at Promise._settlePromiseFromHandler (http://localhost:5173/__cypress/runner/cypress_runner.js:1489:31)\n    at Promise._settlePromise (http://localhost:5173/__cypress/runner/cypress_runner.js:1546:18)\n    at Promise._settlePromise0 (http://localhost:5173/__cypress/runner/cypress_runner.js:1591:10)\n    at Promise._settlePromises (http://localhost:5173/__cypress/runner/cypress_runner.js:1667:18)\n    at _drainQueueStep (http://localhost:5173/__cypress/runner/cypress_runner.js:2377:12)\n    at _drainQueue (http://localhost:5173/__cypress/runner/cypress_runner.js:2370:9)\n    at Async._drainQueues (http://localhost:5173/__cypress/runner/cypress_runner.js:2386:5)\n    at Async.drainQueues (http://localhost:5173/__cypress/runner/cypress_runner.js:2256:14)\nFrom Your Spec Code:\n    at Context.eval (webpack://mes-college-website/./cypress/e2e/01-all-routes.cy.js:27:11)",
                    "diff": null
                  },
                  "uuid": "a91d4f88-c544-420b-a1c8-b3c4d02608bf",
                  "parentUUID": "63bba052-0944-4931-bdc7-e578c34f08ed",
                  "isHook": false,
                  "skipped": false
                },
                {
                  "title": "should not have any console errors on Yoga Wellness",
                  "fullTitle": "All Routes and Pages Tests Testing Yoga Wellness page should not have any console errors on Yoga Wellness",
                  "timedOut": null,
                  "duration": 0,
                  "state": "skipped",
                  "speed": null,
                  "pass": false,
                  "fail": false,
                  "pending": false,
                  "context": null,
                  "code": "cy.window().then(win => {\n  cy.spy(win.console, 'error').as('consoleError');\n});\ncy.get('@consoleError').should('not.be.called');",
                  "err": {},
                  "uuid": "e0ed24e1-b706-49e9-b0c9-b5edc9bac83e",
                  "parentUUID": "63bba052-0944-4931-bdc7-e578c34f08ed",
                  "isHook": false,
                  "skipped": true
                },
                {
                  "title": "should have correct page title or heading on Yoga Wellness",
                  "fullTitle": "All Routes and Pages Tests Testing Yoga Wellness page should have correct page title or heading on Yoga Wellness",
                  "timedOut": null,
                  "duration": 0,
                  "state": "skipped",
                  "speed": null,
                  "pass": false,
                  "fail": false,
                  "pending": false,
                  "context": null,
                  "code": "cy.get('main').should('exist').and('be.visible');",
                  "err": {},
                  "uuid": "150bccbf-4893-4ee4-9871-54966d577943",
                  "parentUUID": "63bba052-0944-4931-bdc7-e578c34f08ed",
                  "isHook": false,
                  "skipped": true
                },
                {
                  "title": "should render content on Yoga Wellness",
                  "fullTitle": "All Routes and Pages Tests Testing Yoga Wellness page should render content on Yoga Wellness",
                  "timedOut": null,
                  "duration": 0,
                  "state": "skipped",
                  "speed": null,
                  "pass": false,
                  "fail": false,
                  "pending": false,
                  "context": null,
                  "code": "cy.get('main').children().should('have.length.greaterThan', 0);",
                  "err": {},
                  "uuid": "38af21e1-2fe5-4910-8d02-a91ed6a4310b",
                  "parentUUID": "63bba052-0944-4931-bdc7-e578c34f08ed",
                  "isHook": false,
                  "skipped": true
                }
              ],
              "suites": [],
              "passes": [],
              "failures": [
                "a91d4f88-c544-420b-a1c8-b3c4d02608bf"
              ],
              "pending": [],
              "skipped": [
                "e0ed24e1-b706-49e9-b0c9-b5edc9bac83e",
                "150bccbf-4893-4ee4-9871-54966d577943",
                "38af21e1-2fe5-4910-8d02-a91ed6a4310b"
              ],
              "duration": 189,
              "root": false,
              "rootEmpty": false,
              "_timeout": 2000
            },
            {
              "uuid": "befe7247-048e-467c-ab8e-70b1e94ab16e",
              "title": "Testing Contact page",
              "fullFile": "",
              "file": "",
              "beforeHooks": [],
              "afterHooks": [],
              "tests": [
                {
                  "title": "should load Contact page successfully",
                  "fullTitle": "All Routes and Pages Tests Testing Contact page should load Contact page successfully",
                  "timedOut": null,
                  "duration": 205,
                  "state": "failed",
                  "speed": null,
                  "pass": false,
                  "fail": true,
                  "pending": false,
                  "context": null,
                  "code": "cy.url().should('include', route.path);\ncy.checkPageStructure();",
                  "err": {
                    "message": "CypressError: `cy.visit()` failed trying to load:\n\nhttp://localhost:5173/contact\n\nThe response we received from your web server was:\n\n  > 404: Not Found\n\nThis was considered a failure because the status code was not `2xx`.\n\nIf you do not want status codes to cause failures pass the option: `failOnStatusCode: false`\n\nBecause this error occurred during a `before each` hook we are skipping the remaining tests in the current suite: `Testing Contact page`",
                    "estack": "CypressError: `cy.visit()` failed trying to load:\n\nhttp://localhost:5173/contact\n\nThe response we received from your web server was:\n\n  > 404: Not Found\n\nThis was considered a failure because the status code was not `2xx`.\n\nIf you do not want status codes to cause failures pass the option: `failOnStatusCode: false`\n\nBecause this error occurred during a `before each` hook we are skipping the remaining tests in the current suite: `Testing Contact page`\n    at <unknown> (http://localhost:5173/__cypress/runner/cypress_runner.js:134864:76)\n    at visitFailedByErr (http://localhost:5173/__cypress/runner/cypress_runner.js:134454:12)\n    at <unknown> (http://localhost:5173/__cypress/runner/cypress_runner.js:134847:13)\n    at tryCatcher (http://localhost:5173/__cypress/runner/cypress_runner.js:1777:23)\n    at Promise._settlePromiseFromHandler (http://localhost:5173/__cypress/runner/cypress_runner.js:1489:31)\n    at Promise._settlePromise (http://localhost:5173/__cypress/runner/cypress_runner.js:1546:18)\n    at Promise._settlePromise0 (http://localhost:5173/__cypress/runner/cypress_runner.js:1591:10)\n    at Promise._settlePromises (http://localhost:5173/__cypress/runner/cypress_runner.js:1667:18)\n    at _drainQueueStep (http://localhost:5173/__cypress/runner/cypress_runner.js:2377:12)\n    at _drainQueue (http://localhost:5173/__cypress/runner/cypress_runner.js:2370:9)\n    at Async._drainQueues (http://localhost:5173/__cypress/runner/cypress_runner.js:2386:5)\n    at Async.drainQueues (http://localhost:5173/__cypress/runner/cypress_runner.js:2256:14)\nFrom Your Spec Code:\n    at Context.eval (webpack://mes-college-website/./cypress/e2e/01-all-routes.cy.js:27:11)",
                    "diff": null
                  },
                  "uuid": "e79d2e09-fe13-407b-b83a-1f8cdb95646c",
                  "parentUUID": "befe7247-048e-467c-ab8e-70b1e94ab16e",
                  "isHook": false,
                  "skipped": false
                },
                {
                  "title": "should not have any console errors on Contact",
                  "fullTitle": "All Routes and Pages Tests Testing Contact page should not have any console errors on Contact",
                  "timedOut": null,
                  "duration": 0,
                  "state": "skipped",
                  "speed": null,
                  "pass": false,
                  "fail": false,
                  "pending": false,
                  "context": null,
                  "code": "cy.window().then(win => {\n  cy.spy(win.console, 'error').as('consoleError');\n});\ncy.get('@consoleError').should('not.be.called');",
                  "err": {},
                  "uuid": "f112f978-4fa3-423f-983f-cfac6866dce2",
                  "parentUUID": "befe7247-048e-467c-ab8e-70b1e94ab16e",
                  "isHook": false,
                  "skipped": true
                },
                {
                  "title": "should have correct page title or heading on Contact",
                  "fullTitle": "All Routes and Pages Tests Testing Contact page should have correct page title or heading on Contact",
                  "timedOut": null,
                  "duration": 0,
                  "state": "skipped",
                  "speed": null,
                  "pass": false,
                  "fail": false,
                  "pending": false,
                  "context": null,
                  "code": "cy.get('main').should('exist').and('be.visible');",
                  "err": {},
                  "uuid": "bf71646d-2058-4720-9648-5c6777fb560f",
                  "parentUUID": "befe7247-048e-467c-ab8e-70b1e94ab16e",
                  "isHook": false,
                  "skipped": true
                },
                {
                  "title": "should render content on Contact",
                  "fullTitle": "All Routes and Pages Tests Testing Contact page should render content on Contact",
                  "timedOut": null,
                  "duration": 0,
                  "state": "skipped",
                  "speed": null,
                  "pass": false,
                  "fail": false,
                  "pending": false,
                  "context": null,
                  "code": "cy.get('main').children().should('have.length.greaterThan', 0);",
                  "err": {},
                  "uuid": "96638ff7-53f5-4fdd-a696-8bd5cf2b516f",
                  "parentUUID": "befe7247-048e-467c-ab8e-70b1e94ab16e",
                  "isHook": false,
                  "skipped": true
                }
              ],
              "suites": [],
              "passes": [],
              "failures": [
                "e79d2e09-fe13-407b-b83a-1f8cdb95646c"
              ],
              "pending": [],
              "skipped": [
                "f112f978-4fa3-423f-983f-cfac6866dce2",
                "bf71646d-2058-4720-9648-5c6777fb560f",
                "96638ff7-53f5-4fdd-a696-8bd5cf2b516f"
              ],
              "duration": 205,
              "root": false,
              "rootEmpty": false,
              "_timeout": 2000
            }
          ],
          "passes": [],
          "failures": [],
          "pending": [],
          "skipped": [],
          "duration": 0,
          "root": false,
          "rootEmpty": false,
          "_timeout": 2000
        }
      ],
      "passes": [],
      "failures": [],
      "pending": [],
      "skipped": [],
      "duration": 0,
      "root": true,
      "rootEmpty": true,
      "_timeout": 2000
    }
  ],
  "meta": {
    "mocha": {
      "version": "7.2.0"
    },
    "mochawesome": {
      "options": {
        "quiet": false,
        "reportFilename": "mochawesome",
        "saveHtml": true,
        "saveJson": true,
        "consoleReporter": "spec",
        "useInlineDiffs": false,
        "code": true
      },
      "version": "7.1.4"
    },
    "marge": {
      "options": {
        "reportDir": "cypress/reports/mochawesome",
        "overwrite": false,
        "html": true,
        "json": true,
        "timestamp": "mmddyyyy_HHMMss",
        "charts": true,
        "reportPageTitle": "MESCKM College - Cypress Test Report",
        "embeddedScreenshots": true,
        "inlineAssets": true
      },
      "version": "6.3.2"
    }
  }
}