{
  "stats": {
    "suites": 5,
    "tests": 56,
    "passes": 8,
    "pending": 0,
    "failures": 48,
    "start": "2026-01-22T05:11:02.806Z",
    "end": "2026-01-22T05:12:54.533Z",
    "duration": 111727,
    "testsRegistered": 56,
    "passPercent": 14.285714285714285,
    "pendingPercent": 0,
    "other": 0,
    "hasOther": false,
    "skipped": 0,
    "hasSkipped": false
  },
  "results": [
    {
      "uuid": "c3d263b1-9901-45ed-ac8c-12a99db2dc6d",
      "title": "",
      "fullFile": "cypress\\e2e\\06-tablet-responsive.cy.js",
      "file": "cypress\\e2e\\06-tablet-responsive.cy.js",
      "beforeHooks": [],
      "afterHooks": [],
      "tests": [],
      "suites": [
        {
          "uuid": "5cf5fca0-7f3a-427b-b7d8-3d9116247d56",
          "title": "Tablet Responsive Tests",
          "fullFile": "",
          "file": "",
          "beforeHooks": [],
          "afterHooks": [],
          "tests": [],
          "suites": [
            {
              "uuid": "c114434d-99cb-41f1-8941-3769548ebf1b",
              "title": "Tablet tests on iPad Mini",
              "fullFile": "",
              "file": "",
              "beforeHooks": [],
              "afterHooks": [],
              "tests": [
                {
                  "title": "should display properly on iPad Mini at /",
                  "fullTitle": "Tablet Responsive Tests Tablet tests on iPad Mini should display properly on iPad Mini at /",
                  "timedOut": null,
                  "duration": 172,
                  "state": "failed",
                  "speed": null,
                  "pass": false,
                  "fail": true,
                  "pending": false,
                  "context": null,
                  "code": "cy.visit(route);\ncy.checkPageStructure();",
                  "err": {
                    "message": "TypeError: cy.checkPageStructure is not a function",
                    "estack": "TypeError: cy.checkPageStructure is not a function\n    at Context.eval (webpack://mes-college-website/./cypress/e2e/06-tablet-responsive.cy.js:20:13)\n    at runnable.fn (http://localhost:5173/__cypress/runner/cypress_runner.js:146323:19)\n    at callFn (http://localhost:5173/__cypress/runner/cypress_runner.js:165438:21)\n    at Runnable.run (http://localhost:5173/__cypress/runner/cypress_runner.js:165425:7)\n    at <unknown> (http://localhost:5173/__cypress/runner/cypress_runner.js:171523:30)\n    at PassThroughHandlerContext.finallyHandler (http://localhost:5173/__cypress/runner/cypress_runner.js:4042:23)\n    at PassThroughHandlerContext.tryCatcher (http://localhost:5173/__cypress/runner/cypress_runner.js:1777:23)\n    at Promise._settlePromiseFromHandler (http://localhost:5173/__cypress/runner/cypress_runner.js:1489:31)\n    at Promise._settlePromise (http://localhost:5173/__cypress/runner/cypress_runner.js:1546:18)",
                    "diff": null
                  },
                  "uuid": "49e80a3f-4090-40fd-8d23-7a053818a4a6",
                  "parentUUID": "c114434d-99cb-41f1-8941-3769548ebf1b",
                  "isHook": false,
                  "skipped": false
                },
                {
                  "title": "should show appropriate menu on iPad Mini at /",
                  "fullTitle": "Tablet Responsive Tests Tablet tests on iPad Mini should show appropriate menu on iPad Mini at /",
                  "timedOut": null,
                  "duration": 1288,
                  "state": "passed",
                  "speed": "fast",
                  "pass": true,
                  "fail": false,
                  "pending": false,
                  "context": null,
                  "code": "cy.visit(route);\n// Check if desktop menu is visible at md breakpoint (768px)\nif (viewport.width >= 768) {\n  cy.get('nav.hidden.md\\\\:flex').should('be.visible');\n}",
                  "err": {},
                  "uuid": "8e4f89ef-b459-44db-8659-c0b3f0d47a19",
                  "parentUUID": "c114434d-99cb-41f1-8941-3769548ebf1b",
                  "isHook": false,
                  "skipped": false
                },
                {
                  "title": "should handle dropdowns on iPad Mini at /",
                  "fullTitle": "Tablet Responsive Tests Tablet tests on iPad Mini should handle dropdowns on iPad Mini at /",
                  "timedOut": null,
                  "duration": 10888,
                  "state": "failed",
                  "speed": null,
                  "pass": false,
                  "fail": true,
                  "pending": false,
                  "context": null,
                  "code": "cy.visit(route);\nif (viewport.width >= 768) {\n  cy.contains('Facilities ▼').trigger('mouseover');\n  cy.contains('Library').should('be.visible');\n}",
                  "err": {
                    "message": "AssertionError: Timed out retrying after 10000ms: expected '<a.block.px-4.py-2.text-xs.lg:text-sm.hover:bg-gray-100.hover:text-primary.transition-colors>' to be 'visible'\n\nThis element `<a.block.px-4.py-2.text-xs.lg:text-sm.hover:bg-gray-100.hover:text-primary.transition-colors>` is not visible because its parent `<div.absolute.hidden.group-hover:block.bg-white.shadow-lg.min-w-[180px].lg:min-w-[200px].z-20.border.border-gray-200>` has CSS property: `display: none`",
                    "estack": "AssertionError: Timed out retrying after 10000ms: expected '<a.block.px-4.py-2.text-xs.lg:text-sm.hover:bg-gray-100.hover:text-primary.transition-colors>' to be 'visible'\n\nThis element `<a.block.px-4.py-2.text-xs.lg:text-sm.hover:bg-gray-100.hover:text-primary.transition-colors>` is not visible because its parent `<div.absolute.hidden.group-hover:block.bg-white.shadow-lg.min-w-[180px].lg:min-w-[200px].z-20.border.border-gray-200>` has CSS property: `display: none`\n    at Context.eval (webpack://mes-college-website/./cypress/e2e/06-tablet-responsive.cy.js:35:35)",
                    "diff": null
                  },
                  "uuid": "42fa644a-9c5c-436f-b930-33edd92d8c50",
                  "parentUUID": "c114434d-99cb-41f1-8941-3769548ebf1b",
                  "isHook": false,
                  "skipped": false
                },
                {
                  "title": "should display properly on iPad Mini at /about",
                  "fullTitle": "Tablet Responsive Tests Tablet tests on iPad Mini should display properly on iPad Mini at /about",
                  "timedOut": null,
                  "duration": 302,
                  "state": "failed",
                  "speed": null,
                  "pass": false,
                  "fail": true,
                  "pending": false,
                  "context": null,
                  "code": "cy.visit(route);\ncy.checkPageStructure();",
                  "err": {
                    "message": "TypeError: cy.checkPageStructure is not a function",
                    "estack": "TypeError: cy.checkPageStructure is not a function\n    at Context.eval (webpack://mes-college-website/./cypress/e2e/06-tablet-responsive.cy.js:20:13)\n    at runnable.fn (http://localhost:5173/__cypress/runner/cypress_runner.js:146323:19)\n    at callFn (http://localhost:5173/__cypress/runner/cypress_runner.js:165438:21)\n    at Runnable.run (http://localhost:5173/__cypress/runner/cypress_runner.js:165425:7)\n    at <unknown> (http://localhost:5173/__cypress/runner/cypress_runner.js:171523:30)\n    at PassThroughHandlerContext.finallyHandler (http://localhost:5173/__cypress/runner/cypress_runner.js:4042:23)\n    at PassThroughHandlerContext.tryCatcher (http://localhost:5173/__cypress/runner/cypress_runner.js:1777:23)\n    at Promise._settlePromiseFromHandler (http://localhost:5173/__cypress/runner/cypress_runner.js:1489:31)\n    at Promise._settlePromise (http://localhost:5173/__cypress/runner/cypress_runner.js:1546:18)",
                    "diff": null
                  },
                  "uuid": "58a58c9c-a5c1-4068-b059-23dca52735b1",
                  "parentUUID": "c114434d-99cb-41f1-8941-3769548ebf1b",
                  "isHook": false,
                  "skipped": false
                },
                {
                  "title": "should show appropriate menu on iPad Mini at /about",
                  "fullTitle": "Tablet Responsive Tests Tablet tests on iPad Mini should show appropriate menu on iPad Mini at /about",
                  "timedOut": null,
                  "duration": 179,
                  "state": "failed",
                  "speed": null,
                  "pass": false,
                  "fail": true,
                  "pending": false,
                  "context": null,
                  "code": "cy.visit(route);\n// Check if desktop menu is visible at md breakpoint (768px)\nif (viewport.width >= 768) {\n  cy.get('nav.hidden.md\\\\:flex').should('be.visible');\n}",
                  "err": {
                    "message": "CypressError: `cy.visit()` failed trying to load:\n\nhttp://localhost:5173/about\n\nThe response we received from your web server was:\n\n  > 404: Not Found\n\nThis was considered a failure because the status code was not `2xx`.\n\nIf you do not want status codes to cause failures pass the option: `failOnStatusCode: false`",
                    "estack": "CypressError: `cy.visit()` failed trying to load:\n\nhttp://localhost:5173/about\n\nThe response we received from your web server was:\n\n  > 404: Not Found\n\nThis was considered a failure because the status code was not `2xx`.\n\nIf you do not want status codes to cause failures pass the option: `failOnStatusCode: false`\n    at <unknown> (http://localhost:5173/__cypress/runner/cypress_runner.js:134864:76)\n    at visitFailedByErr (http://localhost:5173/__cypress/runner/cypress_runner.js:134454:12)\n    at <unknown> (http://localhost:5173/__cypress/runner/cypress_runner.js:134847:13)\n    at tryCatcher (http://localhost:5173/__cypress/runner/cypress_runner.js:1777:23)\n    at Promise._settlePromiseFromHandler (http://localhost:5173/__cypress/runner/cypress_runner.js:1489:31)\n    at Promise._settlePromise (http://localhost:5173/__cypress/runner/cypress_runner.js:1546:18)\n    at Promise._settlePromise0 (http://localhost:5173/__cypress/runner/cypress_runner.js:1591:10)\n    at Promise._settlePromises (http://localhost:5173/__cypress/runner/cypress_runner.js:1667:18)\n    at _drainQueueStep (http://localhost:5173/__cypress/runner/cypress_runner.js:2377:12)\n    at _drainQueue (http://localhost:5173/__cypress/runner/cypress_runner.js:2370:9)\n    at Async._drainQueues (http://localhost:5173/__cypress/runner/cypress_runner.js:2386:5)\n    at Async.drainQueues (http://localhost:5173/__cypress/runner/cypress_runner.js:2256:14)\nFrom Your Spec Code:\n    at Context.eval (webpack://mes-college-website/./cypress/e2e/06-tablet-responsive.cy.js:24:13)",
                    "diff": null
                  },
                  "uuid": "a3185efe-466a-49f3-9b4d-deed81a1a512",
                  "parentUUID": "c114434d-99cb-41f1-8941-3769548ebf1b",
                  "isHook": false,
                  "skipped": false
                },
                {
                  "title": "should handle dropdowns on iPad Mini at /about",
                  "fullTitle": "Tablet Responsive Tests Tablet tests on iPad Mini should handle dropdowns on iPad Mini at /about",
                  "timedOut": null,
                  "duration": 219,
                  "state": "failed",
                  "speed": null,
                  "pass": false,
                  "fail": true,
                  "pending": false,
                  "context": null,
                  "code": "cy.visit(route);\nif (viewport.width >= 768) {\n  cy.contains('Facilities ▼').trigger('mouseover');\n  cy.contains('Library').should('be.visible');\n}",
                  "err": {
                    "message": "CypressError: `cy.visit()` failed trying to load:\n\nhttp://localhost:5173/about\n\nThe response we received from your web server was:\n\n  > 404: Not Found\n\nThis was considered a failure because the status code was not `2xx`.\n\nIf you do not want status codes to cause failures pass the option: `failOnStatusCode: false`",
                    "estack": "CypressError: `cy.visit()` failed trying to load:\n\nhttp://localhost:5173/about\n\nThe response we received from your web server was:\n\n  > 404: Not Found\n\nThis was considered a failure because the status code was not `2xx`.\n\nIf you do not want status codes to cause failures pass the option: `failOnStatusCode: false`\n    at <unknown> (http://localhost:5173/__cypress/runner/cypress_runner.js:134864:76)\n    at visitFailedByErr (http://localhost:5173/__cypress/runner/cypress_runner.js:134454:12)\n    at <unknown> (http://localhost:5173/__cypress/runner/cypress_runner.js:134847:13)\n    at tryCatcher (http://localhost:5173/__cypress/runner/cypress_runner.js:1777:23)\n    at Promise._settlePromiseFromHandler (http://localhost:5173/__cypress/runner/cypress_runner.js:1489:31)\n    at Promise._settlePromise (http://localhost:5173/__cypress/runner/cypress_runner.js:1546:18)\n    at Promise._settlePromise0 (http://localhost:5173/__cypress/runner/cypress_runner.js:1591:10)\n    at Promise._settlePromises (http://localhost:5173/__cypress/runner/cypress_runner.js:1667:18)\n    at _drainQueueStep (http://localhost:5173/__cypress/runner/cypress_runner.js:2377:12)\n    at _drainQueue (http://localhost:5173/__cypress/runner/cypress_runner.js:2370:9)\n    at Async._drainQueues (http://localhost:5173/__cypress/runner/cypress_runner.js:2386:5)\n    at Async.drainQueues (http://localhost:5173/__cypress/runner/cypress_runner.js:2256:14)\nFrom Your Spec Code:\n    at Context.eval (webpack://mes-college-website/./cypress/e2e/06-tablet-responsive.cy.js:32:13)",
                    "diff": null
                  },
                  "uuid": "b4bb7415-0b43-4ebb-8849-6296223e5db2",
                  "parentUUID": "c114434d-99cb-41f1-8941-3769548ebf1b",
                  "isHook": false,
                  "skipped": false
                },
                {
                  "title": "should display properly on iPad Mini at /facilities",
                  "fullTitle": "Tablet Responsive Tests Tablet tests on iPad Mini should display properly on iPad Mini at /facilities",
                  "timedOut": null,
                  "duration": 194,
                  "state": "failed",
                  "speed": null,
                  "pass": false,
                  "fail": true,
                  "pending": false,
                  "context": null,
                  "code": "cy.visit(route);\ncy.checkPageStructure();",
                  "err": {
                    "message": "TypeError: cy.checkPageStructure is not a function",
                    "estack": "TypeError: cy.checkPageStructure is not a function\n    at Context.eval (webpack://mes-college-website/./cypress/e2e/06-tablet-responsive.cy.js:20:13)\n    at runnable.fn (http://localhost:5173/__cypress/runner/cypress_runner.js:146323:19)\n    at callFn (http://localhost:5173/__cypress/runner/cypress_runner.js:165438:21)\n    at Runnable.run (http://localhost:5173/__cypress/runner/cypress_runner.js:165425:7)\n    at <unknown> (http://localhost:5173/__cypress/runner/cypress_runner.js:171523:30)\n    at PassThroughHandlerContext.finallyHandler (http://localhost:5173/__cypress/runner/cypress_runner.js:4042:23)\n    at PassThroughHandlerContext.tryCatcher (http://localhost:5173/__cypress/runner/cypress_runner.js:1777:23)\n    at Promise._settlePromiseFromHandler (http://localhost:5173/__cypress/runner/cypress_runner.js:1489:31)\n    at Promise._settlePromise (http://localhost:5173/__cypress/runner/cypress_runner.js:1546:18)",
                    "diff": null
                  },
                  "uuid": "48604265-b06c-4e97-a350-a12315b845bb",
                  "parentUUID": "c114434d-99cb-41f1-8941-3769548ebf1b",
                  "isHook": false,
                  "skipped": false
                },
                {
                  "title": "should show appropriate menu on iPad Mini at /facilities",
                  "fullTitle": "Tablet Responsive Tests Tablet tests on iPad Mini should show appropriate menu on iPad Mini at /facilities",
                  "timedOut": null,
                  "duration": 192,
                  "state": "failed",
                  "speed": null,
                  "pass": false,
                  "fail": true,
                  "pending": false,
                  "context": null,
                  "code": "cy.visit(route);\n// Check if desktop menu is visible at md breakpoint (768px)\nif (viewport.width >= 768) {\n  cy.get('nav.hidden.md\\\\:flex').should('be.visible');\n}",
                  "err": {
                    "message": "CypressError: `cy.visit()` failed trying to load:\n\nhttp://localhost:5173/facilities\n\nThe response we received from your web server was:\n\n  > 404: Not Found\n\nThis was considered a failure because the status code was not `2xx`.\n\nIf you do not want status codes to cause failures pass the option: `failOnStatusCode: false`",
                    "estack": "CypressError: `cy.visit()` failed trying to load:\n\nhttp://localhost:5173/facilities\n\nThe response we received from your web server was:\n\n  > 404: Not Found\n\nThis was considered a failure because the status code was not `2xx`.\n\nIf you do not want status codes to cause failures pass the option: `failOnStatusCode: false`\n    at <unknown> (http://localhost:5173/__cypress/runner/cypress_runner.js:134864:76)\n    at visitFailedByErr (http://localhost:5173/__cypress/runner/cypress_runner.js:134454:12)\n    at <unknown> (http://localhost:5173/__cypress/runner/cypress_runner.js:134847:13)\n    at tryCatcher (http://localhost:5173/__cypress/runner/cypress_runner.js:1777:23)\n    at Promise._settlePromiseFromHandler (http://localhost:5173/__cypress/runner/cypress_runner.js:1489:31)\n    at Promise._settlePromise (http://localhost:5173/__cypress/runner/cypress_runner.js:1546:18)\n    at Promise._settlePromise0 (http://localhost:5173/__cypress/runner/cypress_runner.js:1591:10)\n    at Promise._settlePromises (http://localhost:5173/__cypress/runner/cypress_runner.js:1667:18)\n    at _drainQueueStep (http://localhost:5173/__cypress/runner/cypress_runner.js:2377:12)\n    at _drainQueue (http://localhost:5173/__cypress/runner/cypress_runner.js:2370:9)\n    at Async._drainQueues (http://localhost:5173/__cypress/runner/cypress_runner.js:2386:5)\n    at Async.drainQueues (http://localhost:5173/__cypress/runner/cypress_runner.js:2256:14)\nFrom Your Spec Code:\n    at Context.eval (webpack://mes-college-website/./cypress/e2e/06-tablet-responsive.cy.js:24:13)",
                    "diff": null
                  },
                  "uuid": "0fa41c75-e3e9-42fd-a18e-b120d9bcc975",
                  "parentUUID": "c114434d-99cb-41f1-8941-3769548ebf1b",
                  "isHook": false,
                  "skipped": false
                },
                {
                  "title": "should handle dropdowns on iPad Mini at /facilities",
                  "fullTitle": "Tablet Responsive Tests Tablet tests on iPad Mini should handle dropdowns on iPad Mini at /facilities",
                  "timedOut": null,
                  "duration": 176,
                  "state": "failed",
                  "speed": null,
                  "pass": false,
                  "fail": true,
                  "pending": false,
                  "context": null,
                  "code": "cy.visit(route);\nif (viewport.width >= 768) {\n  cy.contains('Facilities ▼').trigger('mouseover');\n  cy.contains('Library').should('be.visible');\n}",
                  "err": {
                    "message": "CypressError: `cy.visit()` failed trying to load:\n\nhttp://localhost:5173/facilities\n\nThe response we received from your web server was:\n\n  > 404: Not Found\n\nThis was considered a failure because the status code was not `2xx`.\n\nIf you do not want status codes to cause failures pass the option: `failOnStatusCode: false`",
                    "estack": "CypressError: `cy.visit()` failed trying to load:\n\nhttp://localhost:5173/facilities\n\nThe response we received from your web server was:\n\n  > 404: Not Found\n\nThis was considered a failure because the status code was not `2xx`.\n\nIf you do not want status codes to cause failures pass the option: `failOnStatusCode: false`\n    at <unknown> (http://localhost:5173/__cypress/runner/cypress_runner.js:134864:76)\n    at visitFailedByErr (http://localhost:5173/__cypress/runner/cypress_runner.js:134454:12)\n    at <unknown> (http://localhost:5173/__cypress/runner/cypress_runner.js:134847:13)\n    at tryCatcher (http://localhost:5173/__cypress/runner/cypress_runner.js:1777:23)\n    at Promise._settlePromiseFromHandler (http://localhost:5173/__cypress/runner/cypress_runner.js:1489:31)\n    at Promise._settlePromise (http://localhost:5173/__cypress/runner/cypress_runner.js:1546:18)\n    at Promise._settlePromise0 (http://localhost:5173/__cypress/runner/cypress_runner.js:1591:10)\n    at Promise._settlePromises (http://localhost:5173/__cypress/runner/cypress_runner.js:1667:18)\n    at _drainQueueStep (http://localhost:5173/__cypress/runner/cypress_runner.js:2377:12)\n    at _drainQueue (http://localhost:5173/__cypress/runner/cypress_runner.js:2370:9)\n    at Async._drainQueues (http://localhost:5173/__cypress/runner/cypress_runner.js:2386:5)\n    at Async.drainQueues (http://localhost:5173/__cypress/runner/cypress_runner.js:2256:14)\nFrom Your Spec Code:\n    at Context.eval (webpack://mes-college-website/./cypress/e2e/06-tablet-responsive.cy.js:32:13)",
                    "diff": null
                  },
                  "uuid": "91802050-9b5a-469a-a5f5-4b343703f98b",
                  "parentUUID": "c114434d-99cb-41f1-8941-3769548ebf1b",
                  "isHook": false,
                  "skipped": false
                },
                {
                  "title": "should display properly on iPad Mini at /contact",
                  "fullTitle": "Tablet Responsive Tests Tablet tests on iPad Mini should display properly on iPad Mini at /contact",
                  "timedOut": null,
                  "duration": 214,
                  "state": "failed",
                  "speed": null,
                  "pass": false,
                  "fail": true,
                  "pending": false,
                  "context": null,
                  "code": "cy.visit(route);\ncy.checkPageStructure();",
                  "err": {
                    "message": "TypeError: cy.checkPageStructure is not a function",
                    "estack": "TypeError: cy.checkPageStructure is not a function\n    at Context.eval (webpack://mes-college-website/./cypress/e2e/06-tablet-responsive.cy.js:20:13)\n    at runnable.fn (http://localhost:5173/__cypress/runner/cypress_runner.js:146323:19)\n    at callFn (http://localhost:5173/__cypress/runner/cypress_runner.js:165438:21)\n    at Runnable.run (http://localhost:5173/__cypress/runner/cypress_runner.js:165425:7)\n    at <unknown> (http://localhost:5173/__cypress/runner/cypress_runner.js:171523:30)\n    at PassThroughHandlerContext.finallyHandler (http://localhost:5173/__cypress/runner/cypress_runner.js:4042:23)\n    at PassThroughHandlerContext.tryCatcher (http://localhost:5173/__cypress/runner/cypress_runner.js:1777:23)\n    at Promise._settlePromiseFromHandler (http://localhost:5173/__cypress/runner/cypress_runner.js:1489:31)\n    at Promise._settlePromise (http://localhost:5173/__cypress/runner/cypress_runner.js:1546:18)",
                    "diff": null
                  },
                  "uuid": "d5ff25b1-8fdf-46eb-8c8e-c78c7f86b369",
                  "parentUUID": "c114434d-99cb-41f1-8941-3769548ebf1b",
                  "isHook": false,
                  "skipped": false
                },
                {
                  "title": "should show appropriate menu on iPad Mini at /contact",
                  "fullTitle": "Tablet Responsive Tests Tablet tests on iPad Mini should show appropriate menu on iPad Mini at /contact",
                  "timedOut": null,
                  "duration": 261,
                  "state": "failed",
                  "speed": null,
                  "pass": false,
                  "fail": true,
                  "pending": false,
                  "context": null,
                  "code": "cy.visit(route);\n// Check if desktop menu is visible at md breakpoint (768px)\nif (viewport.width >= 768) {\n  cy.get('nav.hidden.md\\\\:flex').should('be.visible');\n}",
                  "err": {
                    "message": "CypressError: `cy.visit()` failed trying to load:\n\nhttp://localhost:5173/contact\n\nThe response we received from your web server was:\n\n  > 404: Not Found\n\nThis was considered a failure because the status code was not `2xx`.\n\nIf you do not want status codes to cause failures pass the option: `failOnStatusCode: false`",
                    "estack": "CypressError: `cy.visit()` failed trying to load:\n\nhttp://localhost:5173/contact\n\nThe response we received from your web server was:\n\n  > 404: Not Found\n\nThis was considered a failure because the status code was not `2xx`.\n\nIf you do not want status codes to cause failures pass the option: `failOnStatusCode: false`\n    at <unknown> (http://localhost:5173/__cypress/runner/cypress_runner.js:134864:76)\n    at visitFailedByErr (http://localhost:5173/__cypress/runner/cypress_runner.js:134454:12)\n    at <unknown> (http://localhost:5173/__cypress/runner/cypress_runner.js:134847:13)\n    at tryCatcher (http://localhost:5173/__cypress/runner/cypress_runner.js:1777:23)\n    at Promise._settlePromiseFromHandler (http://localhost:5173/__cypress/runner/cypress_runner.js:1489:31)\n    at Promise._settlePromise (http://localhost:5173/__cypress/runner/cypress_runner.js:1546:18)\n    at Promise._settlePromise0 (http://localhost:5173/__cypress/runner/cypress_runner.js:1591:10)\n    at Promise._settlePromises (http://localhost:5173/__cypress/runner/cypress_runner.js:1667:18)\n    at _drainQueueStep (http://localhost:5173/__cypress/runner/cypress_runner.js:2377:12)\n    at _drainQueue (http://localhost:5173/__cypress/runner/cypress_runner.js:2370:9)\n    at Async._drainQueues (http://localhost:5173/__cypress/runner/cypress_runner.js:2386:5)\n    at Async.drainQueues (http://localhost:5173/__cypress/runner/cypress_runner.js:2256:14)\nFrom Your Spec Code:\n    at Context.eval (webpack://mes-college-website/./cypress/e2e/06-tablet-responsive.cy.js:24:13)",
                    "diff": null
                  },
                  "uuid": "623f1ac5-9c29-4757-919a-f9cbe6128683",
                  "parentUUID": "c114434d-99cb-41f1-8941-3769548ebf1b",
                  "isHook": false,
                  "skipped": false
                },
                {
                  "title": "should handle dropdowns on iPad Mini at /contact",
                  "fullTitle": "Tablet Responsive Tests Tablet tests on iPad Mini should handle dropdowns on iPad Mini at /contact",
                  "timedOut": null,
                  "duration": 202,
                  "state": "failed",
                  "speed": null,
                  "pass": false,
                  "fail": true,
                  "pending": false,
                  "context": null,
                  "code": "cy.visit(route);\nif (viewport.width >= 768) {\n  cy.contains('Facilities ▼').trigger('mouseover');\n  cy.contains('Library').should('be.visible');\n}",
                  "err": {
                    "message": "CypressError: `cy.visit()` failed trying to load:\n\nhttp://localhost:5173/contact\n\nThe response we received from your web server was:\n\n  > 404: Not Found\n\nThis was considered a failure because the status code was not `2xx`.\n\nIf you do not want status codes to cause failures pass the option: `failOnStatusCode: false`",
                    "estack": "CypressError: `cy.visit()` failed trying to load:\n\nhttp://localhost:5173/contact\n\nThe response we received from your web server was:\n\n  > 404: Not Found\n\nThis was considered a failure because the status code was not `2xx`.\n\nIf you do not want status codes to cause failures pass the option: `failOnStatusCode: false`\n    at <unknown> (http://localhost:5173/__cypress/runner/cypress_runner.js:134864:76)\n    at visitFailedByErr (http://localhost:5173/__cypress/runner/cypress_runner.js:134454:12)\n    at <unknown> (http://localhost:5173/__cypress/runner/cypress_runner.js:134847:13)\n    at tryCatcher (http://localhost:5173/__cypress/runner/cypress_runner.js:1777:23)\n    at Promise._settlePromiseFromHandler (http://localhost:5173/__cypress/runner/cypress_runner.js:1489:31)\n    at Promise._settlePromise (http://localhost:5173/__cypress/runner/cypress_runner.js:1546:18)\n    at Promise._settlePromise0 (http://localhost:5173/__cypress/runner/cypress_runner.js:1591:10)\n    at Promise._settlePromises (http://localhost:5173/__cypress/runner/cypress_runner.js:1667:18)\n    at _drainQueueStep (http://localhost:5173/__cypress/runner/cypress_runner.js:2377:12)\n    at _drainQueue (http://localhost:5173/__cypress/runner/cypress_runner.js:2370:9)\n    at Async._drainQueues (http://localhost:5173/__cypress/runner/cypress_runner.js:2386:5)\n    at Async.drainQueues (http://localhost:5173/__cypress/runner/cypress_runner.js:2256:14)\nFrom Your Spec Code:\n    at Context.eval (webpack://mes-college-website/./cypress/e2e/06-tablet-responsive.cy.js:32:13)",
                    "diff": null
                  },
                  "uuid": "8b65cf6e-7903-49ec-9690-f4170d86d0b0",
                  "parentUUID": "c114434d-99cb-41f1-8941-3769548ebf1b",
                  "isHook": false,
                  "skipped": false
                },
                {
                  "title": "should display images correctly on iPad Mini",
                  "fullTitle": "Tablet Responsive Tests Tablet tests on iPad Mini should display images correctly on iPad Mini",
                  "timedOut": null,
                  "duration": 972,
                  "state": "passed",
                  "speed": "fast",
                  "pass": true,
                  "fail": false,
                  "pending": false,
                  "context": null,
                  "code": "cy.visit('/');\ncy.get('img[alt=\"Logo\"]').should('be.visible');",
                  "err": {},
                  "uuid": "04a8b205-c44a-4373-b984-5240d2ed10ca",
                  "parentUUID": "c114434d-99cb-41f1-8941-3769548ebf1b",
                  "isHook": false,
                  "skipped": false
                },
                {
                  "title": "should have proper spacing on iPad Mini",
                  "fullTitle": "Tablet Responsive Tests Tablet tests on iPad Mini should have proper spacing on iPad Mini",
                  "timedOut": null,
                  "duration": 10918,
                  "state": "failed",
                  "speed": null,
                  "pass": false,
                  "fail": true,
                  "pending": false,
                  "context": null,
                  "code": "cy.visit('/');\ncy.get('header').should('be.visible');\ncy.get('main').should('be.visible');\ncy.get('footer').should('be.visible');",
                  "err": {
                    "message": "AssertionError: Timed out retrying after 10000ms: Expected to find element: `header`, but never found it.",
                    "estack": "AssertionError: Timed out retrying after 10000ms: Expected to find element: `header`, but never found it.\n    at Context.eval (webpack://mes-college-website/./cypress/e2e/06-tablet-responsive.cy.js:47:25)",
                    "diff": null
                  },
                  "uuid": "584d5280-211c-428f-a8ac-96510396ad22",
                  "parentUUID": "c114434d-99cb-41f1-8941-3769548ebf1b",
                  "isHook": false,
                  "skipped": false
                }
              ],
              "suites": [],
              "passes": [
                "8e4f89ef-b459-44db-8659-c0b3f0d47a19",
                "04a8b205-c44a-4373-b984-5240d2ed10ca"
              ],
              "failures": [
                "49e80a3f-4090-40fd-8d23-7a053818a4a6",
                "42fa644a-9c5c-436f-b930-33edd92d8c50",
                "58a58c9c-a5c1-4068-b059-23dca52735b1",
                "a3185efe-466a-49f3-9b4d-deed81a1a512",
                "b4bb7415-0b43-4ebb-8849-6296223e5db2",
                "48604265-b06c-4e97-a350-a12315b845bb",
                "0fa41c75-e3e9-42fd-a18e-b120d9bcc975",
                "91802050-9b5a-469a-a5f5-4b343703f98b",
                "d5ff25b1-8fdf-46eb-8c8e-c78c7f86b369",
                "623f1ac5-9c29-4757-919a-f9cbe6128683",
                "8b65cf6e-7903-49ec-9690-f4170d86d0b0",
                "584d5280-211c-428f-a8ac-96510396ad22"
              ],
              "pending": [],
              "skipped": [],
              "duration": 26177,
              "root": false,
              "rootEmpty": false,
              "_timeout": 2000
            },
            {
              "uuid": "28b98cc6-00b3-4bfd-ad77-dbc0caf9d138",
              "title": "Tablet tests on iPad Air",
              "fullFile": "",
              "file": "",
              "beforeHooks": [],
              "afterHooks": [],
              "tests": [
                {
                  "title": "should display properly on iPad Air at /",
                  "fullTitle": "Tablet Responsive Tests Tablet tests on iPad Air should display properly on iPad Air at /",
                  "timedOut": null,
                  "duration": 238,
                  "state": "failed",
                  "speed": null,
                  "pass": false,
                  "fail": true,
                  "pending": false,
                  "context": null,
                  "code": "cy.visit(route);\ncy.checkPageStructure();",
                  "err": {
                    "message": "TypeError: cy.checkPageStructure is not a function",
                    "estack": "TypeError: cy.checkPageStructure is not a function\n    at Context.eval (webpack://mes-college-website/./cypress/e2e/06-tablet-responsive.cy.js:20:13)\n    at runnable.fn (http://localhost:5173/__cypress/runner/cypress_runner.js:146323:19)\n    at callFn (http://localhost:5173/__cypress/runner/cypress_runner.js:165438:21)\n    at Runnable.run (http://localhost:5173/__cypress/runner/cypress_runner.js:165425:7)\n    at <unknown> (http://localhost:5173/__cypress/runner/cypress_runner.js:171523:30)\n    at PassThroughHandlerContext.finallyHandler (http://localhost:5173/__cypress/runner/cypress_runner.js:4042:23)\n    at PassThroughHandlerContext.tryCatcher (http://localhost:5173/__cypress/runner/cypress_runner.js:1777:23)\n    at Promise._settlePromiseFromHandler (http://localhost:5173/__cypress/runner/cypress_runner.js:1489:31)\n    at Promise._settlePromise (http://localhost:5173/__cypress/runner/cypress_runner.js:1546:18)",
                    "diff": null
                  },
                  "uuid": "f39c80fd-1407-43a1-b0e2-a01fed858b32",
                  "parentUUID": "28b98cc6-00b3-4bfd-ad77-dbc0caf9d138",
                  "isHook": false,
                  "skipped": false
                },
                {
                  "title": "should show appropriate menu on iPad Air at /",
                  "fullTitle": "Tablet Responsive Tests Tablet tests on iPad Air should show appropriate menu on iPad Air at /",
                  "timedOut": null,
                  "duration": 1111,
                  "state": "passed",
                  "speed": "fast",
                  "pass": true,
                  "fail": false,
                  "pending": false,
                  "context": null,
                  "code": "cy.visit(route);\n// Check if desktop menu is visible at md breakpoint (768px)\nif (viewport.width >= 768) {\n  cy.get('nav.hidden.md\\\\:flex').should('be.visible');\n}",
                  "err": {},
                  "uuid": "110982ba-c82c-4853-b2a3-67b616fe1264",
                  "parentUUID": "28b98cc6-00b3-4bfd-ad77-dbc0caf9d138",
                  "isHook": false,
                  "skipped": false
                },
                {
                  "title": "should handle dropdowns on iPad Air at /",
                  "fullTitle": "Tablet Responsive Tests Tablet tests on iPad Air should handle dropdowns on iPad Air at /",
                  "timedOut": null,
                  "duration": 10985,
                  "state": "failed",
                  "speed": null,
                  "pass": false,
                  "fail": true,
                  "pending": false,
                  "context": null,
                  "code": "cy.visit(route);\nif (viewport.width >= 768) {\n  cy.contains('Facilities ▼').trigger('mouseover');\n  cy.contains('Library').should('be.visible');\n}",
                  "err": {
                    "message": "AssertionError: Timed out retrying after 10000ms: expected '<a.block.px-4.py-2.text-xs.lg:text-sm.hover:bg-gray-100.hover:text-primary.transition-colors>' to be 'visible'\n\nThis element `<a.block.px-4.py-2.text-xs.lg:text-sm.hover:bg-gray-100.hover:text-primary.transition-colors>` is not visible because its parent `<div.absolute.hidden.group-hover:block.bg-white.shadow-lg.min-w-[180px].lg:min-w-[200px].z-20.border.border-gray-200>` has CSS property: `display: none`",
                    "estack": "AssertionError: Timed out retrying after 10000ms: expected '<a.block.px-4.py-2.text-xs.lg:text-sm.hover:bg-gray-100.hover:text-primary.transition-colors>' to be 'visible'\n\nThis element `<a.block.px-4.py-2.text-xs.lg:text-sm.hover:bg-gray-100.hover:text-primary.transition-colors>` is not visible because its parent `<div.absolute.hidden.group-hover:block.bg-white.shadow-lg.min-w-[180px].lg:min-w-[200px].z-20.border.border-gray-200>` has CSS property: `display: none`\n    at Context.eval (webpack://mes-college-website/./cypress/e2e/06-tablet-responsive.cy.js:35:35)",
                    "diff": null
                  },
                  "uuid": "d8d755d8-217f-42fa-92aa-f0fe80bbfe7d",
                  "parentUUID": "28b98cc6-00b3-4bfd-ad77-dbc0caf9d138",
                  "isHook": false,
                  "skipped": false
                },
                {
                  "title": "should display properly on iPad Air at /about",
                  "fullTitle": "Tablet Responsive Tests Tablet tests on iPad Air should display properly on iPad Air at /about",
                  "timedOut": null,
                  "duration": 317,
                  "state": "failed",
                  "speed": null,
                  "pass": false,
                  "fail": true,
                  "pending": false,
                  "context": null,
                  "code": "cy.visit(route);\ncy.checkPageStructure();",
                  "err": {
                    "message": "TypeError: cy.checkPageStructure is not a function",
                    "estack": "TypeError: cy.checkPageStructure is not a function\n    at Context.eval (webpack://mes-college-website/./cypress/e2e/06-tablet-responsive.cy.js:20:13)\n    at runnable.fn (http://localhost:5173/__cypress/runner/cypress_runner.js:146323:19)\n    at callFn (http://localhost:5173/__cypress/runner/cypress_runner.js:165438:21)\n    at Runnable.run (http://localhost:5173/__cypress/runner/cypress_runner.js:165425:7)\n    at <unknown> (http://localhost:5173/__cypress/runner/cypress_runner.js:171523:30)\n    at PassThroughHandlerContext.finallyHandler (http://localhost:5173/__cypress/runner/cypress_runner.js:4042:23)\n    at PassThroughHandlerContext.tryCatcher (http://localhost:5173/__cypress/runner/cypress_runner.js:1777:23)\n    at Promise._settlePromiseFromHandler (http://localhost:5173/__cypress/runner/cypress_runner.js:1489:31)\n    at Promise._settlePromise (http://localhost:5173/__cypress/runner/cypress_runner.js:1546:18)",
                    "diff": null
                  },
                  "uuid": "a0af9eb0-9f52-4619-b477-1560f980c9e4",
                  "parentUUID": "28b98cc6-00b3-4bfd-ad77-dbc0caf9d138",
                  "isHook": false,
                  "skipped": false
                },
                {
                  "title": "should show appropriate menu on iPad Air at /about",
                  "fullTitle": "Tablet Responsive Tests Tablet tests on iPad Air should show appropriate menu on iPad Air at /about",
                  "timedOut": null,
                  "duration": 308,
                  "state": "failed",
                  "speed": null,
                  "pass": false,
                  "fail": true,
                  "pending": false,
                  "context": null,
                  "code": "cy.visit(route);\n// Check if desktop menu is visible at md breakpoint (768px)\nif (viewport.width >= 768) {\n  cy.get('nav.hidden.md\\\\:flex').should('be.visible');\n}",
                  "err": {
                    "message": "CypressError: `cy.visit()` failed trying to load:\n\nhttp://localhost:5173/about\n\nThe response we received from your web server was:\n\n  > 404: Not Found\n\nThis was considered a failure because the status code was not `2xx`.\n\nIf you do not want status codes to cause failures pass the option: `failOnStatusCode: false`",
                    "estack": "CypressError: `cy.visit()` failed trying to load:\n\nhttp://localhost:5173/about\n\nThe response we received from your web server was:\n\n  > 404: Not Found\n\nThis was considered a failure because the status code was not `2xx`.\n\nIf you do not want status codes to cause failures pass the option: `failOnStatusCode: false`\n    at <unknown> (http://localhost:5173/__cypress/runner/cypress_runner.js:134864:76)\n    at visitFailedByErr (http://localhost:5173/__cypress/runner/cypress_runner.js:134454:12)\n    at <unknown> (http://localhost:5173/__cypress/runner/cypress_runner.js:134847:13)\n    at tryCatcher (http://localhost:5173/__cypress/runner/cypress_runner.js:1777:23)\n    at Promise._settlePromiseFromHandler (http://localhost:5173/__cypress/runner/cypress_runner.js:1489:31)\n    at Promise._settlePromise (http://localhost:5173/__cypress/runner/cypress_runner.js:1546:18)\n    at Promise._settlePromise0 (http://localhost:5173/__cypress/runner/cypress_runner.js:1591:10)\n    at Promise._settlePromises (http://localhost:5173/__cypress/runner/cypress_runner.js:1667:18)\n    at _drainQueueStep (http://localhost:5173/__cypress/runner/cypress_runner.js:2377:12)\n    at _drainQueue (http://localhost:5173/__cypress/runner/cypress_runner.js:2370:9)\n    at Async._drainQueues (http://localhost:5173/__cypress/runner/cypress_runner.js:2386:5)\n    at Async.drainQueues (http://localhost:5173/__cypress/runner/cypress_runner.js:2256:14)\nFrom Your Spec Code:\n    at Context.eval (webpack://mes-college-website/./cypress/e2e/06-tablet-responsive.cy.js:24:13)",
                    "diff": null
                  },
                  "uuid": "1fc029c2-4a9f-4238-80fd-d4072297c6a8",
                  "parentUUID": "28b98cc6-00b3-4bfd-ad77-dbc0caf9d138",
                  "isHook": false,
                  "skipped": false
                },
                {
                  "title": "should handle dropdowns on iPad Air at /about",
                  "fullTitle": "Tablet Responsive Tests Tablet tests on iPad Air should handle dropdowns on iPad Air at /about",
                  "timedOut": null,
                  "duration": 292,
                  "state": "failed",
                  "speed": null,
                  "pass": false,
                  "fail": true,
                  "pending": false,
                  "context": null,
                  "code": "cy.visit(route);\nif (viewport.width >= 768) {\n  cy.contains('Facilities ▼').trigger('mouseover');\n  cy.contains('Library').should('be.visible');\n}",
                  "err": {
                    "message": "CypressError: `cy.visit()` failed trying to load:\n\nhttp://localhost:5173/about\n\nThe response we received from your web server was:\n\n  > 404: Not Found\n\nThis was considered a failure because the status code was not `2xx`.\n\nIf you do not want status codes to cause failures pass the option: `failOnStatusCode: false`",
                    "estack": "CypressError: `cy.visit()` failed trying to load:\n\nhttp://localhost:5173/about\n\nThe response we received from your web server was:\n\n  > 404: Not Found\n\nThis was considered a failure because the status code was not `2xx`.\n\nIf you do not want status codes to cause failures pass the option: `failOnStatusCode: false`\n    at <unknown> (http://localhost:5173/__cypress/runner/cypress_runner.js:134864:76)\n    at visitFailedByErr (http://localhost:5173/__cypress/runner/cypress_runner.js:134454:12)\n    at <unknown> (http://localhost:5173/__cypress/runner/cypress_runner.js:134847:13)\n    at tryCatcher (http://localhost:5173/__cypress/runner/cypress_runner.js:1777:23)\n    at Promise._settlePromiseFromHandler (http://localhost:5173/__cypress/runner/cypress_runner.js:1489:31)\n    at Promise._settlePromise (http://localhost:5173/__cypress/runner/cypress_runner.js:1546:18)\n    at Promise._settlePromise0 (http://localhost:5173/__cypress/runner/cypress_runner.js:1591:10)\n    at Promise._settlePromises (http://localhost:5173/__cypress/runner/cypress_runner.js:1667:18)\n    at _drainQueueStep (http://localhost:5173/__cypress/runner/cypress_runner.js:2377:12)\n    at _drainQueue (http://localhost:5173/__cypress/runner/cypress_runner.js:2370:9)\n    at Async._drainQueues (http://localhost:5173/__cypress/runner/cypress_runner.js:2386:5)\n    at Async.drainQueues (http://localhost:5173/__cypress/runner/cypress_runner.js:2256:14)\nFrom Your Spec Code:\n    at Context.eval (webpack://mes-college-website/./cypress/e2e/06-tablet-responsive.cy.js:32:13)",
                    "diff": null
                  },
                  "uuid": "8169d6d7-e8aa-4ec8-9115-365b0b74019f",
                  "parentUUID": "28b98cc6-00b3-4bfd-ad77-dbc0caf9d138",
                  "isHook": false,
                  "skipped": false
                },
                {
                  "title": "should display properly on iPad Air at /facilities",
                  "fullTitle": "Tablet Responsive Tests Tablet tests on iPad Air should display properly on iPad Air at /facilities",
                  "timedOut": null,
                  "duration": 213,
                  "state": "failed",
                  "speed": null,
                  "pass": false,
                  "fail": true,
                  "pending": false,
                  "context": null,
                  "code": "cy.visit(route);\ncy.checkPageStructure();",
                  "err": {
                    "message": "TypeError: cy.checkPageStructure is not a function",
                    "estack": "TypeError: cy.checkPageStructure is not a function\n    at Context.eval (webpack://mes-college-website/./cypress/e2e/06-tablet-responsive.cy.js:20:13)\n    at runnable.fn (http://localhost:5173/__cypress/runner/cypress_runner.js:146323:19)\n    at callFn (http://localhost:5173/__cypress/runner/cypress_runner.js:165438:21)\n    at Runnable.run (http://localhost:5173/__cypress/runner/cypress_runner.js:165425:7)\n    at <unknown> (http://localhost:5173/__cypress/runner/cypress_runner.js:171523:30)\n    at PassThroughHandlerContext.finallyHandler (http://localhost:5173/__cypress/runner/cypress_runner.js:4042:23)\n    at PassThroughHandlerContext.tryCatcher (http://localhost:5173/__cypress/runner/cypress_runner.js:1777:23)\n    at Promise._settlePromiseFromHandler (http://localhost:5173/__cypress/runner/cypress_runner.js:1489:31)\n    at Promise._settlePromise (http://localhost:5173/__cypress/runner/cypress_runner.js:1546:18)",
                    "diff": null
                  },
                  "uuid": "06bcf18e-ccc7-450e-9b6b-6b51f4bb160a",
                  "parentUUID": "28b98cc6-00b3-4bfd-ad77-dbc0caf9d138",
                  "isHook": false,
                  "skipped": false
                },
                {
                  "title": "should show appropriate menu on iPad Air at /facilities",
                  "fullTitle": "Tablet Responsive Tests Tablet tests on iPad Air should show appropriate menu on iPad Air at /facilities",
                  "timedOut": null,
                  "duration": 243,
                  "state": "failed",
                  "speed": null,
                  "pass": false,
                  "fail": true,
                  "pending": false,
                  "context": null,
                  "code": "cy.visit(route);\n// Check if desktop menu is visible at md breakpoint (768px)\nif (viewport.width >= 768) {\n  cy.get('nav.hidden.md\\\\:flex').should('be.visible');\n}",
                  "err": {
                    "message": "CypressError: `cy.visit()` failed trying to load:\n\nhttp://localhost:5173/facilities\n\nThe response we received from your web server was:\n\n  > 404: Not Found\n\nThis was considered a failure because the status code was not `2xx`.\n\nIf you do not want status codes to cause failures pass the option: `failOnStatusCode: false`",
                    "estack": "CypressError: `cy.visit()` failed trying to load:\n\nhttp://localhost:5173/facilities\n\nThe response we received from your web server was:\n\n  > 404: Not Found\n\nThis was considered a failure because the status code was not `2xx`.\n\nIf you do not want status codes to cause failures pass the option: `failOnStatusCode: false`\n    at <unknown> (http://localhost:5173/__cypress/runner/cypress_runner.js:134864:76)\n    at visitFailedByErr (http://localhost:5173/__cypress/runner/cypress_runner.js:134454:12)\n    at <unknown> (http://localhost:5173/__cypress/runner/cypress_runner.js:134847:13)\n    at tryCatcher (http://localhost:5173/__cypress/runner/cypress_runner.js:1777:23)\n    at Promise._settlePromiseFromHandler (http://localhost:5173/__cypress/runner/cypress_runner.js:1489:31)\n    at Promise._settlePromise (http://localhost:5173/__cypress/runner/cypress_runner.js:1546:18)\n    at Promise._settlePromise0 (http://localhost:5173/__cypress/runner/cypress_runner.js:1591:10)\n    at Promise._settlePromises (http://localhost:5173/__cypress/runner/cypress_runner.js:1667:18)\n    at _drainQueueStep (http://localhost:5173/__cypress/runner/cypress_runner.js:2377:12)\n    at _drainQueue (http://localhost:5173/__cypress/runner/cypress_runner.js:2370:9)\n    at Async._drainQueues (http://localhost:5173/__cypress/runner/cypress_runner.js:2386:5)\n    at Async.drainQueues (http://localhost:5173/__cypress/runner/cypress_runner.js:2256:14)\nFrom Your Spec Code:\n    at Context.eval (webpack://mes-college-website/./cypress/e2e/06-tablet-responsive.cy.js:24:13)",
                    "diff": null
                  },
                  "uuid": "2fd99d37-1644-4bec-9061-a3f369e36118",
                  "parentUUID": "28b98cc6-00b3-4bfd-ad77-dbc0caf9d138",
                  "isHook": false,
                  "skipped": false
                },
                {
                  "title": "should handle dropdowns on iPad Air at /facilities",
                  "fullTitle": "Tablet Responsive Tests Tablet tests on iPad Air should handle dropdowns on iPad Air at /facilities",
                  "timedOut": null,
                  "duration": 280,
                  "state": "failed",
                  "speed": null,
                  "pass": false,
                  "fail": true,
                  "pending": false,
                  "context": null,
                  "code": "cy.visit(route);\nif (viewport.width >= 768) {\n  cy.contains('Facilities ▼').trigger('mouseover');\n  cy.contains('Library').should('be.visible');\n}",
                  "err": {
                    "message": "CypressError: `cy.visit()` failed trying to load:\n\nhttp://localhost:5173/facilities\n\nThe response we received from your web server was:\n\n  > 404: Not Found\n\nThis was considered a failure because the status code was not `2xx`.\n\nIf you do not want status codes to cause failures pass the option: `failOnStatusCode: false`",
                    "estack": "CypressError: `cy.visit()` failed trying to load:\n\nhttp://localhost:5173/facilities\n\nThe response we received from your web server was:\n\n  > 404: Not Found\n\nThis was considered a failure because the status code was not `2xx`.\n\nIf you do not want status codes to cause failures pass the option: `failOnStatusCode: false`\n    at <unknown> (http://localhost:5173/__cypress/runner/cypress_runner.js:134864:76)\n    at visitFailedByErr (http://localhost:5173/__cypress/runner/cypress_runner.js:134454:12)\n    at <unknown> (http://localhost:5173/__cypress/runner/cypress_runner.js:134847:13)\n    at tryCatcher (http://localhost:5173/__cypress/runner/cypress_runner.js:1777:23)\n    at Promise._settlePromiseFromHandler (http://localhost:5173/__cypress/runner/cypress_runner.js:1489:31)\n    at Promise._settlePromise (http://localhost:5173/__cypress/runner/cypress_runner.js:1546:18)\n    at Promise._settlePromise0 (http://localhost:5173/__cypress/runner/cypress_runner.js:1591:10)\n    at Promise._settlePromises (http://localhost:5173/__cypress/runner/cypress_runner.js:1667:18)\n    at _drainQueueStep (http://localhost:5173/__cypress/runner/cypress_runner.js:2377:12)\n    at _drainQueue (http://localhost:5173/__cypress/runner/cypress_runner.js:2370:9)\n    at Async._drainQueues (http://localhost:5173/__cypress/runner/cypress_runner.js:2386:5)\n    at Async.drainQueues (http://localhost:5173/__cypress/runner/cypress_runner.js:2256:14)\nFrom Your Spec Code:\n    at Context.eval (webpack://mes-college-website/./cypress/e2e/06-tablet-responsive.cy.js:32:13)",
                    "diff": null
                  },
                  "uuid": "cbbca0c7-b45e-4e8f-a192-d7322dedc2cf",
                  "parentUUID": "28b98cc6-00b3-4bfd-ad77-dbc0caf9d138",
                  "isHook": false,
                  "skipped": false
                },
                {
                  "title": "should display properly on iPad Air at /contact",
                  "fullTitle": "Tablet Responsive Tests Tablet tests on iPad Air should display properly on iPad Air at /contact",
                  "timedOut": null,
                  "duration": 262,
                  "state": "failed",
                  "speed": null,
                  "pass": false,
                  "fail": true,
                  "pending": false,
                  "context": null,
                  "code": "cy.visit(route);\ncy.checkPageStructure();",
                  "err": {
                    "message": "TypeError: cy.checkPageStructure is not a function",
                    "estack": "TypeError: cy.checkPageStructure is not a function\n    at Context.eval (webpack://mes-college-website/./cypress/e2e/06-tablet-responsive.cy.js:20:13)\n    at runnable.fn (http://localhost:5173/__cypress/runner/cypress_runner.js:146323:19)\n    at callFn (http://localhost:5173/__cypress/runner/cypress_runner.js:165438:21)\n    at Runnable.run (http://localhost:5173/__cypress/runner/cypress_runner.js:165425:7)\n    at <unknown> (http://localhost:5173/__cypress/runner/cypress_runner.js:171523:30)\n    at PassThroughHandlerContext.finallyHandler (http://localhost:5173/__cypress/runner/cypress_runner.js:4042:23)\n    at PassThroughHandlerContext.tryCatcher (http://localhost:5173/__cypress/runner/cypress_runner.js:1777:23)\n    at Promise._settlePromiseFromHandler (http://localhost:5173/__cypress/runner/cypress_runner.js:1489:31)\n    at Promise._settlePromise (http://localhost:5173/__cypress/runner/cypress_runner.js:1546:18)",
                    "diff": null
                  },
                  "uuid": "04cbf4fe-28ce-4817-b5c6-a9ad94a3edaf",
                  "parentUUID": "28b98cc6-00b3-4bfd-ad77-dbc0caf9d138",
                  "isHook": false,
                  "skipped": false
                },
                {
                  "title": "should show appropriate menu on iPad Air at /contact",
                  "fullTitle": "Tablet Responsive Tests Tablet tests on iPad Air should show appropriate menu on iPad Air at /contact",
                  "timedOut": null,
                  "duration": 255,
                  "state": "failed",
                  "speed": null,
                  "pass": false,
                  "fail": true,
                  "pending": false,
                  "context": null,
                  "code": "cy.visit(route);\n// Check if desktop menu is visible at md breakpoint (768px)\nif (viewport.width >= 768) {\n  cy.get('nav.hidden.md\\\\:flex').should('be.visible');\n}",
                  "err": {
                    "message": "CypressError: `cy.visit()` failed trying to load:\n\nhttp://localhost:5173/contact\n\nThe response we received from your web server was:\n\n  > 404: Not Found\n\nThis was considered a failure because the status code was not `2xx`.\n\nIf you do not want status codes to cause failures pass the option: `failOnStatusCode: false`",
                    "estack": "CypressError: `cy.visit()` failed trying to load:\n\nhttp://localhost:5173/contact\n\nThe response we received from your web server was:\n\n  > 404: Not Found\n\nThis was considered a failure because the status code was not `2xx`.\n\nIf you do not want status codes to cause failures pass the option: `failOnStatusCode: false`\n    at <unknown> (http://localhost:5173/__cypress/runner/cypress_runner.js:134864:76)\n    at visitFailedByErr (http://localhost:5173/__cypress/runner/cypress_runner.js:134454:12)\n    at <unknown> (http://localhost:5173/__cypress/runner/cypress_runner.js:134847:13)\n    at tryCatcher (http://localhost:5173/__cypress/runner/cypress_runner.js:1777:23)\n    at Promise._settlePromiseFromHandler (http://localhost:5173/__cypress/runner/cypress_runner.js:1489:31)\n    at Promise._settlePromise (http://localhost:5173/__cypress/runner/cypress_runner.js:1546:18)\n    at Promise._settlePromise0 (http://localhost:5173/__cypress/runner/cypress_runner.js:1591:10)\n    at Promise._settlePromises (http://localhost:5173/__cypress/runner/cypress_runner.js:1667:18)\n    at _drainQueueStep (http://localhost:5173/__cypress/runner/cypress_runner.js:2377:12)\n    at _drainQueue (http://localhost:5173/__cypress/runner/cypress_runner.js:2370:9)\n    at Async._drainQueues (http://localhost:5173/__cypress/runner/cypress_runner.js:2386:5)\n    at Async.drainQueues (http://localhost:5173/__cypress/runner/cypress_runner.js:2256:14)\nFrom Your Spec Code:\n    at Context.eval (webpack://mes-college-website/./cypress/e2e/06-tablet-responsive.cy.js:24:13)",
                    "diff": null
                  },
                  "uuid": "7735b8f7-00fc-45cd-a0eb-4aa100b9b472",
                  "parentUUID": "28b98cc6-00b3-4bfd-ad77-dbc0caf9d138",
                  "isHook": false,
                  "skipped": false
                },
                {
                  "title": "should handle dropdowns on iPad Air at /contact",
                  "fullTitle": "Tablet Responsive Tests Tablet tests on iPad Air should handle dropdowns on iPad Air at /contact",
                  "timedOut": null,
                  "duration": 268,
                  "state": "failed",
                  "speed": null,
                  "pass": false,
                  "fail": true,
                  "pending": false,
                  "context": null,
                  "code": "cy.visit(route);\nif (viewport.width >= 768) {\n  cy.contains('Facilities ▼').trigger('mouseover');\n  cy.contains('Library').should('be.visible');\n}",
                  "err": {
                    "message": "CypressError: `cy.visit()` failed trying to load:\n\nhttp://localhost:5173/contact\n\nThe response we received from your web server was:\n\n  > 404: Not Found\n\nThis was considered a failure because the status code was not `2xx`.\n\nIf you do not want status codes to cause failures pass the option: `failOnStatusCode: false`",
                    "estack": "CypressError: `cy.visit()` failed trying to load:\n\nhttp://localhost:5173/contact\n\nThe response we received from your web server was:\n\n  > 404: Not Found\n\nThis was considered a failure because the status code was not `2xx`.\n\nIf you do not want status codes to cause failures pass the option: `failOnStatusCode: false`\n    at <unknown> (http://localhost:5173/__cypress/runner/cypress_runner.js:134864:76)\n    at visitFailedByErr (http://localhost:5173/__cypress/runner/cypress_runner.js:134454:12)\n    at <unknown> (http://localhost:5173/__cypress/runner/cypress_runner.js:134847:13)\n    at tryCatcher (http://localhost:5173/__cypress/runner/cypress_runner.js:1777:23)\n    at Promise._settlePromiseFromHandler (http://localhost:5173/__cypress/runner/cypress_runner.js:1489:31)\n    at Promise._settlePromise (http://localhost:5173/__cypress/runner/cypress_runner.js:1546:18)\n    at Promise._settlePromise0 (http://localhost:5173/__cypress/runner/cypress_runner.js:1591:10)\n    at Promise._settlePromises (http://localhost:5173/__cypress/runner/cypress_runner.js:1667:18)\n    at _drainQueueStep (http://localhost:5173/__cypress/runner/cypress_runner.js:2377:12)\n    at _drainQueue (http://localhost:5173/__cypress/runner/cypress_runner.js:2370:9)\n    at Async._drainQueues (http://localhost:5173/__cypress/runner/cypress_runner.js:2386:5)\n    at Async.drainQueues (http://localhost:5173/__cypress/runner/cypress_runner.js:2256:14)\nFrom Your Spec Code:\n    at Context.eval (webpack://mes-college-website/./cypress/e2e/06-tablet-responsive.cy.js:32:13)",
                    "diff": null
                  },
                  "uuid": "9d4d8dbc-f03a-4c40-95af-38fc1ab395a8",
                  "parentUUID": "28b98cc6-00b3-4bfd-ad77-dbc0caf9d138",
                  "isHook": false,
                  "skipped": false
                },
                {
                  "title": "should display images correctly on iPad Air",
                  "fullTitle": "Tablet Responsive Tests Tablet tests on iPad Air should display images correctly on iPad Air",
                  "timedOut": null,
                  "duration": 1019,
                  "state": "passed",
                  "speed": "fast",
                  "pass": true,
                  "fail": false,
                  "pending": false,
                  "context": null,
                  "code": "cy.visit('/');\ncy.get('img[alt=\"Logo\"]').should('be.visible');",
                  "err": {},
                  "uuid": "4c18ec41-3a62-4df6-9df6-7d57e3273ae6",
                  "parentUUID": "28b98cc6-00b3-4bfd-ad77-dbc0caf9d138",
                  "isHook": false,
                  "skipped": false
                },
                {
                  "title": "should have proper spacing on iPad Air",
                  "fullTitle": "Tablet Responsive Tests Tablet tests on iPad Air should have proper spacing on iPad Air",
                  "timedOut": null,
                  "duration": 10605,
                  "state": "failed",
                  "speed": null,
                  "pass": false,
                  "fail": true,
                  "pending": false,
                  "context": null,
                  "code": "cy.visit('/');\ncy.get('header').should('be.visible');\ncy.get('main').should('be.visible');\ncy.get('footer').should('be.visible');",
                  "err": {
                    "message": "AssertionError: Timed out retrying after 10000ms: Expected to find element: `header`, but never found it.",
                    "estack": "AssertionError: Timed out retrying after 10000ms: Expected to find element: `header`, but never found it.\n    at Context.eval (webpack://mes-college-website/./cypress/e2e/06-tablet-responsive.cy.js:47:25)",
                    "diff": null
                  },
                  "uuid": "6420bb09-e360-4c77-8475-2b1b8374ba85",
                  "parentUUID": "28b98cc6-00b3-4bfd-ad77-dbc0caf9d138",
                  "isHook": false,
                  "skipped": false
                }
              ],
              "suites": [],
              "passes": [
                "110982ba-c82c-4853-b2a3-67b616fe1264",
                "4c18ec41-3a62-4df6-9df6-7d57e3273ae6"
              ],
              "failures": [
                "f39c80fd-1407-43a1-b0e2-a01fed858b32",
                "d8d755d8-217f-42fa-92aa-f0fe80bbfe7d",
                "a0af9eb0-9f52-4619-b477-1560f980c9e4",
                "1fc029c2-4a9f-4238-80fd-d4072297c6a8",
                "8169d6d7-e8aa-4ec8-9115-365b0b74019f",
                "06bcf18e-ccc7-450e-9b6b-6b51f4bb160a",
                "2fd99d37-1644-4bec-9061-a3f369e36118",
                "cbbca0c7-b45e-4e8f-a192-d7322dedc2cf",
                "04cbf4fe-28ce-4817-b5c6-a9ad94a3edaf",
                "7735b8f7-00fc-45cd-a0eb-4aa100b9b472",
                "9d4d8dbc-f03a-4c40-95af-38fc1ab395a8",
                "6420bb09-e360-4c77-8475-2b1b8374ba85"
              ],
              "pending": [],
              "skipped": [],
              "duration": 26396,
              "root": false,
              "rootEmpty": false,
              "_timeout": 2000
            },
            {
              "uuid": "e34811eb-232e-4ddc-86b9-c61d58202aa7",
              "title": "Tablet tests on iPad Pro",
              "fullFile": "",
              "file": "",
              "beforeHooks": [],
              "afterHooks": [],
              "tests": [
                {
                  "title": "should display properly on iPad Pro at /",
                  "fullTitle": "Tablet Responsive Tests Tablet tests on iPad Pro should display properly on iPad Pro at /",
                  "timedOut": null,
                  "duration": 356,
                  "state": "failed",
                  "speed": null,
                  "pass": false,
                  "fail": true,
                  "pending": false,
                  "context": null,
                  "code": "cy.visit(route);\ncy.checkPageStructure();",
                  "err": {
                    "message": "TypeError: cy.checkPageStructure is not a function",
                    "estack": "TypeError: cy.checkPageStructure is not a function\n    at Context.eval (webpack://mes-college-website/./cypress/e2e/06-tablet-responsive.cy.js:20:13)\n    at runnable.fn (http://localhost:5173/__cypress/runner/cypress_runner.js:146323:19)\n    at callFn (http://localhost:5173/__cypress/runner/cypress_runner.js:165438:21)\n    at Runnable.run (http://localhost:5173/__cypress/runner/cypress_runner.js:165425:7)\n    at <unknown> (http://localhost:5173/__cypress/runner/cypress_runner.js:171523:30)\n    at PassThroughHandlerContext.finallyHandler (http://localhost:5173/__cypress/runner/cypress_runner.js:4042:23)\n    at PassThroughHandlerContext.tryCatcher (http://localhost:5173/__cypress/runner/cypress_runner.js:1777:23)\n    at Promise._settlePromiseFromHandler (http://localhost:5173/__cypress/runner/cypress_runner.js:1489:31)\n    at Promise._settlePromise (http://localhost:5173/__cypress/runner/cypress_runner.js:1546:18)",
                    "diff": null
                  },
                  "uuid": "4f7a22bf-0c91-4c45-b1a8-2f6cfea412ec",
                  "parentUUID": "e34811eb-232e-4ddc-86b9-c61d58202aa7",
                  "isHook": false,
                  "skipped": false
                },
                {
                  "title": "should show appropriate menu on iPad Pro at /",
                  "fullTitle": "Tablet Responsive Tests Tablet tests on iPad Pro should show appropriate menu on iPad Pro at /",
                  "timedOut": null,
                  "duration": 1022,
                  "state": "passed",
                  "speed": "fast",
                  "pass": true,
                  "fail": false,
                  "pending": false,
                  "context": null,
                  "code": "cy.visit(route);\n// Check if desktop menu is visible at md breakpoint (768px)\nif (viewport.width >= 768) {\n  cy.get('nav.hidden.md\\\\:flex').should('be.visible');\n}",
                  "err": {},
                  "uuid": "6cd8e6e7-cae7-4234-a60b-7f0905a37f73",
                  "parentUUID": "e34811eb-232e-4ddc-86b9-c61d58202aa7",
                  "isHook": false,
                  "skipped": false
                },
                {
                  "title": "should handle dropdowns on iPad Pro at /",
                  "fullTitle": "Tablet Responsive Tests Tablet tests on iPad Pro should handle dropdowns on iPad Pro at /",
                  "timedOut": null,
                  "duration": 11235,
                  "state": "failed",
                  "speed": null,
                  "pass": false,
                  "fail": true,
                  "pending": false,
                  "context": null,
                  "code": "cy.visit(route);\nif (viewport.width >= 768) {\n  cy.contains('Facilities ▼').trigger('mouseover');\n  cy.contains('Library').should('be.visible');\n}",
                  "err": {
                    "message": "AssertionError: Timed out retrying after 10000ms: expected '<a.block.px-4.py-2.text-xs.lg:text-sm.hover:bg-gray-100.hover:text-primary.transition-colors>' to be 'visible'\n\nThis element `<a.block.px-4.py-2.text-xs.lg:text-sm.hover:bg-gray-100.hover:text-primary.transition-colors>` is not visible because its parent `<div.absolute.hidden.group-hover:block.bg-white.shadow-lg.min-w-[180px].lg:min-w-[200px].z-20.border.border-gray-200>` has CSS property: `display: none`",
                    "estack": "AssertionError: Timed out retrying after 10000ms: expected '<a.block.px-4.py-2.text-xs.lg:text-sm.hover:bg-gray-100.hover:text-primary.transition-colors>' to be 'visible'\n\nThis element `<a.block.px-4.py-2.text-xs.lg:text-sm.hover:bg-gray-100.hover:text-primary.transition-colors>` is not visible because its parent `<div.absolute.hidden.group-hover:block.bg-white.shadow-lg.min-w-[180px].lg:min-w-[200px].z-20.border.border-gray-200>` has CSS property: `display: none`\n    at Context.eval (webpack://mes-college-website/./cypress/e2e/06-tablet-responsive.cy.js:35:35)",
                    "diff": null
                  },
                  "uuid": "ec69f7ce-22ee-4cf8-b768-04f62a1ac79b",
                  "parentUUID": "e34811eb-232e-4ddc-86b9-c61d58202aa7",
                  "isHook": false,
                  "skipped": false
                },
                {
                  "title": "should display properly on iPad Pro at /about",
                  "fullTitle": "Tablet Responsive Tests Tablet tests on iPad Pro should display properly on iPad Pro at /about",
                  "timedOut": null,
                  "duration": 284,
                  "state": "failed",
                  "speed": null,
                  "pass": false,
                  "fail": true,
                  "pending": false,
                  "context": null,
                  "code": "cy.visit(route);\ncy.checkPageStructure();",
                  "err": {
                    "message": "TypeError: cy.checkPageStructure is not a function",
                    "estack": "TypeError: cy.checkPageStructure is not a function\n    at Context.eval (webpack://mes-college-website/./cypress/e2e/06-tablet-responsive.cy.js:20:13)\n    at runnable.fn (http://localhost:5173/__cypress/runner/cypress_runner.js:146323:19)\n    at callFn (http://localhost:5173/__cypress/runner/cypress_runner.js:165438:21)\n    at Runnable.run (http://localhost:5173/__cypress/runner/cypress_runner.js:165425:7)\n    at <unknown> (http://localhost:5173/__cypress/runner/cypress_runner.js:171523:30)\n    at PassThroughHandlerContext.finallyHandler (http://localhost:5173/__cypress/runner/cypress_runner.js:4042:23)\n    at PassThroughHandlerContext.tryCatcher (http://localhost:5173/__cypress/runner/cypress_runner.js:1777:23)\n    at Promise._settlePromiseFromHandler (http://localhost:5173/__cypress/runner/cypress_runner.js:1489:31)\n    at Promise._settlePromise (http://localhost:5173/__cypress/runner/cypress_runner.js:1546:18)",
                    "diff": null
                  },
                  "uuid": "8e6b5b39-3f74-4b66-8572-976ee8e9c555",
                  "parentUUID": "e34811eb-232e-4ddc-86b9-c61d58202aa7",
                  "isHook": false,
                  "skipped": false
                },
                {
                  "title": "should show appropriate menu on iPad Pro at /about",
                  "fullTitle": "Tablet Responsive Tests Tablet tests on iPad Pro should show appropriate menu on iPad Pro at /about",
                  "timedOut": null,
                  "duration": 263,
                  "state": "failed",
                  "speed": null,
                  "pass": false,
                  "fail": true,
                  "pending": false,
                  "context": null,
                  "code": "cy.visit(route);\n// Check if desktop menu is visible at md breakpoint (768px)\nif (viewport.width >= 768) {\n  cy.get('nav.hidden.md\\\\:flex').should('be.visible');\n}",
                  "err": {
                    "message": "CypressError: `cy.visit()` failed trying to load:\n\nhttp://localhost:5173/about\n\nThe response we received from your web server was:\n\n  > 404: Not Found\n\nThis was considered a failure because the status code was not `2xx`.\n\nIf you do not want status codes to cause failures pass the option: `failOnStatusCode: false`",
                    "estack": "CypressError: `cy.visit()` failed trying to load:\n\nhttp://localhost:5173/about\n\nThe response we received from your web server was:\n\n  > 404: Not Found\n\nThis was considered a failure because the status code was not `2xx`.\n\nIf you do not want status codes to cause failures pass the option: `failOnStatusCode: false`\n    at <unknown> (http://localhost:5173/__cypress/runner/cypress_runner.js:134864:76)\n    at visitFailedByErr (http://localhost:5173/__cypress/runner/cypress_runner.js:134454:12)\n    at <unknown> (http://localhost:5173/__cypress/runner/cypress_runner.js:134847:13)\n    at tryCatcher (http://localhost:5173/__cypress/runner/cypress_runner.js:1777:23)\n    at Promise._settlePromiseFromHandler (http://localhost:5173/__cypress/runner/cypress_runner.js:1489:31)\n    at Promise._settlePromise (http://localhost:5173/__cypress/runner/cypress_runner.js:1546:18)\n    at Promise._settlePromise0 (http://localhost:5173/__cypress/runner/cypress_runner.js:1591:10)\n    at Promise._settlePromises (http://localhost:5173/__cypress/runner/cypress_runner.js:1667:18)\n    at _drainQueueStep (http://localhost:5173/__cypress/runner/cypress_runner.js:2377:12)\n    at _drainQueue (http://localhost:5173/__cypress/runner/cypress_runner.js:2370:9)\n    at Async._drainQueues (http://localhost:5173/__cypress/runner/cypress_runner.js:2386:5)\n    at Async.drainQueues (http://localhost:5173/__cypress/runner/cypress_runner.js:2256:14)\nFrom Your Spec Code:\n    at Context.eval (webpack://mes-college-website/./cypress/e2e/06-tablet-responsive.cy.js:24:13)",
                    "diff": null
                  },
                  "uuid": "bc29891e-55c9-4878-836e-c369301d4442",
                  "parentUUID": "e34811eb-232e-4ddc-86b9-c61d58202aa7",
                  "isHook": false,
                  "skipped": false
                },
                {
                  "title": "should handle dropdowns on iPad Pro at /about",
                  "fullTitle": "Tablet Responsive Tests Tablet tests on iPad Pro should handle dropdowns on iPad Pro at /about",
                  "timedOut": null,
                  "duration": 291,
                  "state": "failed",
                  "speed": null,
                  "pass": false,
                  "fail": true,
                  "pending": false,
                  "context": null,
                  "code": "cy.visit(route);\nif (viewport.width >= 768) {\n  cy.contains('Facilities ▼').trigger('mouseover');\n  cy.contains('Library').should('be.visible');\n}",
                  "err": {
                    "message": "CypressError: `cy.visit()` failed trying to load:\n\nhttp://localhost:5173/about\n\nThe response we received from your web server was:\n\n  > 404: Not Found\n\nThis was considered a failure because the status code was not `2xx`.\n\nIf you do not want status codes to cause failures pass the option: `failOnStatusCode: false`",
                    "estack": "CypressError: `cy.visit()` failed trying to load:\n\nhttp://localhost:5173/about\n\nThe response we received from your web server was:\n\n  > 404: Not Found\n\nThis was considered a failure because the status code was not `2xx`.\n\nIf you do not want status codes to cause failures pass the option: `failOnStatusCode: false`\n    at <unknown> (http://localhost:5173/__cypress/runner/cypress_runner.js:134864:76)\n    at visitFailedByErr (http://localhost:5173/__cypress/runner/cypress_runner.js:134454:12)\n    at <unknown> (http://localhost:5173/__cypress/runner/cypress_runner.js:134847:13)\n    at tryCatcher (http://localhost:5173/__cypress/runner/cypress_runner.js:1777:23)\n    at Promise._settlePromiseFromHandler (http://localhost:5173/__cypress/runner/cypress_runner.js:1489:31)\n    at Promise._settlePromise (http://localhost:5173/__cypress/runner/cypress_runner.js:1546:18)\n    at Promise._settlePromise0 (http://localhost:5173/__cypress/runner/cypress_runner.js:1591:10)\n    at Promise._settlePromises (http://localhost:5173/__cypress/runner/cypress_runner.js:1667:18)\n    at _drainQueueStep (http://localhost:5173/__cypress/runner/cypress_runner.js:2377:12)\n    at _drainQueue (http://localhost:5173/__cypress/runner/cypress_runner.js:2370:9)\n    at Async._drainQueues (http://localhost:5173/__cypress/runner/cypress_runner.js:2386:5)\n    at Async.drainQueues (http://localhost:5173/__cypress/runner/cypress_runner.js:2256:14)\nFrom Your Spec Code:\n    at Context.eval (webpack://mes-college-website/./cypress/e2e/06-tablet-responsive.cy.js:32:13)",
                    "diff": null
                  },
                  "uuid": "985b8577-8397-4073-9ef2-ec664e7a01dd",
                  "parentUUID": "e34811eb-232e-4ddc-86b9-c61d58202aa7",
                  "isHook": false,
                  "skipped": false
                },
                {
                  "title": "should display properly on iPad Pro at /facilities",
                  "fullTitle": "Tablet Responsive Tests Tablet tests on iPad Pro should display properly on iPad Pro at /facilities",
                  "timedOut": null,
                  "duration": 253,
                  "state": "failed",
                  "speed": null,
                  "pass": false,
                  "fail": true,
                  "pending": false,
                  "context": null,
                  "code": "cy.visit(route);\ncy.checkPageStructure();",
                  "err": {
                    "message": "TypeError: cy.checkPageStructure is not a function",
[...]
                  "pass": false,
                  "fail": true,
                  "pending": false,
                  "context": null,
                  "code": "cy.visit(route);\ncy.checkPageStructure();",
                  "err": {
                    "message": "TypeError: cy.checkPageStructure is not a function",
                    "estack": "TypeError: cy.checkPageStructure is not a function\n    at Context.eval (webpack://mes-college-website/./cypress/e2e/06-tablet-responsive.cy.js:20:13)\n    at runnable.fn (http://localhost:5173/__cypress/runner/cypress_runner.js:146323:19)\n    at callFn (http://localhost:5173/__cypress/runner/cypress_runner.js:165438:21)\n    at Runnable.run (http://localhost:5173/__cypress/runner/cypress_runner.js:165425:7)\n    at <unknown> (http://localhost:5173/__cypress/runner/cypress_runner.js:171523:30)\n    at PassThroughHandlerContext.finallyHandler (http://localhost:5173/__cypress/runner/cypress_runner.js:4042:23)\n    at PassThroughHandlerContext.tryCatcher (http://localhost:5173/__cypress/runner/cypress_runner.js:1777:23)\n    at Promise._settlePromiseFromHandler (http://localhost:5173/__cypress/runner/cypress_runner.js:1489:31)\n    at Promise._settlePromise (http://localhost:5173/__cypress/runner/cypress_runner.js:1546:18)",
                    "diff": null
                  },
                  "uuid": "6538c099-5e51-47c1-b524-3e74f967dc19",
                  "parentUUID": "265ad850-85c7-47de-874b-22e8bd3a2538",
                  "isHook": false,
                  "skipped": false
                },
                {
                  "title": "should show appropriate menu on Surface Pro 7 at /facilities",
                  "fullTitle": "Tablet Responsive Tests Tablet tests on Surface Pro 7 should show appropriate menu on Surface Pro 7 at /facilities",
                  "timedOut": null,
                  "duration": 302,
                  "state": "failed",
                  "speed": null,
                  "pass": false,
                  "fail": true,
                  "pending": false,
                  "context": null,
                  "code": "cy.visit(route);\n// Check if desktop menu is visible at md breakpoint (768px)\nif (viewport.width >= 768) {\n  cy.get('nav.hidden.md\\\\:flex').should('be.visible');\n}",
                  "err": {
                    "message": "CypressError: `cy.visit()` failed trying to load:\n\nhttp://localhost:5173/facilities\n\nThe response we received from your web server was:\n\n  > 404: Not Found\n\nThis was considered a failure because the status code was not `2xx`.\n\nIf you do not want status codes to cause failures pass the option: `failOnStatusCode: false`",
                    "estack": "CypressError: `cy.visit()` failed trying to load:\n\nhttp://localhost:5173/facilities\n\nThe response we received from your web server was:\n\n  > 404: Not Found\n\nThis was considered a failure because the status code was not `2xx`.\n\nIf you do not want status codes to cause failures pass the option: `failOnStatusCode: false`\n    at <unknown> (http://localhost:5173/__cypress/runner/cypress_runner.js:134864:76)\n    at visitFailedByErr (http://localhost:5173/__cypress/runner/cypress_runner.js:134454:12)\n    at <unknown> (http://localhost:5173/__cypress/runner/cypress_runner.js:134847:13)\n    at tryCatcher (http://localhost:5173/__cypress/runner/cypress_runner.js:1777:23)\n    at Promise._settlePromiseFromHandler (http://localhost:5173/__cypress/runner/cypress_runner.js:1489:31)\n    at Promise._settlePromise (http://localhost:5173/__cypress/runner/cypress_runner.js:1546:18)\n    at Promise._settlePromise0 (http://localhost:5173/__cypress/runner/cypress_runner.js:1591:10)\n    at Promise._settlePromises (http://localhost:5173/__cypress/runner/cypress_runner.js:1667:18)\n    at _drainQueueStep (http://localhost:5173/__cypress/runner/cypress_runner.js:2377:12)\n    at _drainQueue (http://localhost:5173/__cypress/runner/cypress_runner.js:2370:9)\n    at Async._drainQueues (http://localhost:5173/__cypress/runner/cypress_runner.js:2386:5)\n    at Async.drainQueues (http://localhost:5173/__cypress/runner/cypress_runner.js:2256:14)\nFrom Your Spec Code:\n    at Context.eval (webpack://mes-college-website/./cypress/e2e/06-tablet-responsive.cy.js:24:13)",
                    "diff": null
                  },
                  "uuid": "38e13d15-b37a-4dd5-b5ca-b020b925130d",
                  "parentUUID": "265ad850-85c7-47de-874b-22e8bd3a2538",
                  "isHook": false,
                  "skipped": false
                },
                {
                  "title": "should handle dropdowns on Surface Pro 7 at /facilities",
                  "fullTitle": "Tablet Responsive Tests Tablet tests on Surface Pro 7 should handle dropdowns on Surface Pro 7 at /facilities",
                  "timedOut": null,
                  "duration": 260,
                  "state": "failed",
                  "speed": null,
                  "pass": false,
                  "fail": true,
                  "pending": false,
                  "context": null,
                  "code": "cy.visit(route);\nif (viewport.width >= 768) {\n  cy.contains('Facilities ▼').trigger('mouseover');\n  cy.contains('Library').should('be.visible');\n}",
                  "err": {
                    "message": "CypressError: `cy.visit()` failed trying to load:\n\nhttp://localhost:5173/facilities\n\nThe response we received from your web server was:\n\n  > 404: Not Found\n\nThis was considered a failure because the status code was not `2xx`.\n\nIf you do not want status codes to cause failures pass the option: `failOnStatusCode: false`",
                    "estack": "CypressError: `cy.visit()` failed trying to load:\n\nhttp://localhost:5173/facilities\n\nThe response we received from your web server was:\n\n  > 404: Not Found\n\nThis was considered a failure because the status code was not `2xx`.\n\nIf you do not want status codes to cause failures pass the option: `failOnStatusCode: false`\n    at <unknown> (http://localhost:5173/__cypress/runner/cypress_runner.js:134864:76)\n    at visitFailedByErr (http://localhost:5173/__cypress/runner/cypress_runner.js:134454:12)\n    at <unknown> (http://localhost:5173/__cypress/runner/cypress_runner.js:134847:13)\n    at tryCatcher (http://localhost:5173/__cypress/runner/cypress_runner.js:1777:23)\n    at Promise._settlePromiseFromHandler (http://localhost:5173/__cypress/runner/cypress_runner.js:1489:31)\n    at Promise._settlePromise (http://localhost:5173/__cypress/runner/cypress_runner.js:1546:18)\n    at Promise._settlePromise0 (http://localhost:5173/__cypress/runner/cypress_runner.js:1591:10)\n    at Promise._settlePromises (http://localhost:5173/__cypress/runner/cypress_runner.js:1667:18)\n    at _drainQueueStep (http://localhost:5173/__cypress/runner/cypress_runner.js:2377:12)\n    at _drainQueue (http://localhost:5173/__cypress/runner/cypress_runner.js:2370:9)\n    at Async._drainQueues (http://localhost:5173/__cypress/runner/cypress_runner.js:2386:5)\n    at Async.drainQueues (http://localhost:5173/__cypress/runner/cypress_runner.js:2256:14)\nFrom Your Spec Code:\n    at Context.eval (webpack://mes-college-website/./cypress/e2e/06-tablet-responsive.cy.js:32:13)",
                    "diff": null
                  },
                  "uuid": "58fb3fe0-f8cd-4e83-898c-04dfa840283f",
                  "parentUUID": "265ad850-85c7-47de-874b-22e8bd3a2538",
                  "isHook": false,
                  "skipped": false
                },
                {
                  "title": "should display properly on Surface Pro 7 at /contact",
                  "fullTitle": "Tablet Responsive Tests Tablet tests on Surface Pro 7 should display properly on Surface Pro 7 at /contact",
                  "timedOut": null,
                  "duration": 287,
                  "state": "failed",
                  "speed": null,
                  "pass": false,
                  "fail": true,
                  "pending": false,
                  "context": null,
                  "code": "cy.visit(route);\ncy.checkPageStructure();",
                  "err": {
                    "message": "TypeError: cy.checkPageStructure is not a function",
                    "estack": "TypeError: cy.checkPageStructure is not a function\n    at Context.eval (webpack://mes-college-website/./cypress/e2e/06-tablet-responsive.cy.js:20:13)\n    at runnable.fn (http://localhost:5173/__cypress/runner/cypress_runner.js:146323:19)\n    at callFn (http://localhost:5173/__cypress/runner/cypress_runner.js:165438:21)\n    at Runnable.run (http://localhost:5173/__cypress/runner/cypress_runner.js:165425:7)\n    at <unknown> (http://localhost:5173/__cypress/runner/cypress_runner.js:171523:30)\n    at PassThroughHandlerContext.finallyHandler (http://localhost:5173/__cypress/runner/cypress_runner.js:4042:23)\n    at PassThroughHandlerContext.tryCatcher (http://localhost:5173/__cypress/runner/cypress_runner.js:1777:23)\n    at Promise._settlePromiseFromHandler (http://localhost:5173/__cypress/runner/cypress_runner.js:1489:31)\n    at Promise._settlePromise (http://localhost:5173/__cypress/runner/cypress_runner.js:1546:18)",
                    "diff": null
                  },
                  "uuid": "93319700-3183-4981-9466-e5d714edf81f",
                  "parentUUID": "265ad850-85c7-47de-874b-22e8bd3a2538",
                  "isHook": false,
                  "skipped": false
                },
                {
                  "title": "should show appropriate menu on Surface Pro 7 at /contact",
                  "fullTitle": "Tablet Responsive Tests Tablet tests on Surface Pro 7 should show appropriate menu on Surface Pro 7 at /contact",
                  "timedOut": null,
                  "duration": 304,
                  "state": "failed",
                  "speed": null,
                  "pass": false,
                  "fail": true,
                  "pending": false,
                  "context": null,
                  "code": "cy.visit(route);\n// Check if desktop menu is visible at md breakpoint (768px)\nif (viewport.width >= 768) {\n  cy.get('nav.hidden.md\\\\:flex').should('be.visible');\n}",
                  "err": {
                    "message": "CypressError: `cy.visit()` failed trying to load:\n\nhttp://localhost:5173/contact\n\nThe response we received from your web server was:\n\n  > 404: Not Found\n\nThis was considered a failure because the status code was not `2xx`.\n\nIf you do not want status codes to cause failures pass the option: `failOnStatusCode: false`",
                    "estack": "CypressError: `cy.visit()` failed trying to load:\n\nhttp://localhost:5173/contact\n\nThe response we received from your web server was:\n\n  > 404: Not Found\n\nThis was considered a failure because the status code was not `2xx`.\n\nIf you do not want status codes to cause failures pass the option: `failOnStatusCode: false`\n    at <unknown> (http://localhost:5173/__cypress/runner/cypress_runner.js:134864:76)\n    at visitFailedByErr (http://localhost:5173/__cypress/runner/cypress_runner.js:134454:12)\n    at <unknown> (http://localhost:5173/__cypress/runner/cypress_runner.js:134847:13)\n    at tryCatcher (http://localhost:5173/__cypress/runner/cypress_runner.js:1777:23)\n    at Promise._settlePromiseFromHandler (http://localhost:5173/__cypress/runner/cypress_runner.js:1489:31)\n    at Promise._settlePromise (http://localhost:5173/__cypress/runner/cypress_runner.js:1546:18)\n    at Promise._settlePromise0 (http://localhost:5173/__cypress/runner/cypress_runner.js:1591:10)\n    at Promise._settlePromises (http://localhost:5173/__cypress/runner/cypress_runner.js:1667:18)\n    at _drainQueueStep (http://localhost:5173/__cypress/runner/cypress_runner.js:2377:12)\n    at _drainQueue (http://localhost:5173/__cypress/runner/cypress_runner.js:2370:9)\n    at Async._drainQueues (http://localhost:5173/__cypress/runner/cypress_runner.js:2386:5)\n    at Async.drainQueues (http://localhost:5173/__cypress/runner/cypress_runner.js:2256:14)\nFrom Your Spec Code:\n    at Context.eval (webpack://mes-college-website/./cypress/e2e/06-tablet-responsive.cy.js:24:13)",
                    "diff": null
                  },
                  "uuid": "4922fc9d-fe8f-4edd-a905-d9be441e59df",
                  "parentUUID": "265ad850-85c7-47de-874b-22e8bd3a2538",
                  "isHook": false,
                  "skipped": false
                },
                {
                  "title": "should handle dropdowns on Surface Pro 7 at /contact",
                  "fullTitle": "Tablet Responsive Tests Tablet tests on Surface Pro 7 should handle dropdowns on Surface Pro 7 at /contact",
                  "timedOut": null,
                  "duration": 288,
                  "state": "failed",
                  "speed": null,
                  "pass": false,
                  "fail": true,
                  "pending": false,
                  "context": null,
                  "code": "cy.visit(route);\nif (viewport.width >= 768) {\n  cy.contains('Facilities ▼').trigger('mouseover');\n  cy.contains('Library').should('be.visible');\n}",
                  "err": {
                    "message": "CypressError: `cy.visit()` failed trying to load:\n\nhttp://localhost:5173/contact\n\nThe response we received from your web server was:\n\n  > 404: Not Found\n\nThis was considered a failure because the status code was not `2xx`.\n\nIf you do not want status codes to cause failures pass the option: `failOnStatusCode: false`",
                    "estack": "CypressError: `cy.visit()` failed trying to load:\n\nhttp://localhost:5173/contact\n\nThe response we received from your web server was:\n\n  > 404: Not Found\n\nThis was considered a failure because the status code was not `2xx`.\n\nIf you do not want status codes to cause failures pass the option: `failOnStatusCode: false`\n    at <unknown> (http://localhost:5173/__cypress/runner/cypress_runner.js:134864:76)\n    at visitFailedByErr (http://localhost:5173/__cypress/runner/cypress_runner.js:134454:12)\n    at <unknown> (http://localhost:5173/__cypress/runner/cypress_runner.js:134847:13)\n    at tryCatcher (http://localhost:5173/__cypress/runner/cypress_runner.js:1777:23)\n    at Promise._settlePromiseFromHandler (http://localhost:5173/__cypress/runner/cypress_runner.js:1489:31)\n    at Promise._settlePromise (http://localhost:5173/__cypress/runner/cypress_runner.js:1546:18)\n    at Promise._settlePromise0 (http://localhost:5173/__cypress/runner/cypress_runner.js:1591:10)\n    at Promise._settlePromises (http://localhost:5173/__cypress/runner/cypress_runner.js:1667:18)\n    at _drainQueueStep (http://localhost:5173/__cypress/runner/cypress_runner.js:2377:12)\n    at _drainQueue (http://localhost:5173/__cypress/runner/cypress_runner.js:2370:9)\n    at Async._drainQueues (http://localhost:5173/__cypress/runner/cypress_runner.js:2386:5)\n    at Async.drainQueues (http://localhost:5173/__cypress/runner/cypress_runner.js:2256:14)\nFrom Your Spec Code:\n    at Context.eval (webpack://mes-college-website/./cypress/e2e/06-tablet-responsive.cy.js:32:13)",
                    "diff": null
                  },
                  "uuid": "63686e19-47ff-4a3c-be6a-2dd7e1011702",
                  "parentUUID": "265ad850-85c7-47de-874b-22e8bd3a2538",
                  "isHook": false,
                  "skipped": false
                },
                {
                  "title": "should display images correctly on Surface Pro 7",
                  "fullTitle": "Tablet Responsive Tests Tablet tests on Surface Pro 7 should display images correctly on Surface Pro 7",
                  "timedOut": null,
                  "duration": 1046,
                  "state": "passed",
                  "speed": "fast",
                  "pass": true,
                  "fail": false,
                  "pending": false,
                  "context": null,
                  "code": "cy.visit('/');\ncy.get('img[alt=\"Logo\"]').should('be.visible');",
                  "err": {},
                  "uuid": "f30a8fa3-8f91-45f5-9385-63cd9fec8a5c",
                  "parentUUID": "265ad850-85c7-47de-874b-22e8bd3a2538",
                  "isHook": false,
                  "skipped": false
                },
                {
                  "title": "should have proper spacing on Surface Pro 7",
                  "fullTitle": "Tablet Responsive Tests Tablet tests on Surface Pro 7 should have proper spacing on Surface Pro 7",
                  "timedOut": null,
                  "duration": 10708,
                  "state": "failed",
                  "speed": null,
                  "pass": false,
                  "fail": true,
                  "pending": false,
                  "context": null,
                  "code": "cy.visit('/');\ncy.get('header').should('be.visible');\ncy.get('main').should('be.visible');\ncy.get('footer').should('be.visible');",
                  "err": {
                    "message": "AssertionError: Timed out retrying after 10000ms: Expected to find element: `header`, but never found it.",
                    "estack": "AssertionError: Timed out retrying after 10000ms: Expected to find element: `header`, but never found it.\n    at Context.eval (webpack://mes-college-website/./cypress/e2e/06-tablet-responsive.cy.js:47:25)",
                    "diff": null
                  },
                  "uuid": "333975f2-2b58-4ea9-a43e-852391157a74",
                  "parentUUID": "265ad850-85c7-47de-874b-22e8bd3a2538",
                  "isHook": false,
                  "skipped": false
                }
              ],
              "suites": [],
              "passes": [
                "95905d0b-2698-42c0-862f-4cde72393f5e",
                "f30a8fa3-8f91-45f5-9385-63cd9fec8a5c"
              ],
              "failures": [
                "9ca6d10b-51d3-44e4-aa82-f4ed4c44ba86",
                "fd22c6ea-b884-467d-82e8-c4abe552285c",
                "2ee2892f-183f-4d00-a660-4b4bb73c3c02",
                "d9391241-0ee5-4d2a-8509-f259362a794e",
                "ce9199a4-0433-4229-a55e-27d7c7db5f51",
                "6538c099-5e51-47c1-b524-3e74f967dc19",
                "38e13d15-b37a-4dd5-b5ca-b020b925130d",
                "58fb3fe0-f8cd-4e83-898c-04dfa840283f",
                "93319700-3183-4981-9466-e5d714edf81f",
                "4922fc9d-fe8f-4edd-a905-d9be441e59df",
                "63686e19-47ff-4a3c-be6a-2dd7e1011702",
                "333975f2-2b58-4ea9-a43e-852391157a74"
              ],
              "pending": [],
              "skipped": [],
              "duration": 27089,
              "root": false,
              "rootEmpty": false,
              "_timeout": 2000
            }
          ],
          "passes": [],
          "failures": [],
          "pending": [],
          "skipped": [],
          "duration": 0,
          "root": false,
          "rootEmpty": false,
          "_timeout": 2000
        }
      ],
      "passes": [],
      "failures": [],
      "pending": [],
      "skipped": [],
      "duration": 0,
      "root": true,
      "rootEmpty": true,
      "_timeout": 2000
    }
  ],
  "meta": {
    "mocha": {
      "version": "7.2.0"
    },
    "mochawesome": {
      "options": {
        "quiet": false,
        "reportFilename": "mochawesome",
        "saveHtml": true,
        "saveJson": true,
        "consoleReporter": "spec",
        "useInlineDiffs": false,
        "code": true
      },
      "version": "7.1.4"
    },
    "marge": {
      "options": {
        "reportDir": "cypress/reports/mochawesome",
        "overwrite": false,
        "html": true,
        "json": true,
        "timestamp": "mmddyyyy_HHMMss",
        "charts": true,
        "reportPageTitle": "MESCKM College - Cypress Test Report",
        "embeddedScreenshots": true,
        "inlineAssets": true
      },
      "version": "6.3.2"
    }
  }
}