{
  "stats": {
    "suites": 7,
    "tests": 25,
    "passes": 9,
    "pending": 0,
    "failures": 16,
    "start": "2026-01-22T05:03:32.096Z",
    "end": "2026-01-22T05:06:46.829Z",
    "duration": 194733,
    "testsRegistered": 25,
    "passPercent": 36,
    "pendingPercent": 0,
    "other": 0,
    "hasOther": false,
    "skipped": 0,
    "hasSkipped": false
  },
  "results": [
    {
      "uuid": "ee3a0274-7ebf-45a6-a51b-8c858eb50c7f",
      "title": "",
      "fullFile": "cypress\\e2e\\02-navigation.cy.js",
      "file": "cypress\\e2e\\02-navigation.cy.js",
      "beforeHooks": [],
      "afterHooks": [],
      "tests": [],
      "suites": [
        {
          "uuid": "336584ce-6f9b-4757-8cca-526bf45259f5",
          "title": "Complete Navigation Tests",
          "fullFile": "",
          "file": "",
          "beforeHooks": [],
          "afterHooks": [],
          "tests": [],
          "suites": [
            {
              "uuid": "ec204900-8108-4672-82a4-508d6716712f",
              "title": "Top Bar Navigation",
              "fullFile": "",
              "file": "",
              "beforeHooks": [],
              "afterHooks": [],
              "tests": [
                {
                  "title": "should display contact information",
                  "fullTitle": "Complete Navigation Tests Top Bar Navigation should display contact information",
                  "timedOut": null,
                  "duration": 1243,
                  "state": "passed",
                  "speed": "fast",
                  "pass": true,
                  "fail": false,
                  "pending": false,
                  "context": null,
                  "code": "cy.contains('hello@mesckm.edu.in').should('be.visible');\ncy.contains('+91-8262-236212').should('be.visible');",
                  "err": {},
                  "uuid": "017bba9e-7251-4924-aa02-9e83fca5141d",
                  "parentUUID": "ec204900-8108-4672-82a4-508d6716712f",
                  "isHook": false,
                  "skipped": false
                },
                {
                  "title": "should have clickable email link",
                  "fullTitle": "Complete Navigation Tests Top Bar Navigation should have clickable email link",
                  "timedOut": null,
                  "duration": 10802,
                  "state": "failed",
                  "speed": null,
                  "pass": false,
                  "fail": true,
                  "pending": false,
                  "context": null,
                  "code": "cy.contains('hello@mesckm.edu.in').parents('span').should('be.visible');",
                  "err": {
                    "message": "AssertionError: Timed out retrying after 10000ms: Expected to find element: `span`, but never found it. Queried from:\n\n              > cy.contains(hello@mesckm.edu.in)",
                    "estack": "AssertionError: Timed out retrying after 10000ms: Expected to find element: `span`, but never found it. Queried from:\n\n              > cy.contains(hello@mesckm.edu.in)\n    at Context.eval (webpack://mes-college-website/./cypress/e2e/02-navigation.cy.js:15:9)",
                    "diff": null
                  },
                  "uuid": "3689e8b9-34ed-4c00-b2ca-df8872a7e052",
                  "parentUUID": "ec204900-8108-4672-82a4-508d6716712f",
                  "isHook": false,
                  "skipped": false
                },
                {
                  "title": "should navigate to NSS page from top bar",
                  "fullTitle": "Complete Navigation Tests Top Bar Navigation should navigate to NSS page from top bar",
                  "timedOut": null,
                  "duration": 1151,
                  "state": "passed",
                  "speed": "fast",
                  "pass": true,
                  "fail": false,
                  "pending": false,
                  "context": null,
                  "code": "cy.contains('NSS').click();\ncy.url().should('include', '/nss');",
                  "err": {},
                  "uuid": "b87aff5e-1837-4653-b406-4c5c354d200f",
                  "parentUUID": "ec204900-8108-4672-82a4-508d6716712f",
                  "isHook": false,
                  "skipped": false
                },
                {
                  "title": "should navigate to Scholarship page from top bar",
                  "fullTitle": "Complete Navigation Tests Top Bar Navigation should navigate to Scholarship page from top bar",
                  "timedOut": null,
                  "duration": 1515,
                  "state": "passed",
                  "speed": "fast",
                  "pass": true,
                  "fail": false,
                  "pending": false,
                  "context": null,
                  "code": "cy.visit('/');\ncy.contains('Scholarship').first().click();\ncy.url().should('include', '/scholarship');",
                  "err": {},
                  "uuid": "d550c933-dd42-4f41-b00f-dd973abd795d",
                  "parentUUID": "ec204900-8108-4672-82a4-508d6716712f",
                  "isHook": false,
                  "skipped": false
                },
                {
                  "title": "should navigate to Yoga Wellness Centre from top bar",
                  "fullTitle": "Complete Navigation Tests Top Bar Navigation should navigate to Yoga Wellness Centre from top bar",
                  "timedOut": null,
                  "duration": 1342,
                  "state": "passed",
                  "speed": "fast",
                  "pass": true,
                  "fail": false,
                  "pending": false,
                  "context": null,
                  "code": "cy.visit('/');\ncy.contains('Yoga Wellness Centre').first().click();\ncy.url().should('include', '/yoga-wellness');",
                  "err": {},
                  "uuid": "12aaf300-301d-4c6c-86e6-86f23fa495cc",
                  "parentUUID": "ec204900-8108-4672-82a4-508d6716712f",
                  "isHook": false,
                  "skipped": false
                },
                {
                  "title": "should navigate to Contact page from top bar",
                  "fullTitle": "Complete Navigation Tests Top Bar Navigation should navigate to Contact page from top bar",
                  "timedOut": null,
                  "duration": 1267,
                  "state": "passed",
                  "speed": "fast",
                  "pass": true,
                  "fail": false,
                  "pending": false,
                  "context": null,
                  "code": "cy.visit('/');\ncy.contains('Contact us').first().click();\ncy.url().should('include', '/contact');",
                  "err": {},
                  "uuid": "25c4b326-b4c5-4b4a-af4f-bcf78d4e0cb5",
                  "parentUUID": "ec204900-8108-4672-82a4-508d6716712f",
                  "isHook": false,
                  "skipped": false
                }
              ],
              "suites": [],
              "passes": [
                "017bba9e-7251-4924-aa02-9e83fca5141d",
                "b87aff5e-1837-4653-b406-4c5c354d200f",
                "d550c933-dd42-4f41-b00f-dd973abd795d",
                "12aaf300-301d-4c6c-86e6-86f23fa495cc",
                "25c4b326-b4c5-4b4a-af4f-bcf78d4e0cb5"
              ],
              "failures": [
                "3689e8b9-34ed-4c00-b2ca-df8872a7e052"
              ],
              "pending": [],
              "skipped": [],
              "duration": 17320,
              "root": false,
              "rootEmpty": false,
              "_timeout": 2000
            },
            {
              "uuid": "2aceffd1-abe4-4cab-8543-57f4218e881b",
              "title": "Main Navigation Menu",
              "fullFile": "",
              "file": "",
              "beforeHooks": [],
              "afterHooks": [],
              "tests": [
                {
                  "title": "should navigate to Home",
                  "fullTitle": "Complete Navigation Tests Main Navigation Menu should navigate to Home",
                  "timedOut": null,
                  "duration": 863,
                  "state": "passed",
                  "speed": "fast",
                  "pass": true,
                  "fail": false,
                  "pending": false,
                  "context": null,
                  "code": "cy.contains('About us').click();\ncy.contains('Home').click();\ncy.url().should('match', /\\/(mesckm)?$/);",
                  "err": {},
                  "uuid": "57e484bf-add9-4f46-b6dc-df288a2c89a6",
                  "parentUUID": "2aceffd1-abe4-4cab-8543-57f4218e881b",
                  "isHook": false,
                  "skipped": false
                },
                {
                  "title": "should navigate to About us",
                  "fullTitle": "Complete Navigation Tests Main Navigation Menu should navigate to About us",
                  "timedOut": null,
                  "duration": 738,
                  "state": "passed",
                  "speed": "fast",
                  "pass": true,
                  "fail": false,
                  "pending": false,
                  "context": null,
                  "code": "cy.contains('About us').click();\ncy.url().should('include', '/about');",
                  "err": {},
                  "uuid": "16dd13fb-fa24-4967-a383-85f342ca7fb2",
                  "parentUUID": "2aceffd1-abe4-4cab-8543-57f4218e881b",
                  "isHook": false,
                  "skipped": false
                },
                {
                  "title": "should navigate to Donor",
                  "fullTitle": "Complete Navigation Tests Main Navigation Menu should navigate to Donor",
                  "timedOut": null,
                  "duration": 729,
                  "state": "passed",
                  "speed": "fast",
                  "pass": true,
                  "fail": false,
                  "pending": false,
                  "context": null,
                  "code": "cy.contains('Donor').click();\ncy.url().should('include', '/donor');",
                  "err": {},
                  "uuid": "7c56d4fb-d8bd-45be-a4e8-7d2782f892d4",
                  "parentUUID": "2aceffd1-abe4-4cab-8543-57f4218e881b",
                  "isHook": false,
                  "skipped": false
                },
                {
                  "title": "should navigate to Course Regulations",
                  "fullTitle": "Complete Navigation Tests Main Navigation Menu should navigate to Course Regulations",
                  "timedOut": null,
                  "duration": 725,
                  "state": "passed",
                  "speed": "fast",
                  "pass": true,
                  "fail": false,
                  "pending": false,
                  "context": null,
                  "code": "cy.contains('Course Regulations').click();\ncy.url().should('include', '/course-regulations');",
                  "err": {},
                  "uuid": "c6b3e752-4409-4cc0-964e-f03265ba28c2",
                  "parentUUID": "2aceffd1-abe4-4cab-8543-57f4218e881b",
                  "isHook": false,
                  "skipped": false
                }
              ],
              "suites": [],
              "passes": [
                "57e484bf-add9-4f46-b6dc-df288a2c89a6",
                "16dd13fb-fa24-4967-a383-85f342ca7fb2",
                "7c56d4fb-d8bd-45be-a4e8-7d2782f892d4",
                "c6b3e752-4409-4cc0-964e-f03265ba28c2"
              ],
              "failures": [],
              "pending": [],
              "skipped": [],
              "duration": 3055,
              "root": false,
              "rootEmpty": false,
              "_timeout": 2000
            },
            {
              "uuid": "d6035c8b-8dc7-4193-84be-6c8998eb9c62",
              "title": "Facilities Dropdown Navigation",
              "fullFile": "",
              "file": "",
              "beforeHooks": [],
              "afterHooks": [],
              "tests": [
                {
                  "title": "should show Facilities dropdown on hover",
                  "fullTitle": "Complete Navigation Tests Facilities Dropdown Navigation should show Facilities dropdown on hover",
                  "timedOut": null,
                  "duration": 10765,
                  "state": "failed",
                  "speed": null,
                  "pass": false,
                  "fail": true,
                  "pending": false,
                  "context": null,
                  "code": "cy.contains('Facilities ▼').trigger('mouseover');\ncy.contains('Library').should('be.visible');\ncy.contains('Laboratories').should('be.visible');",
                  "err": {
                    "message": "AssertionError: Timed out retrying after 10000ms: expected '<a.block.px-4.py-2.text-xs.lg:text-sm.hover:bg-gray-100.hover:text-primary.transition-colors>' to be 'visible'\n\nThis element `<a.block.px-4.py-2.text-xs.lg:text-sm.hover:bg-gray-100.hover:text-primary.transition-colors>` is not visible because its parent `<div.absolute.hidden.group-hover:block.bg-white.shadow-lg.min-w-[180px].lg:min-w-[200px].z-20.border.border-gray-200>` has CSS property: `display: none`",
                    "estack": "AssertionError: Timed out retrying after 10000ms: expected '<a.block.px-4.py-2.text-xs.lg:text-sm.hover:bg-gray-100.hover:text-primary.transition-colors>' to be 'visible'\n\nThis element `<a.block.px-4.py-2.text-xs.lg:text-sm.hover:bg-gray-100.hover:text-primary.transition-colors>` is not visible because its parent `<div.absolute.hidden.group-hover:block.bg-white.shadow-lg.min-w-[180px].lg:min-w-[200px].z-20.border.border-gray-200>` has CSS property: `display: none`\n    at Context.eval (webpack://mes-college-website/./cypress/e2e/02-navigation.cy.js:68:29)",
                    "diff": null
                  },
                  "uuid": "aecbdb73-ea2c-4ca6-b401-3477028988ca",
                  "parentUUID": "d6035c8b-8dc7-4193-84be-6c8998eb9c62",
                  "isHook": false,
                  "skipped": false
                },
                {
                  "title": "should navigate to Facilities",
                  "fullTitle": "Complete Navigation Tests Facilities Dropdown Navigation should navigate to Facilities",
                  "timedOut": null,
                  "duration": 11279,
                  "state": "failed",
                  "speed": null,
                  "pass": false,
                  "fail": true,
                  "pending": false,
                  "context": null,
                  "code": "cy.contains('Facilities ▼').trigger('mouseover');\ncy.contains('a', 'Facilities').click();\ncy.url().should('include', '/facilities');",
                  "err": {
                    "message": "CypressError: Timed out retrying after 10050ms: `cy.click()` failed because this element is not visible:\n\n`<a class=\"block px-4 py-2 text-xs lg:text-sm hover:bg-gray-100 hover:text-primary transition-colors\" href=\"/mesckm/facilities\" data-discover=\"true\">Facilities</a>`\n\nThis element `<a.block.px-4.py-2.text-xs.lg:text-sm.hover:bg-gray-100.hover:text-primary.transition-colors>` is not visible because its parent `<div.absolute.hidden.group-hover:block.bg-white.shadow-lg.min-w-[180px].lg:min-w-[200px].z-20.border.border-gray-200>` has CSS property: `display: none`\n\nFix this problem, or use `{force: true}` to disable error checking.\n\nhttps://on.cypress.io/element-cannot-be-interacted-with",
                    "estack": "CypressError: Timed out retrying after 10050ms: `cy.click()` failed because this element is not visible:\n\n`<a class=\"block px-4 py-2 text-xs lg:text-sm hover:bg-gray-100 hover:text-primary transition-colors\" href=\"/mesckm/facilities\" data-discover=\"true\">Facilities</a>`\n\nThis element `<a.block.px-4.py-2.text-xs.lg:text-sm.hover:bg-gray-100.hover:text-primary.transition-colors>` is not visible because its parent `<div.absolute.hidden.group-hover:block.bg-white.shadow-lg.min-w-[180px].lg:min-w-[200px].z-20.border.border-gray-200>` has CSS property: `display: none`\n\nFix this problem, or use `{force: true}` to disable error checking.\n\nhttps://on.cypress.io/element-cannot-be-interacted-with\n    at runVisibilityCheck (http://localhost:5173/__cypress/runner/cypress_runner.js:152919:58)\n    at Object.isStrictlyVisible (http://localhost:5173/__cypress/runner/cypress_runner.js:152933:10)\n    at runAllChecks (http://localhost:5173/__cypress/runner/cypress_runner.js:115402:26)\n    at retryActionability (http://localhost:5173/__cypress/runner/cypress_runner.js:115470:16)\n    at tryCatcher (http://localhost:5173/__cypress/runner/cypress_runner.js:1777:23)\n    at Promise.attempt.Promise.try (http://localhost:5173/__cypress/runner/cypress_runner.js:4285:29)\n    at whenStable (http://localhost:5173/__cypress/runner/cypress_runner.js:151746:68)\n    at <unknown> (http://localhost:5173/__cypress/runner/cypress_runner.js:151687:14)\n    at tryCatcher (http://localhost:5173/__cypress/runner/cypress_runner.js:1777:23)\n    at Promise._settlePromiseFromHandler (http://localhost:5173/__cypress/runner/cypress_runner.js:1489:31)\n    at Promise._settlePromise (http://localhost:5173/__cypress/runner/cypress_runner.js:1546:18)\n    at Promise._settlePromise0 (http://localhost:5173/__cypress/runner/cypress_runner.js:1591:10)\n    at Promise._settlePromises (http://localhost:5173/__cypress/runner/cypress_runner.js:1671:18)\n    at Promise._fulfill (http://localhost:5173/__cypress/runner/cypress_runner.js:1615:18)\n    at <unknown> (http://localhost:5173/__cypress/runner/cypress_runner.js:5420:46)\nFrom Your Spec Code:\n    at Context.eval (webpack://mes-college-website/./cypress/e2e/02-navigation.cy.js:74:37)",
                    "diff": null
                  },
                  "uuid": "356bcabf-d82a-409f-9d3a-5863dcbac3e6",
                  "parentUUID": "d6035c8b-8dc7-4193-84be-6c8998eb9c62",
                  "isHook": false,
                  "skipped": false
                },
                {
                  "title": "should navigate to Library",
                  "fullTitle": "Complete Navigation Tests Facilities Dropdown Navigation should navigate to Library",
                  "timedOut": null,
                  "duration": 12221,
                  "state": "failed",
                  "speed": null,
                  "pass": false,
                  "fail": true,
                  "pending": false,
                  "context": null,
                  "code": "cy.visit('/');\ncy.contains('Facilities ▼').trigger('mouseover');\ncy.contains('Library').click();\ncy.url().should('include', '/library');",
                  "err": {
                    "message": "CypressError: Timed out retrying after 10050ms: `cy.click()` failed because this element is not visible:\n\n`<a class=\"block px-4 py-2 text-xs lg:text-sm hover:bg-gray-100 hover:text-primary transition-colors\" href=\"/mesckm/library\" data-discover=\"true\">Library</a>`\n\nThis element `<a.block.px-4.py-2.text-xs.lg:text-sm.hover:bg-gray-100.hover:text-primary.transition-colors>` is not visible because its parent `<div.absolute.hidden.group-hover:block.bg-white.shadow-lg.min-w-[180px].lg:min-w-[200px].z-20.border.border-gray-200>` has CSS property: `display: none`\n\nFix this problem, or use `{force: true}` to disable error checking.\n\nhttps://on.cypress.io/element-cannot-be-interacted-with",
                    "estack": "CypressError: Timed out retrying after 10050ms: `cy.click()` failed because this element is not visible:\n\n`<a class=\"block px-4 py-2 text-xs lg:text-sm hover:bg-gray-100 hover:text-primary transition-colors\" href=\"/mesckm/library\" data-discover=\"true\">Library</a>`\n\nThis element `<a.block.px-4.py-2.text-xs.lg:text-sm.hover:bg-gray-100.hover:text-primary.transition-colors>` is not visible because its parent `<div.absolute.hidden.group-hover:block.bg-white.shadow-lg.min-w-[180px].lg:min-w-[200px].z-20.border.border-gray-200>` has CSS property: `display: none`\n\nFix this problem, or use `{force: true}` to disable error checking.\n\nhttps://on.cypress.io/element-cannot-be-interacted-with\n    at runVisibilityCheck (http://localhost:5173/__cypress/runner/cypress_runner.js:152919:58)\n    at Object.isStrictlyVisible (http://localhost:5173/__cypress/runner/cypress_runner.js:152933:10)\n    at runAllChecks (http://localhost:5173/__cypress/runner/cypress_runner.js:115402:26)\n    at retryActionability (http://localhost:5173/__cypress/runner/cypress_runner.js:115470:16)\n    at tryCatcher (http://localhost:5173/__cypress/runner/cypress_runner.js:1777:23)\n    at Promise.attempt.Promise.try (http://localhost:5173/__cypress/runner/cypress_runner.js:4285:29)\n    at whenStable (http://localhost:5173/__cypress/runner/cypress_runner.js:151746:68)\n    at <unknown> (http://localhost:5173/__cypress/runner/cypress_runner.js:151687:14)\n    at tryCatcher (http://localhost:5173/__cypress/runner/cypress_runner.js:1777:23)\n    at Promise._settlePromiseFromHandler (http://localhost:5173/__cypress/runner/cypress_runner.js:1489:31)\n    at Promise._settlePromise (http://localhost:5173/__cypress/runner/cypress_runner.js:1546:18)\n    at Promise._settlePromise0 (http://localhost:5173/__cypress/runner/cypress_runner.js:1591:10)\n    at Promise._settlePromises (http://localhost:5173/__cypress/runner/cypress_runner.js:1671:18)\n    at Promise._fulfill (http://localhost:5173/__cypress/runner/cypress_runner.js:1615:18)\n    at <unknown> (http://localhost:5173/__cypress/runner/cypress_runner.js:5420:46)",
                    "diff": null
                  },
                  "uuid": "89de2c01-8cca-42d0-bf7c-c65973068ce1",
                  "parentUUID": "d6035c8b-8dc7-4193-84be-6c8998eb9c62",
                  "isHook": false,
                  "skipped": false
                },
                {
                  "title": "should navigate to Laboratories",
                  "fullTitle": "Complete Navigation Tests Facilities Dropdown Navigation should navigate to Laboratories",
                  "timedOut": null,
                  "duration": 11911,
                  "state": "failed",
                  "speed": null,
                  "pass": false,
                  "fail": true,
                  "pending": false,
                  "context": null,
                  "code": "cy.visit('/');\ncy.contains('Facilities ▼').trigger('mouseover');\ncy.contains('Laboratories').click();\ncy.url().should('include', '/laboratories');",
                  "err": {
                    "message": "CypressError: Timed out retrying after 10050ms: `cy.click()` failed because this element is not visible:\n\n`<a class=\"block px-4 py-2 text-xs lg:text-sm hover:bg-gray-100 hover:text-primary transition-colors\" href=\"/mesckm/laboratories\" data-discover=\"true\">Laborat...</a>`\n\nThis element `<a.block.px-4.py-2.text-xs.lg:text-sm.hover:bg-gray-100.hover:text-primary.transition-colors>` is not visible because its parent `<div.absolute.hidden.group-hover:block.bg-white.shadow-lg.min-w-[180px].lg:min-w-[200px].z-20.border.border-gray-200>` has CSS property: `display: none`\n\nFix this problem, or use `{force: true}` to disable error checking.\n\nhttps://on.cypress.io/element-cannot-be-interacted-with",
                    "estack": "CypressError: Timed out retrying after 10050ms: `cy.click()` failed because this element is not visible:\n\n`<a class=\"block px-4 py-2 text-xs lg:text-sm hover:bg-gray-100 hover:text-primary transition-colors\" href=\"/mesckm/laboratories\" data-discover=\"true\">Laborat...</a>`\n\nThis element `<a.block.px-4.py-2.text-xs.lg:text-sm.hover:bg-gray-100.hover:text-primary.transition-colors>` is not visible because its parent `<div.absolute.hidden.group-hover:block.bg-white.shadow-lg.min-w-[180px].lg:min-w-[200px].z-20.border.border-gray-200>` has CSS property: `display: none`\n\nFix this problem, or use `{force: true}` to disable error checking.\n\nhttps://on.cypress.io/element-cannot-be-interacted-with\n    at runVisibilityCheck (http://localhost:5173/__cypress/runner/cypress_runner.js:152919:58)\n    at Object.isStrictlyVisible (http://localhost:5173/__cypress/runner/cypress_runner.js:152933:10)\n    at runAllChecks (http://localhost:5173/__cypress/runner/cypress_runner.js:115402:26)\n    at retryActionability (http://localhost:5173/__cypress/runner/cypress_runner.js:115470:16)\n    at tryCatcher (http://localhost:5173/__cypress/runner/cypress_runner.js:1777:23)\n    at Promise.attempt.Promise.try (http://localhost:5173/__cypress/runner/cypress_runner.js:4285:29)\n    at whenStable (http://localhost:5173/__cypress/runner/cypress_runner.js:151746:68)\n    at <unknown> (http://localhost:5173/__cypress/runner/cypress_runner.js:151687:14)\n    at tryCatcher (http://localhost:5173/__cypress/runner/cypress_runner.js:1777:23)\n    at Promise._settlePromiseFromHandler (http://localhost:5173/__cypress/runner/cypress_runner.js:1489:31)\n    at Promise._settlePromise (http://localhost:5173/__cypress/runner/cypress_runner.js:1546:18)\n    at Promise._settlePromise0 (http://localhost:5173/__cypress/runner/cypress_runner.js:1591:10)\n    at Promise._settlePromises (http://localhost:5173/__cypress/runner/cypress_runner.js:1671:18)\n    at Promise._fulfill (http://localhost:5173/__cypress/runner/cypress_runner.js:1615:18)\n    at <unknown> (http://localhost:5173/__cypress/runner/cypress_runner.js:5420:46)",
                    "diff": null
                  },
                  "uuid": "86098921-ca0b-4a4f-9d72-fea36757edc8",
                  "parentUUID": "d6035c8b-8dc7-4193-84be-6c8998eb9c62",
                  "isHook": false,
                  "skipped": false
                }
              ],
              "suites": [],
              "passes": [],
              "failures": [
                "aecbdb73-ea2c-4ca6-b401-3477028988ca",
                "356bcabf-d82a-409f-9d3a-5863dcbac3e6",
                "89de2c01-8cca-42d0-bf7c-c65973068ce1",
                "86098921-ca0b-4a4f-9d72-fea36757edc8"
              ],
              "pending": [],
              "skipped": [],
              "duration": 46176,
              "root": false,
              "rootEmpty": false,
              "_timeout": 2000
            },
            {
              "uuid": "fb52f7ab-757b-43f7-a314-b1c656d1bcaa",
              "title": "Faculty Dropdown Navigation",
              "fullFile": "",
              "file": "",
              "beforeHooks": [],
              "afterHooks": [],
              "tests": [
                {
                  "title": "should show Faculty dropdown on hover",
                  "fullTitle": "Complete Navigation Tests Faculty Dropdown Navigation should show Faculty dropdown on hover",
                  "timedOut": null,
                  "duration": 11176,
                  "state": "failed",
                  "speed": null,
                  "pass": false,
                  "fail": true,
                  "pending": false,
                  "context": null,
                  "code": "cy.contains('Faculty ▼').trigger('mouseover');\ncy.contains('Teaching').should('be.visible');\ncy.contains('Non-Teaching').should('be.visible');",
                  "err": {
                    "message": "AssertionError: Timed out retrying after 10000ms: expected '<a.block.px-4.py-2.text-xs.lg:text-sm.hover:bg-gray-100.hover:text-primary.transition-colors>' to be 'visible'\n\nThis element `<a.block.px-4.py-2.text-xs.lg:text-sm.hover:bg-gray-100.hover:text-primary.transition-colors>` is not visible because its parent `<div.absolute.hidden.group-hover:block.bg-white.shadow-lg.min-w-[180px].lg:min-w-[200px].z-20.border.border-gray-200>` has CSS property: `display: none`",
                    "estack": "AssertionError: Timed out retrying after 10000ms: expected '<a.block.px-4.py-2.text-xs.lg:text-sm.hover:bg-gray-100.hover:text-primary.transition-colors>' to be 'visible'\n\nThis element `<a.block.px-4.py-2.text-xs.lg:text-sm.hover:bg-gray-100.hover:text-primary.transition-colors>` is not visible because its parent `<div.absolute.hidden.group-hover:block.bg-white.shadow-lg.min-w-[180px].lg:min-w-[200px].z-20.border.border-gray-200>` has CSS property: `display: none`\n    at Context.eval (webpack://mes-college-website/./cypress/e2e/02-navigation.cy.js:96:30)",
                    "diff": null
                  },
                  "uuid": "9e1561c9-cfc1-43e4-a075-e69453af3c78",
                  "parentUUID": "fb52f7ab-757b-43f7-a314-b1c656d1bcaa",
                  "isHook": false,
                  "skipped": false
                },
                {
                  "title": "should navigate to Teaching Faculty",
                  "fullTitle": "Complete Navigation Tests Faculty Dropdown Navigation should navigate to Teaching Faculty",
                  "timedOut": null,
                  "duration": 11247,
                  "state": "failed",
                  "speed": null,
                  "pass": false,
                  "fail": true,
                  "pending": false,
                  "context": null,
                  "code": "cy.contains('Faculty ▼').trigger('mouseover');\ncy.contains('Teaching').click();\ncy.url().should('include', '/faculty');",
                  "err": {
                    "message": "CypressError: Timed out retrying after 10050ms: `cy.click()` failed because this element is not visible:\n\n`<a class=\"block px-4 py-2 text-xs lg:text-sm hover:bg-gray-100 hover:text-primary transition-colors\" href=\"/mesckm/faculty\" data-discover=\"true\">Teaching</a>`\n\nThis element `<a.block.px-4.py-2.text-xs.lg:text-sm.hover:bg-gray-100.hover:text-primary.transition-colors>` is not visible because its parent `<div.absolute.hidden.group-hover:block.bg-white.shadow-lg.min-w-[180px].lg:min-w-[200px].z-20.border.border-gray-200>` has CSS property: `display: none`\n\nFix this problem, or use `{force: true}` to disable error checking.\n\nhttps://on.cypress.io/element-cannot-be-interacted-with",
                    "estack": "CypressError: Timed out retrying after 10050ms: `cy.click()` failed because this element is not visible:\n\n`<a class=\"block px-4 py-2 text-xs lg:text-sm hover:bg-gray-100 hover:text-primary transition-colors\" href=\"/mesckm/faculty\" data-discover=\"true\">Teaching</a>`\n\nThis element `<a.block.px-4.py-2.text-xs.lg:text-sm.hover:bg-gray-100.hover:text-primary.transition-colors>` is not visible because its parent `<div.absolute.hidden.group-hover:block.bg-white.shadow-lg.min-w-[180px].lg:min-w-[200px].z-20.border.border-gray-200>` has CSS property: `display: none`\n\nFix this problem, or use `{force: true}` to disable error checking.\n\nhttps://on.cypress.io/element-cannot-be-interacted-with\n    at runVisibilityCheck (http://localhost:5173/__cypress/runner/cypress_runner.js:152919:58)\n    at Object.isStrictlyVisible (http://localhost:5173/__cypress/runner/cypress_runner.js:152933:10)\n    at runAllChecks (http://localhost:5173/__cypress/runner/cypress_runner.js:115402:26)\n    at retryActionability (http://localhost:5173/__cypress/runner/cypress_runner.js:115470:16)\n    at tryCatcher (http://localhost:5173/__cypress/runner/cypress_runner.js:1777:23)\n    at Promise.attempt.Promise.try (http://localhost:5173/__cypress/runner/cypress_runner.js:4285:29)\n    at whenStable (http://localhost:5173/__cypress/runner/cypress_runner.js:151746:68)\n    at <unknown> (http://localhost:5173/__cypress/runner/cypress_runner.js:151687:14)\n    at tryCatcher (http://localhost:5173/__cypress/runner/cypress_runner.js:1777:23)\n    at Promise._settlePromiseFromHandler (http://localhost:5173/__cypress/runner/cypress_runner.js:1489:31)\n    at Promise._settlePromise (http://localhost:5173/__cypress/runner/cypress_runner.js:1546:18)\n    at Promise._settlePromise0 (http://localhost:5173/__cypress/runner/cypress_runner.js:1591:10)\n    at Promise._settlePromises (http://localhost:5173/__cypress/runner/cypress_runner.js:1671:18)\n    at Promise._fulfill (http://localhost:5173/__cypress/runner/cypress_runner.js:1615:18)\n    at <unknown> (http://localhost:5173/__cypress/runner/cypress_runner.js:5420:46)\nFrom Your Spec Code:\n    at Context.eval (webpack://mes-college-website/./cypress/e2e/02-navigation.cy.js:102:30)",
                    "diff": null
                  },
                  "uuid": "48ae2589-69ea-479e-a491-437c72ed33ff",
                  "parentUUID": "fb52f7ab-757b-43f7-a314-b1c656d1bcaa",
                  "isHook": false,
                  "skipped": false
                },
                {
                  "title": "should navigate to Non-Teaching Staff",
                  "fullTitle": "Complete Navigation Tests Faculty Dropdown Navigation should navigate to Non-Teaching Staff",
                  "timedOut": null,
                  "duration": 11894,
                  "state": "failed",
                  "speed": null,
                  "pass": false,
                  "fail": true,
                  "pending": false,
                  "context": null,
                  "code": "cy.visit('/');\ncy.contains('Faculty ▼').trigger('mouseover');\ncy.contains('Non-Teaching').click();\ncy.url().should('include', '/non-teaching');",
                  "err": {
                    "message": "CypressError: Timed out retrying after 10050ms: `cy.click()` failed because this element is not visible:\n\n`<a class=\"block px-4 py-2 text-xs lg:text-sm hover:bg-gray-100 hover:text-primary transition-colors\" href=\"/mesckm/non-teaching\" data-discover=\"true\">Non-Tea...</a>`\n\nThis element `<a.block.px-4.py-2.text-xs.lg:text-sm.hover:bg-gray-100.hover:text-primary.transition-colors>` is not visible because its parent `<div.absolute.hidden.group-hover:block.bg-white.shadow-lg.min-w-[180px].lg:min-w-[200px].z-20.border.border-gray-200>` has CSS property: `display: none`\n\nFix this problem, or use `{force: true}` to disable error checking.\n\nhttps://on.cypress.io/element-cannot-be-interacted-with",
                    "estack": "CypressError: Timed out retrying after 10050ms: `cy.click()` failed because this element is not visible:\n\n`<a class=\"block px-4 py-2 text-xs lg:text-sm hover:bg-gray-100 hover:text-primary transition-colors\" href=\"/mesckm/non-teaching\" data-discover=\"true\">Non-Tea...</a>`\n\nThis element `<a.block.px-4.py-2.text-xs.lg:text-sm.hover:bg-gray-100.hover:text-primary.transition-colors>` is not visible because its parent `<div.absolute.hidden.group-hover:block.bg-white.shadow-lg.min-w-[180px].lg:min-w-[200px].z-20.border.border-gray-200>` has CSS property: `display: none`\n\nFix this problem, or use `{force: true}` to disable error checking.\n\nhttps://on.cypress.io/element-cannot-be-interacted-with\n    at runVisibilityCheck (http://localhost:5173/__cypress/runner/cypress_runner.js:152919:58)\n    at Object.isStrictlyVisible (http://localhost:5173/__cypress/runner/cypress_runner.js:152933:10)\n    at runAllChecks (http://localhost:5173/__cypress/runner/cypress_runner.js:115402:26)\n    at retryActionability (http://localhost:5173/__cypress/runner/cypress_runner.js:115470:16)\n    at tryCatcher (http://localhost:5173/__cypress/runner/cypress_runner.js:1777:23)\n    at Promise.attempt.Promise.try (http://localhost:5173/__cypress/runner/cypress_runner.js:4285:29)\n    at whenStable (http://localhost:5173/__cypress/runner/cypress_runner.js:151746:68)\n    at <unknown> (http://localhost:5173/__cypress/runner/cypress_runner.js:151687:14)\n    at tryCatcher (http://localhost:5173/__cypress/runner/cypress_runner.js:1777:23)\n    at Promise._settlePromiseFromHandler (http://localhost:5173/__cypress/runner/cypress_runner.js:1489:31)\n    at Promise._settlePromise (http://localhost:5173/__cypress/runner/cypress_runner.js:1546:18)\n    at Promise._settlePromise0 (http://localhost:5173/__cypress/runner/cypress_runner.js:1591:10)\n    at Promise._settlePromises (http://localhost:5173/__cypress/runner/cypress_runner.js:1671:18)\n    at Promise._fulfill (http://localhost:5173/__cypress/runner/cypress_runner.js:1615:18)\n    at <unknown> (http://localhost:5173/__cypress/runner/cypress_runner.js:5420:46)",
                    "diff": null
                  },
                  "uuid": "e7a78301-2588-4dee-8429-c223fb313cdf",
                  "parentUUID": "fb52f7ab-757b-43f7-a314-b1c656d1bcaa",
                  "isHook": false,
                  "skipped": false
                }
              ],
              "suites": [],
              "passes": [],
              "failures": [
                "9e1561c9-cfc1-43e4-a075-e69453af3c78",
                "48ae2589-69ea-479e-a491-437c72ed33ff",
                "e7a78301-2588-4dee-8429-c223fb313cdf"
              ],
              "pending": [],
              "skipped": [],
              "duration": 34317,
              "root": false,
              "rootEmpty": false,
              "_timeout": 2000
            },
            {
              "uuid": "dcbe6b2d-2971-4a2f-9850-bbdfd5cf6079",
              "title": "Forum Dropdown Navigation",
              "fullFile": "",
              "file": "",
              "beforeHooks": [],
              "afterHooks": [],
              "tests": [
                {
                  "title": "should show Forum dropdown on hover",
                  "fullTitle": "Complete Navigation Tests Forum Dropdown Navigation should show Forum dropdown on hover",
                  "timedOut": null,
                  "duration": 11180,
                  "state": "failed",
                  "speed": null,
                  "pass": false,
                  "fail": true,
                  "pending": false,
                  "context": null,
                  "code": "cy.contains('Forum ▼').trigger('mouseover');\ncy.contains('Arts').should('be.visible');\ncy.contains('Commerce').should('be.visible');\ncy.contains('Science').should('be.visible');",
                  "err": {
                    "message": "AssertionError: Timed out retrying after 10000ms: expected '<a.block.px-4.py-2.text-xs.lg:text-sm.hover:bg-gray-100.hover:text-primary.transition-colors>' to be 'visible'\n\nThis element `<a.block.px-4.py-2.text-xs.lg:text-sm.hover:bg-gray-100.hover:text-primary.transition-colors>` is not visible because its parent `<div.absolute.hidden.group-hover:block.bg-white.shadow-lg.min-w-[180px].lg:min-w-[200px].z-20.border.border-gray-200>` has CSS property: `display: none`",
                    "estack": "AssertionError: Timed out retrying after 10000ms: expected '<a.block.px-4.py-2.text-xs.lg:text-sm.hover:bg-gray-100.hover:text-primary.transition-colors>' to be 'visible'\n\nThis element `<a.block.px-4.py-2.text-xs.lg:text-sm.hover:bg-gray-100.hover:text-primary.transition-colors>` is not visible because its parent `<div.absolute.hidden.group-hover:block.bg-white.shadow-lg.min-w-[180px].lg:min-w-[200px].z-20.border.border-gray-200>` has CSS property: `display: none`\n    at Context.eval (webpack://mes-college-website/./cypress/e2e/02-navigation.cy.js:117:26)",
                    "diff": null
                  },
                  "uuid": "4ccfe881-c2a3-480d-89dc-0389b529d3d1",
                  "parentUUID": "dcbe6b2d-2971-4a2f-9850-bbdfd5cf6079",
                  "isHook": false,
                  "skipped": false
                },
                {
                  "title": "should navigate to Arts",
                  "fullTitle": "Complete Navigation Tests Forum Dropdown Navigation should navigate to Arts",
                  "timedOut": null,
                  "duration": 11277,
                  "state": "failed",
                  "speed": null,
                  "pass": false,
                  "fail": true,
                  "pending": false,
                  "context": null,
                  "code": "cy.contains('Forum ▼').trigger('mouseover');\ncy.contains('Arts').click();\ncy.url().should('include', '/arts');",
                  "err": {
                    "message": "CypressError: Timed out retrying after 10050ms: `cy.click()` failed because this element is not visible:\n\n`<a class=\"block px-4 py-2 text-xs lg:text-sm hover:bg-gray-100 hover:text-primary transition-colors\" href=\"/mesckm/arts\" data-discover=\"true\">Arts</a>`\n\nThis element `<a.block.px-4.py-2.text-xs.lg:text-sm.hover:bg-gray-100.hover:text-primary.transition-colors>` is not visible because its parent `<div.absolute.hidden.group-hover:block.bg-white.shadow-lg.min-w-[180px].lg:min-w-[200px].z-20.border.border-gray-200>` has CSS property: `display: none`\n\nFix this problem, or use `{force: true}` to disable error checking.\n\nhttps://on.cypress.io/element-cannot-be-interacted-with",
                    "estack": "CypressError: Timed out retrying after 10050ms: `cy.click()` failed because this element is not visible:\n\n`<a class=\"block px-4 py-2 text-xs lg:text-sm hover:bg-gray-100 hover:text-primary transition-colors\" href=\"/mesckm/arts\" data-discover=\"true\">Arts</a>`\n\nThis element `<a.block.px-4.py-2.text-xs.lg:text-sm.hover:bg-gray-100.hover:text-primary.transition-colors>` is not visible because its parent `<div.absolute.hidden.group-hover:block.bg-white.shadow-lg.min-w-[180px].lg:min-w-[200px].z-20.border.border-gray-200>` has CSS property: `display: none`\n\nFix this problem, or use `{force: true}` to disable error checking.\n\nhttps://on.cypress.io/element-cannot-be-interacted-with\n    at runVisibilityCheck (http://localhost:5173/__cypress/runner/cypress_runner.js:152919:58)\n    at Object.isStrictlyVisible (http://localhost:5173/__cypress/runner/cypress_runner.js:152933:10)\n    at runAllChecks (http://localhost:5173/__cypress/runner/cypress_runner.js:115402:26)\n    at retryActionability (http://localhost:5173/__cypress/runner/cypress_runner.js:115470:16)\n    at tryCatcher (http://localhost:5173/__cypress/runner/cypress_runner.js:1777:23)\n    at Promise.attempt.Promise.try (http://localhost:5173/__cypress/runner/cypress_runner.js:4285:29)\n    at whenStable (http://localhost:5173/__cypress/runner/cypress_runner.js:151746:68)\n    at <unknown> (http://localhost:5173/__cypress/runner/cypress_runner.js:151687:14)\n    at tryCatcher (http://localhost:5173/__cypress/runner/cypress_runner.js:1777:23)\n    at Promise._settlePromiseFromHandler (http://localhost:5173/__cypress/runner/cypress_runner.js:1489:31)\n    at Promise._settlePromise (http://localhost:5173/__cypress/runner/cypress_runner.js:1546:18)\n    at Promise._settlePromise0 (http://localhost:5173/__cypress/runner/cypress_runner.js:1591:10)\n    at Promise._settlePromises (http://localhost:5173/__cypress/runner/cypress_runner.js:1671:18)\n    at Promise._fulfill (http://localhost:5173/__cypress/runner/cypress_runner.js:1615:18)\n    at <unknown> (http://localhost:5173/__cypress/runner/cypress_runner.js:5420:46)\nFrom Your Spec Code:\n    at Context.eval (webpack://mes-college-website/./cypress/e2e/02-navigation.cy.js:124:26)",
                    "diff": null
                  },
                  "uuid": "79068354-f8b1-4adc-a694-a04adb8908d1",
                  "parentUUID": "dcbe6b2d-2971-4a2f-9850-bbdfd5cf6079",
                  "isHook": false,
                  "skipped": false
                },
                {
                  "title": "should navigate to Commerce",
                  "fullTitle": "Complete Navigation Tests Forum Dropdown Navigation should navigate to Commerce",
                  "timedOut": null,
                  "duration": 11890,
                  "state": "failed",
                  "speed": null,
                  "pass": false,
                  "fail": true,
                  "pending": false,
                  "context": null,
                  "code": "cy.visit('/');\ncy.contains('Forum ▼').trigger('mouseover');\ncy.contains('Commerce').click();\ncy.url().should('include', '/commerce');",
                  "err": {
                    "message": "CypressError: Timed out retrying after 10050ms: `cy.click()` failed because this element is not visible:\n\n`<a class=\"block px-4 py-2 text-xs lg:text-sm hover:bg-gray-100 hover:text-primary transition-colors\" href=\"/mesckm/commerce\" data-discover=\"true\">Commerce</a>`\n\nThis element `<a.block.px-4.py-2.text-xs.lg:text-sm.hover:bg-gray-100.hover:text-primary.transition-colors>` is not visible because its parent `<div.absolute.hidden.group-hover:block.bg-white.shadow-lg.min-w-[180px].lg:min-w-[200px].z-20.border.border-gray-200>` has CSS property: `display: none`\n\nFix this problem, or use `{force: true}` to disable error checking.\n\nhttps://on.cypress.io/element-cannot-be-interacted-with",
                    "estack": "CypressError: Timed out retrying after 10050ms: `cy.click()` failed because this element is not visible:\n\n`<a class=\"block px-4 py-2 text-xs lg:text-sm hover:bg-gray-100 hover:text-primary transition-colors\" href=\"/mesckm/commerce\" data-discover=\"true\">Commerce</a>`\n\nThis element `<a.block.px-4.py-2.text-xs.lg:text-sm.hover:bg-gray-100.hover:text-primary.transition-colors>` is not visible because its parent `<div.absolute.hidden.group-hover:block.bg-white.shadow-lg.min-w-[180px].lg:min-w-[200px].z-20.border.border-gray-200>` has CSS property: `display: none`\n\nFix this problem, or use `{force: true}` to disable error checking.\n\nhttps://on.cypress.io/element-cannot-be-interacted-with\n    at runVisibilityCheck (http://localhost:5173/__cypress/runner/cypress_runner.js:152919:58)\n    at Object.isStrictlyVisible (http://localhost:5173/__cypress/runner/cypress_runner.js:152933:10)\n    at runAllChecks (http://localhost:5173/__cypress/runner/cypress_runner.js:115402:26)\n    at retryActionability (http://localhost:5173/__cypress/runner/cypress_runner.js:115470:16)\n    at tryCatcher (http://localhost:5173/__cypress/runner/cypress_runner.js:1777:23)\n    at Promise.attempt.Promise.try (http://localhost:5173/__cypress/runner/cypress_runner.js:4285:29)\n    at whenStable (http://localhost:5173/__cypress/runner/cypress_runner.js:151746:68)\n    at <unknown> (http://localhost:5173/__cypress/runner/cypress_runner.js:151687:14)\n    at tryCatcher (http://localhost:5173/__cypress/runner/cypress_runner.js:1777:23)\n    at Promise._settlePromiseFromHandler (http://localhost:5173/__cypress/runner/cypress_runner.js:1489:31)\n    at Promise._settlePromise (http://localhost:5173/__cypress/runner/cypress_runner.js:1546:18)\n    at Promise._settlePromise0 (http://localhost:5173/__cypress/runner/cypress_runner.js:1591:10)\n    at Promise._settlePromises (http://localhost:5173/__cypress/runner/cypress_runner.js:1671:18)\n    at Promise._fulfill (http://localhost:5173/__cypress/runner/cypress_runner.js:1615:18)\n    at <unknown> (http://localhost:5173/__cypress/runner/cypress_runner.js:5420:46)",
                    "diff": null
                  },
                  "uuid": "6c6b46b6-8d56-4b5e-b5bb-23b42db76441",
                  "parentUUID": "dcbe6b2d-2971-4a2f-9850-bbdfd5cf6079",
                  "isHook": false,
                  "skipped": false
                },
                {
                  "title": "should navigate to Science",
                  "fullTitle": "Complete Navigation Tests Forum Dropdown Navigation should navigate to Science",
                  "timedOut": null,
                  "duration": 11848,
                  "state": "failed",
                  "speed": null,
                  "pass": false,
                  "fail": true,
                  "pending": false,
                  "context": null,
                  "code": "cy.visit('/');\ncy.contains('Forum ▼').trigger('mouseover');\ncy.contains('Science').click();\ncy.url().should('include', '/science');",
                  "err": {
                    "message": "CypressError: Timed out retrying after 10050ms: `cy.click()` failed because this element is not visible:\n\n`<a class=\"block px-4 py-2 text-xs lg:text-sm hover:bg-gray-100 hover:text-primary transition-colors\" href=\"/mesckm/science\" data-discover=\"true\">Science</a>`\n\nThis element `<a.block.px-4.py-2.text-xs.lg:text-sm.hover:bg-gray-100.hover:text-primary.transition-colors>` is not visible because its parent `<div.absolute.hidden.group-hover:block.bg-white.shadow-lg.min-w-[180px].lg:min-w-[200px].z-20.border.border-gray-200>` has CSS property: `display: none`\n\nFix this problem, or use `{force: true}` to disable error checking.\n\nhttps://on.cypress.io/element-cannot-be-interacted-with",
                    "estack": "CypressError: Timed out retrying after 10050ms: `cy.click()` failed because this element is not visible:\n\n`<a class=\"block px-4 py-2 text-xs lg:text-sm hover:bg-gray-100 hover:text-primary transition-colors\" href=\"/mesckm/science\" data-discover=\"true\">Science</a>`\n\nThis element `<a.block.px-4.py-2.text-xs.lg:text-sm.hover:bg-gray-100.hover:text-primary.transition-colors>` is not visible because its parent `<div.absolute.hidden.group-hover:block.bg-white.shadow-lg.min-w-[180px].lg:min-w-[200px].z-20.border.border-gray-200>` has CSS property: `display: none`\n\nFix this problem, or use `{force: true}` to disable error checking.\n\nhttps://on.cypress.io/element-cannot-be-interacted-with\n    at runVisibilityCheck (http://localhost:5173/__cypress/runner/cypress_runner.js:152919:58)\n    at Object.isStrictlyVisible (http://localhost:5173/__cypress/runner/cypress_runner.js:152933:10)\n    at runAllChecks (http://localhost:5173/__cypress/runner/cypress_runner.js:115402:26)\n    at retryActionability (http://localhost:5173/__cypress/runner/cypress_runner.js:115470:16)\n    at tryCatcher (http://localhost:5173/__cypress/runner/cypress_runner.js:1777:23)\n    at Promise.attempt.Promise.try (http://localhost:5173/__cypress/runner/cypress_runner.js:4285:29)\n    at whenStable (http://localhost:5173/__cypress/runner/cypress_runner.js:151746:68)\n    at <unknown> (http://localhost:5173/__cypress/runner/cypress_runner.js:151687:14)\n    at tryCatcher (http://localhost:5173/__cypress/runner/cypress_runner.js:1777:23)\n    at Promise._settlePromiseFromHandler (http://localhost:5173/__cypress/runner/cypress_runner.js:1489:31)\n    at Promise._settlePromise (http://localhost:5173/__cypress/runner/cypress_runner.js:1546:18)\n    at Promise._settlePromise0 (http://localhost:5173/__cypress/runner/cypress_runner.js:1591:10)\n    at Promise._settlePromises (http://localhost:5173/__cypress/runner/cypress_runner.js:1671:18)\n    at Promise._fulfill (http://localhost:5173/__cypress/runner/cypress_runner.js:1615:18)\n    at <unknown> (http://localhost:5173/__cypress/runner/cypress_runner.js:5420:46)",
                    "diff": null
                  },
                  "uuid": "43ce2235-bb37-43b7-8dd3-c022bd8ce160",
                  "parentUUID": "dcbe6b2d-2971-4a2f-9850-bbdfd5cf6079",
                  "isHook": false,
                  "skipped": false
                }
              ],
              "suites": [],
              "passes": [],
              "failures": [
                "4ccfe881-c2a3-480d-89dc-0389b529d3d1",
                "79068354-f8b1-4adc-a694-a04adb8908d1",
                "6c6b46b6-8d56-4b5e-b5bb-23b42db76441",
                "43ce2235-bb37-43b7-8dd3-c022bd8ce160"
              ],
              "pending": [],
              "skipped": [],
              "duration": 46195,
              "root": false,
              "rootEmpty": false,
              "_timeout": 2000
            },
            {
              "uuid": "06a2c962-1721-43aa-8581-6be96092c999",
              "title": "Rank Holders Dropdown Navigation",
              "fullFile": "",
              "file": "",
              "beforeHooks": [],
              "afterHooks": [],
              "tests": [
                {
                  "title": "should show Rank Holders dropdown on hover",
                  "fullTitle": "Complete Navigation Tests Rank Holders Dropdown Navigation should show Rank Holders dropdown on hover",
                  "timedOut": null,
                  "duration": 11199,
                  "state": "failed",
                  "speed": null,
                  "pass": false,
                  "fail": true,
                  "pending": false,
                  "context": null,
                  "code": "cy.contains('Rank Holders ▼').trigger('mouseover');\ncy.contains('UG Rank Holders').should('be.visible');\ncy.contains('PG Rank Holders').should('be.visible');",
                  "err": {
                    "message": "AssertionError: Timed out retrying after 10000ms: expected '<a.block.px-4.py-2.text-xs.lg:text-sm.hover:bg-gray-100.hover:text-primary.transition-colors>' to be 'visible'\n\nThis element `<a.block.px-4.py-2.text-xs.lg:text-sm.hover:bg-gray-100.hover:text-primary.transition-colors>` is not visible because its parent `<div.absolute.hidden.group-hover:block.bg-white.shadow-lg.min-w-[180px].lg:min-w-[200px].z-20.border.border-gray-200>` has CSS property: `display: none`",
                    "estack": "AssertionError: Timed out retrying after 10000ms: expected '<a.block.px-4.py-2.text-xs.lg:text-sm.hover:bg-gray-100.hover:text-primary.transition-colors>' to be 'visible'\n\nThis element `<a.block.px-4.py-2.text-xs.lg:text-sm.hover:bg-gray-100.hover:text-primary.transition-colors>` is not visible because its parent `<div.absolute.hidden.group-hover:block.bg-white.shadow-lg.min-w-[180px].lg:min-w-[200px].z-20.border.border-gray-200>` has CSS property: `display: none`\n    at Context.eval (webpack://mes-college-website/./cypress/e2e/02-navigation.cy.js:146:37)",
                    "diff": null
                  },
                  "uuid": "b67daa65-02c2-4fb8-adf5-a20910e5659a",
                  "parentUUID": "06a2c962-1721-43aa-8581-6be96092c999",
                  "isHook": false,
                  "skipped": false
                },
                {
                  "title": "should navigate to Rank Holders main page",
                  "fullTitle": "Complete Navigation Tests Rank Holders Dropdown Navigation should navigate to Rank Holders main page",
                  "timedOut": null,
                  "duration": 11244,
                  "state": "failed",
                  "speed": null,
                  "pass": false,
                  "fail": true,
                  "pending": false,
                  "context": null,
                  "code": "cy.contains('Rank Holders ▼').trigger('mouseover');\ncy.contains('a', 'Rank Holders').first().click();\ncy.url().should('include', '/rank-holders');",
                  "err": {
                    "message": "CypressError: Timed out retrying after 10050ms: `cy.click()` failed because this element is not visible:\n\n`<a class=\"block px-4 py-2 text-xs lg:text-sm hover:bg-gray-100 hover:text-primary transition-colors\" href=\"/mesckm/rank-holders\" data-discover=\"true\">Rank Ho...</a>`\n\nThis element `<a.block.px-4.py-2.text-xs.lg:text-sm.hover:bg-gray-100.hover:text-primary.transition-colors>` is not visible because its parent `<div.absolute.hidden.group-hover:block.bg-white.shadow-lg.min-w-[180px].lg:min-w-[200px].z-20.border.border-gray-200>` has CSS property: `display: none`\n\nFix this problem, or use `{force: true}` to disable error checking.\n\nhttps://on.cypress.io/element-cannot-be-interacted-with",
                    "estack": "CypressError: Timed out retrying after 10050ms: `cy.click()` failed because this element is not visible:\n\n`<a class=\"block px-4 py-2 text-xs lg:text-sm hover:bg-gray-100 hover:text-primary transition-colors\" href=\"/mesckm/rank-holders\" data-discover=\"true\">Rank Ho...</a>`\n\nThis element `<a.block.px-4.py-2.text-xs.lg:text-sm.hover:bg-gray-100.hover:text-primary.transition-colors>` is not visible because its parent `<div.absolute.hidden.group-hover:block.bg-white.shadow-lg.min-w-[180px].lg:min-w-[200px].z-20.border.border-gray-200>` has CSS property: `display: none`\n\nFix this problem, or use `{force: true}` to disable error checking.\n\nhttps://on.cypress.io/element-cannot-be-interacted-with\n    at runVisibilityCheck (http://localhost:5173/__cypress/runner/cypress_runner.js:152919:58)\n    at Object.isStrictlyVisible (http://localhost:5173/__cypress/runner/cypress_runner.js:152933:10)\n    at runAllChecks (http://localhost:5173/__cypress/runner/cypress_runner.js:115402:26)\n    at retryActionability (http://localhost:5173/__cypress/runner/cypress_runner.js:115470:16)\n    at tryCatcher (http://localhost:5173/__cypress/runner/cypress_runner.js:1777:23)\n    at Promise.attempt.Promise.try (http://localhost:5173/__cypress/runner/cypress_runner.js:4285:29)\n    at whenStable (http://localhost:5173/__cypress/runner/cypress_runner.js:151746:68)\n    at <unknown> (http://localhost:5173/__cypress/runner/cypress_runner.js:151687:14)\n    at tryCatcher (http://localhost:5173/__cypress/runner/cypress_runner.js:1777:23)\n    at Promise._settlePromiseFromHandler (http://localhost:5173/__cypress/runner/cypress_runner.js:1489:31)\n    at Promise._settlePromise (http://localhost:5173/__cypress/runner/cypress_runner.js:1546:18)\n    at Promise._settlePromise0 (http://localhost:5173/__cypress/runner/cypress_runner.js:1591:10)\n    at Promise._settlePromises (http://localhost:5173/__cypress/runner/cypress_runner.js:1671:18)\n    at Promise._fulfill (http://localhost:5173/__cypress/runner/cypress_runner.js:1615:18)\n    at <unknown> (http://localhost:5173/__cypress/runner/cypress_runner.js:5420:46)\nFrom Your Spec Code:\n    at Context.eval (webpack://mes-college-website/./cypress/e2e/02-navigation.cy.js:152:47)",
                    "diff": null
                  },
                  "uuid": "673ab1dc-3d75-49e0-90a8-49caff409d43",
                  "parentUUID": "06a2c962-1721-43aa-8581-6be96092c999",
                  "isHook": false,
                  "skipped": false
                },
                {
                  "title": "should navigate to UG Rank Holders",
                  "fullTitle": "Complete Navigation Tests Rank Holders Dropdown Navigation should navigate to UG Rank Holders",
                  "timedOut": null,
                  "duration": 11907,
                  "state": "failed",
                  "speed": null,
                  "pass": false,
                  "fail": true,
                  "pending": false,
                  "context": null,
                  "code": "cy.visit('/');\ncy.contains('Rank Holders ▼').trigger('mouseover');\ncy.contains('UG Rank Holders').click();\ncy.url().should('include', '/rank-holders/ug');",
                  "err": {
                    "message": "CypressError: Timed out retrying after 10050ms: `cy.click()` failed because this element is not visible:\n\n`<a class=\"block px-4 py-2 text-xs lg:text-sm hover:bg-gray-100 hover:text-primary transition-colors\" href=\"/mesckm/rank-holders/ug\" data-discover=\"true\">UG Rank...</a>`\n\nThis element `<a.block.px-4.py-2.text-xs.lg:text-sm.hover:bg-gray-100.hover:text-primary.transition-colors>` is not visible because its parent `<div.absolute.hidden.group-hover:block.bg-white.shadow-lg.min-w-[180px].lg:min-w-[200px].z-20.border.border-gray-200>` has CSS property: `display: none`\n\nFix this problem, or use `{force: true}` to disable error checking.\n\nhttps://on.cypress.io/element-cannot-be-interacted-with",
                    "estack": "CypressError: Timed out retrying after 10050ms: `cy.click()` failed because this element is not visible:\n\n`<a class=\"block px-4 py-2 text-xs lg:text-sm hover:bg-gray-100 hover:text-primary transition-colors\" href=\"/mesckm/rank-holders/ug\" data-discover=\"true\">UG Rank...</a>`\n\nThis element `<a.block.px-4.py-2.text-xs.lg:text-sm.hover:bg-gray-100.hover:text-primary.transition-colors>` is not visible because its parent `<div.absolute.hidden.group-hover:block.bg-white.shadow-lg.min-w-[180px].lg:min-w-[200px].z-20.border.border-gray-200>` has CSS property: `display: none`\n\nFix this problem, or use `{force: true}` to disable error checking.\n\nhttps://on.cypress.io/element-cannot-be-interacted-with\n    at runVisibilityCheck (http://localhost:5173/__cypress/runner/cypress_runner.js:152919:58)\n    at Object.isStrictlyVisible (http://localhost:5173/__cypress/runner/cypress_runner.js:152933:10)\n    at runAllChecks (http://localhost:5173/__cypress/runner/cypress_runner.js:115402:26)\n    at retryActionability (http://localhost:5173/__cypress/runner/cypress_runner.js:115470:16)\n    at tryCatcher (http://localhost:5173/__cypress/runner/cypress_runner.js:1777:23)\n    at Promise.attempt.Promise.try (http://localhost:5173/__cypress/runner/cypress_runner.js:4285:29)\n    at whenStable (http://localhost:5173/__cypress/runner/cypress_runner.js:151746:68)\n    at <unknown> (http://localhost:5173/__cypress/runner/cypress_runner.js:151687:14)\n    at tryCatcher (http://localhost:5173/__cypress/runner/cypress_runner.js:1777:23)\n    at Promise._settlePromiseFromHandler (http://localhost:5173/__cypress/runner/cypress_runner.js:1489:31)\n    at Promise._settlePromise (http://localhost:5173/__cypress/runner/cypress_runner.js:1546:18)\n    at Promise._settlePromise0 (http://localhost:5173/__cypress/runner/cypress_runner.js:1591:10)\n    at Promise._settlePromises (http://localhost:5173/__cypress/runner/cypress_runner.js:1671:18)\n    at Promise._fulfill (http://localhost:5173/__cypress/runner/cypress_runner.js:1615:18)\n    at <unknown> (http://localhost:5173/__cypress/runner/cypress_runner.js:5420:46)",
                    "diff": null
                  },
                  "uuid": "85d4f75e-932b-4056-912d-eb742b481a07",
                  "parentUUID": "06a2c962-1721-43aa-8581-6be96092c999",
                  "isHook": false,
                  "skipped": false
                },
                {
                  "title": "should navigate to PG Rank Holders",
                  "fullTitle": "Complete Navigation Tests Rank Holders Dropdown Navigation should navigate to PG Rank Holders",
                  "timedOut": null,
                  "duration": 11893,
                  "state": "failed",
                  "speed": null,
                  "pass": false,
                  "fail": true,
                  "pending": false,
                  "context": null,
                  "code": "cy.visit('/');\ncy.contains('Rank Holders ▼').trigger('mouseover');\ncy.contains('PG Rank Holders').click();\ncy.url().should('include', '/rank-holders/pg');",
                  "err": {
                    "message": "CypressError: Timed out retrying after 10050ms: `cy.click()` failed because this element is not visible:\n\n`<a class=\"block px-4 py-2 text-xs lg:text-sm hover:bg-gray-100 hover:text-primary transition-colors\" href=\"/mesckm/rank-holders/pg\" data-discover=\"true\">PG Rank...</a>`\n\nThis element `<a.block.px-4.py-2.text-xs.lg:text-sm.hover:bg-gray-100.hover:text-primary.transition-colors>` is not visible because its parent `<div.absolute.hidden.group-hover:block.bg-white.shadow-lg.min-w-[180px].lg:min-w-[200px].z-20.border.border-gray-200>` has CSS property: `display: none`\n\nFix this problem, or use `{force: true}` to disable error checking.\n\nhttps://on.cypress.io/element-cannot-be-interacted-with",
                    "estack": "CypressError: Timed out retrying after 10050ms: `cy.click()` failed because this element is not visible:\n\n`<a class=\"block px-4 py-2 text-xs lg:text-sm hover:bg-gray-100 hover:text-primary transition-colors\" href=\"/mesckm/rank-holders/pg\" data-discover=\"true\">PG Rank...</a>`\n\nThis element `<a.block.px-4.py-2.text-xs.lg:text-sm.hover:bg-gray-100.hover:text-primary.transition-colors>` is not visible because its parent `<div.absolute.hidden.group-hover:block.bg-white.shadow-lg.min-w-[180px].lg:min-w-[200px].z-20.border.border-gray-200>` has CSS property: `display: none`\n\nFix this problem, or use `{force: true}` to disable error checking.\n\nhttps://on.cypress.io/element-cannot-be-interacted-with\n    at runVisibilityCheck (http://localhost:5173/__cypress/runner/cypress_runner.js:152919:58)\n    at Object.isStrictlyVisible (http://localhost:5173/__cypress/runner/cypress_runner.js:152933:10)\n    at runAllChecks (http://localhost:5173/__cypress/runner/cypress_runner.js:115402:26)\n    at retryActionability (http://localhost:5173/__cypress/runner/cypress_runner.js:115470:16)\n    at tryCatcher (http://localhost:5173/__cypress/runner/cypress_runner.js:1777:23)\n    at Promise.attempt.Promise.try (http://localhost:5173/__cypress/runner/cypress_runner.js:4285:29)\n    at whenStable (http://localhost:5173/__cypress/runner/cypress_runner.js:151746:68)\n    at <unknown> (http://localhost:5173/__cypress/runner/cypress_runner.js:151687:14)\n    at tryCatcher (http://localhost:5173/__cypress/runner/cypress_runner.js:1777:23)\n    at Promise._settlePromiseFromHandler (http://localhost:5173/__cypress/runner/cypress_runner.js:1489:31)\n    at Promise._settlePromise (http://localhost:5173/__cypress/runner/cypress_runner.js:1546:18)\n    at Promise._settlePromise0 (http://localhost:5173/__cypress/runner/cypress_runner.js:1591:10)\n    at Promise._settlePromises (http://localhost:5173/__cypress/runner/cypress_runner.js:1671:18)\n    at Promise._fulfill (http://localhost:5173/__cypress/runner/cypress_runner.js:1615:18)\n    at <unknown> (http://localhost:5173/__cypress/runner/cypress_runner.js:5420:46)",
                    "diff": null
                  },
                  "uuid": "689bbd77-58d1-4d78-a8a5-61781a87cc6f",
                  "parentUUID": "06a2c962-1721-43aa-8581-6be96092c999",
                  "isHook": false,
                  "skipped": false
                }
              ],
              "suites": [],
              "passes": [],
              "failures": [
                "b67daa65-02c2-4fb8-adf5-a20910e5659a",
                "673ab1dc-3d75-49e0-90a8-49caff409d43",
                "85d4f75e-932b-4056-912d-eb742b481a07",
                "689bbd77-58d1-4d78-a8a5-61781a87cc6f"
              ],
              "pending": [],
              "skipped": [],
              "duration": 46243,
              "root": false,
              "rootEmpty": false,
              "_timeout": 2000
            }
          ],
          "passes": [],
          "failures": [],
          "pending": [],
          "skipped": [],
          "duration": 0,
          "root": false,
          "rootEmpty": false,
          "_timeout": 2000
        }
      ],
      "passes": [],
      "failures": [],
      "pending": [],
      "skipped": [],
      "duration": 0,
      "root": true,
      "rootEmpty": true,
      "_timeout": 2000
    }
  ],
  "meta": {
    "mocha": {
      "version": "7.2.0"
    },
    "mochawesome": {
      "options": {
        "quiet": false,
        "reportFilename": "mochawesome",
        "saveHtml": true,
        "saveJson": true,
        "consoleReporter": "spec",
        "useInlineDiffs": false,
        "code": true
      },
      "version": "7.1.4"
    },
    "marge": {
      "options": {
        "reportDir": "cypress/reports/mochawesome",
        "overwrite": false,
        "html": true,
        "json": true,
        "timestamp": "mmddyyyy_HHMMss",
        "charts": true,
        "reportPageTitle": "MESCKM College - Cypress Test Report",
        "embeddedScreenshots": true,
        "inlineAssets": true
      },
      "version": "6.3.2"
    }
  }
}