{
  "stats": {
    "suites": 1,
    "tests": 12,
    "passes": 2,
    "pending": 0,
    "failures": 10,
    "start": "2026-01-22T05:15:54.801Z",
    "end": "2026-01-22T05:16:09.449Z",
    "duration": 14648,
    "testsRegistered": 12,
    "passPercent": 16.666666666666664,
    "pendingPercent": 0,
    "other": 0,
    "hasOther": false,
    "skipped": 0,
    "hasSkipped": false
  },
  "results": [
    {
      "uuid": "087a763f-45e3-4f6b-aab6-64dbac1341f9",
      "title": "",
      "fullFile": "cypress\\e2e\\10-performance.cy.js",
      "file": "cypress\\e2e\\10-performance.cy.js",
      "beforeHooks": [],
      "afterHooks": [],
      "tests": [],
      "suites": [
        {
          "uuid": "65dc7f4b-da8e-4b4b-8c14-a74f7709f31d",
          "title": "Performance Tests",
          "fullFile": "",
          "file": "",
          "beforeHooks": [],
          "afterHooks": [],
          "tests": [
            {
              "title": "should load / page within acceptable time",
              "fullTitle": "Performance Tests should load / page within acceptable time",
              "timedOut": null,
              "duration": 860,
              "state": "passed",
              "speed": "fast",
              "pass": true,
              "fail": false,
              "pending": false,
              "context": null,
              "code": "const start = Date.now();\ncy.visit(route);\ncy.window().then(() => {\n  const loadTime = Date.now() - start;\n  expect(loadTime).to.be.lessThan(5000); // Should load in less than 5 seconds\n});",
              "err": {},
              "uuid": "b9cd952c-aeea-48d5-8db6-640fde0e1cd5",
              "parentUUID": "65dc7f4b-da8e-4b4b-8c14-a74f7709f31d",
              "isHook": false,
              "skipped": false
            },
            {
              "title": "should have acceptable number of images on /",
              "fullTitle": "Performance Tests should have acceptable number of images on /",
              "timedOut": null,
              "duration": 587,
              "state": "passed",
              "speed": "fast",
              "pass": true,
              "fail": false,
              "pending": false,
              "context": null,
              "code": "cy.visit(route);\ncy.get('img').then($images => {\n  expect($images.length).to.be.lessThan(50); // Reasonable limit\n});",
              "err": {},
              "uuid": "aafb751f-07aa-4d3a-ba71-61da34730d64",
              "parentUUID": "65dc7f4b-da8e-4b4b-8c14-a74f7709f31d",
              "isHook": false,
              "skipped": false
            },
            {
              "title": "should load all images efficiently on /",
              "fullTitle": "Performance Tests should load all images efficiently on /",
              "timedOut": null,
              "duration": 10718,
              "state": "failed",
              "speed": null,
              "pass": false,
              "fail": true,
              "pending": false,
              "context": null,
              "code": "cy.visit(route);\ncy.get('img').each($img => {\n  cy.wrap($img).should('be.visible').and($el => {\n    expect($el[0].complete).to.be.true;\n  });\n});",
              "err": {
                "message": "AssertionError: Timed out retrying after 10000ms: expected '<img.w-full.h-[500px].object-cover>' to be 'visible'\n\nThis element `<img.w-full.h-[500px].object-cover>` is not visible because its parent `<div.relative>` has CSS property: `opacity: 0`",
                "estack": "AssertionError: Timed out retrying after 10000ms: expected '<img.w-full.h-[500px].object-cover>' to be 'visible'\n\nThis element `<img.w-full.h-[500px].object-cover>` is not visible because its parent `<div.relative>` has CSS property: `opacity: 0`\n    at Context.eval (webpack://mes-college-website/./cypress/e2e/10-performance.cy.js:24:22)\n    at Context.callback (http://localhost:5173/__cypress/runner/cypress_runner.js:122925:26)\n    at getRet (http://localhost:5173/__cypress/runner/cypress_runner.js:122690:20)\n    at tryCatcher (http://localhost:5173/__cypress/runner/cypress_runner.js:1777:23)\n    at Promise.attempt.Promise.try (http://localhost:5173/__cypress/runner/cypress_runner.js:4285:29)\n    at thenFn (http://localhost:5173/__cypress/runner/cypress_runner.js:122701:66)\n    at yieldItem (http://localhost:5173/__cypress/runner/cypress_runner.js:122933:16)\n    at tryCatcher (http://localhost:5173/__cypress/runner/cypress_runner.js:1777:23)\n    at Object.gotValue (http://localhost:5173/__cypress/runner/cypress_runner.js:6446:18)",
                "diff": null
              },
              "uuid": "39ae7123-8a99-4da3-a01e-a4066d940129",
              "parentUUID": "65dc7f4b-da8e-4b4b-8c14-a74f7709f31d",
              "isHook": false,
              "skipped": false
            },
            {
              "title": "should load /about page within acceptable time",
              "fullTitle": "Performance Tests should load /about page within acceptable time",
              "timedOut": null,
              "duration": 339,
              "state": "failed",
              "speed": null,
              "pass": false,
              "fail": true,
              "pending": false,
              "context": null,
              "code": "const start = Date.now();\ncy.visit(route);\ncy.window().then(() => {\n  const loadTime = Date.now() - start;\n  expect(loadTime).to.be.lessThan(5000); // Should load in less than 5 seconds\n});",
              "err": {
                "message": "CypressError: `cy.visit()` failed trying to load:\n\nhttp://localhost:5173/about\n\nThe response we received from your web server was:\n\n  > 404: Not Found\n\nThis was considered a failure because the status code was not `2xx`.\n\nIf you do not want status codes to cause failures pass the option: `failOnStatusCode: false`",
                "estack": "CypressError: `cy.visit()` failed trying to load:\n\nhttp://localhost:5173/about\n\nThe response we received from your web server was:\n\n  > 404: Not Found\n\nThis was considered a failure because the status code was not `2xx`.\n\nIf you do not want status codes to cause failures pass the option: `failOnStatusCode: false`\n    at <unknown> (http://localhost:5173/__cypress/runner/cypress_runner.js:134864:76)\n    at visitFailedByErr (http://localhost:5173/__cypress/runner/cypress_runner.js:134454:12)\n    at <unknown> (http://localhost:5173/__cypress/runner/cypress_runner.js:134847:13)\n    at tryCatcher (http://localhost:5173/__cypress/runner/cypress_runner.js:1777:23)\n    at Promise._settlePromiseFromHandler (http://localhost:5173/__cypress/runner/cypress_runner.js:1489:31)\n    at Promise._settlePromise (http://localhost:5173/__cypress/runner/cypress_runner.js:1546:18)\n    at Promise._settlePromise0 (http://localhost:5173/__cypress/runner/cypress_runner.js:1591:10)\n    at Promise._settlePromises (http://localhost:5173/__cypress/runner/cypress_runner.js:1667:18)\n    at _drainQueueStep (http://localhost:5173/__cypress/runner/cypress_runner.js:2377:12)\n    at _drainQueue (http://localhost:5173/__cypress/runner/cypress_runner.js:2370:9)\n    at Async._drainQueues (http://localhost:5173/__cypress/runner/cypress_runner.js:2386:5)\n    at Async.drainQueues (http://localhost:5173/__cypress/runner/cypress_runner.js:2256:14)\nFrom Your Spec Code:\n    at Context.eval (webpack://mes-college-website/./cypress/e2e/10-performance.cy.js:7:9)",
                "diff": null
              },
              "uuid": "2546414a-19b8-4de6-8c81-46cb1f6a7e2b",
              "parentUUID": "65dc7f4b-da8e-4b4b-8c14-a74f7709f31d",
              "isHook": false,
              "skipped": false
            },
            {
              "title": "should have acceptable number of images on /about",
              "fullTitle": "Performance Tests should have acceptable number of images on /about",
              "timedOut": null,
              "duration": 147,
              "state": "failed",
              "speed": null,
              "pass": false,
              "fail": true,
              "pending": false,
              "context": null,
              "code": "cy.visit(route);\ncy.get('img').then($images => {\n  expect($images.length).to.be.lessThan(50); // Reasonable limit\n});",
              "err": {
                "message": "CypressError: `cy.visit()` failed trying to load:\n\nhttp://localhost:5173/about\n\nThe response we received from your web server was:\n\n  > 404: Not Found\n\nThis was considered a failure because the status code was not `2xx`.\n\nIf you do not want status codes to cause failures pass the option: `failOnStatusCode: false`",
                "estack": "CypressError: `cy.visit()` failed trying to load:\n\nhttp://localhost:5173/about\n\nThe response we received from your web server was:\n\n  > 404: Not Found\n\nThis was considered a failure because the status code was not `2xx`.\n\nIf you do not want status codes to cause failures pass the option: `failOnStatusCode: false`\n    at <unknown> (http://localhost:5173/__cypress/runner/cypress_runner.js:134864:76)\n    at visitFailedByErr (http://localhost:5173/__cypress/runner/cypress_runner.js:134454:12)\n    at <unknown> (http://localhost:5173/__cypress/runner/cypress_runner.js:134847:13)\n    at tryCatcher (http://localhost:5173/__cypress/runner/cypress_runner.js:1777:23)\n    at Promise._settlePromiseFromHandler (http://localhost:5173/__cypress/runner/cypress_runner.js:1489:31)\n    at Promise._settlePromise (http://localhost:5173/__cypress/runner/cypress_runner.js:1546:18)\n    at Promise._settlePromise0 (http://localhost:5173/__cypress/runner/cypress_runner.js:1591:10)\n    at Promise._settlePromises (http://localhost:5173/__cypress/runner/cypress_runner.js:1667:18)\n    at _drainQueueStep (http://localhost:5173/__cypress/runner/cypress_runner.js:2377:12)\n    at _drainQueue (http://localhost:5173/__cypress/runner/cypress_runner.js:2370:9)\n    at Async._drainQueues (http://localhost:5173/__cypress/runner/cypress_runner.js:2386:5)\n    at Async.drainQueues (http://localhost:5173/__cypress/runner/cypress_runner.js:2256:14)\nFrom Your Spec Code:\n    at Context.eval (webpack://mes-college-website/./cypress/e2e/10-performance.cy.js:15:9)",
                "diff": null
              },
              "uuid": "7a8fc97d-a6a7-446c-b053-e0da56ddc743",
              "parentUUID": "65dc7f4b-da8e-4b4b-8c14-a74f7709f31d",
              "isHook": false,
              "skipped": false
            },
            {
              "title": "should load all images efficiently on /about",
              "fullTitle": "Performance Tests should load all images efficiently on /about",
              "timedOut": null,
              "duration": 184,
              "state": "failed",
              "speed": null,
              "pass": false,
              "fail": true,
              "pending": false,
              "context": null,
              "code": "cy.visit(route);\ncy.get('img').each($img => {\n  cy.wrap($img).should('be.visible').and($el => {\n    expect($el[0].complete).to.be.true;\n  });\n});",
              "err": {
                "message": "CypressError: `cy.visit()` failed trying to load:\n\nhttp://localhost:5173/about\n\nThe response we received from your web server was:\n\n  > 404: Not Found\n\nThis was considered a failure because the status code was not `2xx`.\n\nIf you do not want status codes to cause failures pass the option: `failOnStatusCode: false`",
                "estack": "CypressError: `cy.visit()` failed trying to load:\n\nhttp://localhost:5173/about\n\nThe response we received from your web server was:\n\n  > 404: Not Found\n\nThis was considered a failure because the status code was not `2xx`.\n\nIf you do not want status codes to cause failures pass the option: `failOnStatusCode: false`\n    at <unknown> (http://localhost:5173/__cypress/runner/cypress_runner.js:134864:76)\n    at visitFailedByErr (http://localhost:5173/__cypress/runner/cypress_runner.js:134454:12)\n    at <unknown> (http://localhost:5173/__cypress/runner/cypress_runner.js:134847:13)\n    at tryCatcher (http://localhost:5173/__cypress/runner/cypress_runner.js:1777:23)\n    at Promise._settlePromiseFromHandler (http://localhost:5173/__cypress/runner/cypress_runner.js:1489:31)\n    at Promise._settlePromise (http://localhost:5173/__cypress/runner/cypress_runner.js:1546:18)\n    at Promise._settlePromise0 (http://localhost:5173/__cypress/runner/cypress_runner.js:1591:10)\n    at Promise._settlePromises (http://localhost:5173/__cypress/runner/cypress_runner.js:1667:18)\n    at _drainQueueStep (http://localhost:5173/__cypress/runner/cypress_runner.js:2377:12)\n    at _drainQueue (http://localhost:5173/__cypress/runner/cypress_runner.js:2370:9)\n    at Async._drainQueues (http://localhost:5173/__cypress/runner/cypress_runner.js:2386:5)\n    at Async.drainQueues (http://localhost:5173/__cypress/runner/cypress_runner.js:2256:14)\nFrom Your Spec Code:\n    at Context.eval (webpack://mes-college-website/./cypress/e2e/10-performance.cy.js:22:9)",
                "diff": null
              },
              "uuid": "a9a58569-b4ea-4a00-97d4-ecb5c87d0cd3",
              "parentUUID": "65dc7f4b-da8e-4b4b-8c14-a74f7709f31d",
              "isHook": false,
              "skipped": false
            },
            {
              "title": "should load /facilities page within acceptable time",
              "fullTitle": "Performance Tests should load /facilities page within acceptable time",
              "timedOut": null,
              "duration": 167,
              "state": "failed",
              "speed": null,
              "pass": false,
              "fail": true,
              "pending": false,
              "context": null,
              "code": "const start = Date.now();\ncy.visit(route);\ncy.window().then(() => {\n  const loadTime = Date.now() - start;\n  expect(loadTime).to.be.lessThan(5000); // Should load in less than 5 seconds\n});",
              "err": {
                "message": "CypressError: `cy.visit()` failed trying to load:\n\nhttp://localhost:5173/facilities\n\nThe response we received from your web server was:\n\n  > 404: Not Found\n\nThis was considered a failure because the status code was not `2xx`.\n\nIf you do not want status codes to cause failures pass the option: `failOnStatusCode: false`",
                "estack": "CypressError: `cy.visit()` failed trying to load:\n\nhttp://localhost:5173/facilities\n\nThe response we received from your web server was:\n\n  > 404: Not Found\n\nThis was considered a failure because the status code was not `2xx`.\n\nIf you do not want status codes to cause failures pass the option: `failOnStatusCode: false`\n    at <unknown> (http://localhost:5173/__cypress/runner/cypress_runner.js:134864:76)\n    at visitFailedByErr (http://localhost:5173/__cypress/runner/cypress_runner.js:134454:12)\n    at <unknown> (http://localhost:5173/__cypress/runner/cypress_runner.js:134847:13)\n    at tryCatcher (http://localhost:5173/__cypress/runner/cypress_runner.js:1777:23)\n    at Promise._settlePromiseFromHandler (http://localhost:5173/__cypress/runner/cypress_runner.js:1489:31)\n    at Promise._settlePromise (http://localhost:5173/__cypress/runner/cypress_runner.js:1546:18)\n    at Promise._settlePromise0 (http://localhost:5173/__cypress/runner/cypress_runner.js:1591:10)\n    at Promise._settlePromises (http://localhost:5173/__cypress/runner/cypress_runner.js:1667:18)\n    at _drainQueueStep (http://localhost:5173/__cypress/runner/cypress_runner.js:2377:12)\n    at _drainQueue (http://localhost:5173/__cypress/runner/cypress_runner.js:2370:9)\n    at Async._drainQueues (http://localhost:5173/__cypress/runner/cypress_runner.js:2386:5)\n    at Async.drainQueues (http://localhost:5173/__cypress/runner/cypress_runner.js:2256:14)\nFrom Your Spec Code:\n    at Context.eval (webpack://mes-college-website/./cypress/e2e/10-performance.cy.js:7:9)",
                "diff": null
              },
              "uuid": "c7ed173a-1d49-4ed0-895b-5b647c90b660",
              "parentUUID": "65dc7f4b-da8e-4b4b-8c14-a74f7709f31d",
              "isHook": false,
              "skipped": false
            },
            {
              "title": "should have acceptable number of images on /facilities",
              "fullTitle": "Performance Tests should have acceptable number of images on /facilities",
              "timedOut": null,
              "duration": 175,
              "state": "failed",
              "speed": null,
              "pass": false,
              "fail": true,
              "pending": false,
              "context": null,
              "code": "cy.visit(route);\ncy.get('img').then($images => {\n  expect($images.length).to.be.lessThan(50); // Reasonable limit\n});",
              "err": {
                "message": "CypressError: `cy.visit()` failed trying to load:\n\nhttp://localhost:5173/facilities\n\nThe response we received from your web server was:\n\n  > 404: Not Found\n\nThis was considered a failure because the status code was not `2xx`.\n\nIf you do not want status codes to cause failures pass the option: `failOnStatusCode: false`",
                "estack": "CypressError: `cy.visit()` failed trying to load:\n\nhttp://localhost:5173/facilities\n\nThe response we received from your web server was:\n\n  > 404: Not Found\n\nThis was considered a failure because the status code was not `2xx`.\n\nIf you do not want status codes to cause failures pass the option: `failOnStatusCode: false`\n    at <unknown> (http://localhost:5173/__cypress/runner/cypress_runner.js:134864:76)\n    at visitFailedByErr (http://localhost:5173/__cypress/runner/cypress_runner.js:134454:12)\n    at <unknown> (http://localhost:5173/__cypress/runner/cypress_runner.js:134847:13)\n    at tryCatcher (http://localhost:5173/__cypress/runner/cypress_runner.js:1777:23)\n    at Promise._settlePromiseFromHandler (http://localhost:5173/__cypress/runner/cypress_runner.js:1489:31)\n    at Promise._settlePromise (http://localhost:5173/__cypress/runner/cypress_runner.js:1546:18)\n    at Promise._settlePromise0 (http://localhost:5173/__cypress/runner/cypress_runner.js:1591:10)\n    at Promise._settlePromises (http://localhost:5173/__cypress/runner/cypress_runner.js:1667:18)\n    at _drainQueueStep (http://localhost:5173/__cypress/runner/cypress_runner.js:2377:12)\n    at _drainQueue (http://localhost:5173/__cypress/runner/cypress_runner.js:2370:9)\n    at Async._drainQueues (http://localhost:5173/__cypress/runner/cypress_runner.js:2386:5)\n    at Async.drainQueues (http://localhost:5173/__cypress/runner/cypress_runner.js:2256:14)\nFrom Your Spec Code:\n    at Context.eval (webpack://mes-college-website/./cypress/e2e/10-performance.cy.js:15:9)",
                "diff": null
              },
              "uuid": "d4b48cc4-e73a-49a0-94f0-267cfa7ecf31",
              "parentUUID": "65dc7f4b-da8e-4b4b-8c14-a74f7709f31d",
              "isHook": false,
              "skipped": false
            },
            {
              "title": "should load all images efficiently on /facilities",
              "fullTitle": "Performance Tests should load all images efficiently on /facilities",
              "timedOut": null,
              "duration": 167,
              "state": "failed",
              "speed": null,
              "pass": false,
              "fail": true,
              "pending": false,
              "context": null,
              "code": "cy.visit(route);\ncy.get('img').each($img => {\n  cy.wrap($img).should('be.visible').and($el => {\n    expect($el[0].complete).to.be.true;\n  });\n});",
              "err": {
                "message": "CypressError: `cy.visit()` failed trying to load:\n\nhttp://localhost:5173/facilities\n\nThe response we received from your web server was:\n\n  > 404: Not Found\n\nThis was considered a failure because the status code was not `2xx`.\n\nIf you do not want status codes to cause failures pass the option: `failOnStatusCode: false`",
                "estack": "CypressError: `cy.visit()` failed trying to load:\n\nhttp://localhost:5173/facilities\n\nThe response we received from your web server was:\n\n  > 404: Not Found\n\nThis was considered a failure because the status code was not `2xx`.\n\nIf you do not want status codes to cause failures pass the option: `failOnStatusCode: false`\n    at <unknown> (http://localhost:5173/__cypress/runner/cypress_runner.js:134864:76)\n    at visitFailedByErr (http://localhost:5173/__cypress/runner/cypress_runner.js:134454:12)\n    at <unknown> (http://localhost:5173/__cypress/runner/cypress_runner.js:134847:13)\n    at tryCatcher (http://localhost:5173/__cypress/runner/cypress_runner.js:1777:23)\n    at Promise._settlePromiseFromHandler (http://localhost:5173/__cypress/runner/cypress_runner.js:1489:31)\n    at Promise._settlePromise (http://localhost:5173/__cypress/runner/cypress_runner.js:1546:18)\n    at Promise._settlePromise0 (http://localhost:5173/__cypress/runner/cypress_runner.js:1591:10)\n    at Promise._settlePromises (http://localhost:5173/__cypress/runner/cypress_runner.js:1667:18)\n    at _drainQueueStep (http://localhost:5173/__cypress/runner/cypress_runner.js:2377:12)\n    at _drainQueue (http://localhost:5173/__cypress/runner/cypress_runner.js:2370:9)\n    at Async._drainQueues (http://localhost:5173/__cypress/runner/cypress_runner.js:2386:5)\n    at Async.drainQueues (http://localhost:5173/__cypress/runner/cypress_runner.js:2256:14)\nFrom Your Spec Code:\n    at Context.eval (webpack://mes-college-website/./cypress/e2e/10-performance.cy.js:22:9)",
                "diff": null
              },
              "uuid": "3a23df9b-b6b0-4356-92c7-b67def37cc61",
              "parentUUID": "65dc7f4b-da8e-4b4b-8c14-a74f7709f31d",
              "isHook": false,
              "skipped": false
            },
            {
              "title": "should load /contact page within acceptable time",
              "fullTitle": "Performance Tests should load /contact page within acceptable time",
              "timedOut": null,
              "duration": 164,
              "state": "failed",
              "speed": null,
              "pass": false,
              "fail": true,
              "pending": false,
              "context": null,
              "code": "const start = Date.now();\ncy.visit(route);\ncy.window().then(() => {\n  const loadTime = Date.now() - start;\n  expect(loadTime).to.be.lessThan(5000); // Should load in less than 5 seconds\n});",
              "err": {
                "message": "CypressError: `cy.visit()` failed trying to load:\n\nhttp://localhost:5173/contact\n\nThe response we received from your web server was:\n\n  > 404: Not Found\n\nThis was considered a failure because the status code was not `2xx`.\n\nIf you do not want status codes to cause failures pass the option: `failOnStatusCode: false`",
                "estack": "CypressError: `cy.visit()` failed trying to load:\n\nhttp://localhost:5173/contact\n\nThe response we received from your web server was:\n\n  > 404: Not Found\n\nThis was considered a failure because the status code was not `2xx`.\n\nIf you do not want status codes to cause failures pass the option: `failOnStatusCode: false`\n    at <unknown> (http://localhost:5173/__cypress/runner/cypress_runner.js:134864:76)\n    at visitFailedByErr (http://localhost:5173/__cypress/runner/cypress_runner.js:134454:12)\n    at <unknown> (http://localhost:5173/__cypress/runner/cypress_runner.js:134847:13)\n    at tryCatcher (http://localhost:5173/__cypress/runner/cypress_runner.js:1777:23)\n    at Promise._settlePromiseFromHandler (http://localhost:5173/__cypress/runner/cypress_runner.js:1489:31)\n    at Promise._settlePromise (http://localhost:5173/__cypress/runner/cypress_runner.js:1546:18)\n    at Promise._settlePromise0 (http://localhost:5173/__cypress/runner/cypress_runner.js:1591:10)\n    at Promise._settlePromises (http://localhost:5173/__cypress/runner/cypress_runner.js:1667:18)\n    at _drainQueueStep (http://localhost:5173/__cypress/runner/cypress_runner.js:2377:12)\n    at _drainQueue (http://localhost:5173/__cypress/runner/cypress_runner.js:2370:9)\n    at Async._drainQueues (http://localhost:5173/__cypress/runner/cypress_runner.js:2386:5)\n    at Async.drainQueues (http://localhost:5173/__cypress/runner/cypress_runner.js:2256:14)\nFrom Your Spec Code:\n    at Context.eval (webpack://mes-college-website/./cypress/e2e/10-performance.cy.js:7:9)",
                "diff": null
              },
              "uuid": "bac5781e-53bf-447f-9350-d438955e7b3a",
              "parentUUID": "65dc7f4b-da8e-4b4b-8c14-a74f7709f31d",
              "isHook": false,
              "skipped": false
            },
            {
              "title": "should have acceptable number of images on /contact",
              "fullTitle": "Performance Tests should have acceptable number of images on /contact",
              "timedOut": null,
              "duration": 175,
              "state": "failed",
              "speed": null,
              "pass": false,
              "fail": true,
              "pending": false,
              "context": null,
              "code": "cy.visit(route);\ncy.get('img').then($images => {\n  expect($images.length).to.be.lessThan(50); // Reasonable limit\n});",
              "err": {
                "message": "CypressError: `cy.visit()` failed trying to load:\n\nhttp://localhost:5173/contact\n\nThe response we received from your web server was:\n\n  > 404: Not Found\n\nThis was considered a failure because the status code was not `2xx`.\n\nIf you do not want status codes to cause failures pass the option: `failOnStatusCode: false`",
                "estack": "CypressError: `cy.visit()` failed trying to load:\n\nhttp://localhost:5173/contact\n\nThe response we received from your web server was:\n\n  > 404: Not Found\n\nThis was considered a failure because the status code was not `2xx`.\n\nIf you do not want status codes to cause failures pass the option: `failOnStatusCode: false`\n    at <unknown> (http://localhost:5173/__cypress/runner/cypress_runner.js:134864:76)\n    at visitFailedByErr (http://localhost:5173/__cypress/runner/cypress_runner.js:134454:12)\n    at <unknown> (http://localhost:5173/__cypress/runner/cypress_runner.js:134847:13)\n    at tryCatcher (http://localhost:5173/__cypress/runner/cypress_runner.js:1777:23)\n    at Promise._settlePromiseFromHandler (http://localhost:5173/__cypress/runner/cypress_runner.js:1489:31)\n    at Promise._settlePromise (http://localhost:5173/__cypress/runner/cypress_runner.js:1546:18)\n    at Promise._settlePromise0 (http://localhost:5173/__cypress/runner/cypress_runner.js:1591:10)\n    at Promise._settlePromises (http://localhost:5173/__cypress/runner/cypress_runner.js:1667:18)\n    at _drainQueueStep (http://localhost:5173/__cypress/runner/cypress_runner.js:2377:12)\n    at _drainQueue (http://localhost:5173/__cypress/runner/cypress_runner.js:2370:9)\n    at Async._drainQueues (http://localhost:5173/__cypress/runner/cypress_runner.js:2386:5)\n    at Async.drainQueues (http://localhost:5173/__cypress/runner/cypress_runner.js:2256:14)\nFrom Your Spec Code:\n    at Context.eval (webpack://mes-college-website/./cypress/e2e/10-performance.cy.js:15:9)",
                "diff": null
              },
              "uuid": "5ea9aa2c-eb06-4d7b-92ee-2b618555b963",
              "parentUUID": "65dc7f4b-da8e-4b4b-8c14-a74f7709f31d",
              "isHook": false,
              "skipped": false
            },
            {
              "title": "should load all images efficiently on /contact",
              "fullTitle": "Performance Tests should load all images efficiently on /contact",
              "timedOut": null,
              "duration": 159,
              "state": "failed",
              "speed": null,
              "pass": false,
              "fail": true,
              "pending": false,
              "context": null,
              "code": "cy.visit(route);\ncy.get('img').each($img => {\n  cy.wrap($img).should('be.visible').and($el => {\n    expect($el[0].complete).to.be.true;\n  });\n});",
              "err": {
                "message": "CypressError: `cy.visit()` failed trying to load:\n\nhttp://localhost:5173/contact\n\nThe response we received from your web server was:\n\n  > 404: Not Found\n\nThis was considered a failure because the status code was not `2xx`.\n\nIf you do not want status codes to cause failures pass the option: `failOnStatusCode: false`",
                "estack": "CypressError: `cy.visit()` failed trying to load:\n\nhttp://localhost:5173/contact\n\nThe response we received from your web server was:\n\n  > 404: Not Found\n\nThis was considered a failure because the status code was not `2xx`.\n\nIf you do not want status codes to cause failures pass the option: `failOnStatusCode: false`\n    at <unknown> (http://localhost:5173/__cypress/runner/cypress_runner.js:134864:76)\n    at visitFailedByErr (http://localhost:5173/__cypress/runner/cypress_runner.js:134454:12)\n    at <unknown> (http://localhost:5173/__cypress/runner/cypress_runner.js:134847:13)\n    at tryCatcher (http://localhost:5173/__cypress/runner/cypress_runner.js:1777:23)\n    at Promise._settlePromiseFromHandler (http://localhost:5173/__cypress/runner/cypress_runner.js:1489:31)\n    at Promise._settlePromise (http://localhost:5173/__cypress/runner/cypress_runner.js:1546:18)\n    at Promise._settlePromise0 (http://localhost:5173/__cypress/runner/cypress_runner.js:1591:10)\n    at Promise._settlePromises (http://localhost:5173/__cypress/runner/cypress_runner.js:1667:18)\n    at _drainQueueStep (http://localhost:5173/__cypress/runner/cypress_runner.js:2377:12)\n    at _drainQueue (http://localhost:5173/__cypress/runner/cypress_runner.js:2370:9)\n    at Async._drainQueues (http://localhost:5173/__cypress/runner/cypress_runner.js:2386:5)\n    at Async.drainQueues (http://localhost:5173/__cypress/runner/cypress_runner.js:2256:14)\nFrom Your Spec Code:\n    at Context.eval (webpack://mes-college-website/./cypress/e2e/10-performance.cy.js:22:9)",
                "diff": null
              },
              "uuid": "b8362a39-77f9-435f-bf6b-5a600d258a77",
              "parentUUID": "65dc7f4b-da8e-4b4b-8c14-a74f7709f31d",
              "isHook": false,
              "skipped": false
            }
          ],
          "suites": [],
          "passes": [
            "b9cd952c-aeea-48d5-8db6-640fde0e1cd5",
            "aafb751f-07aa-4d3a-ba71-61da34730d64"
          ],
          "failures": [
            "39ae7123-8a99-4da3-a01e-a4066d940129",
            "2546414a-19b8-4de6-8c81-46cb1f6a7e2b",
            "7a8fc97d-a6a7-446c-b053-e0da56ddc743",
            "a9a58569-b4ea-4a00-97d4-ecb5c87d0cd3",
            "c7ed173a-1d49-4ed0-895b-5b647c90b660",
            "d4b48cc4-e73a-49a0-94f0-267cfa7ecf31",
            "3a23df9b-b6b0-4356-92c7-b67def37cc61",
            "bac5781e-53bf-447f-9350-d438955e7b3a",
            "5ea9aa2c-eb06-4d7b-92ee-2b618555b963",
            "b8362a39-77f9-435f-bf6b-5a600d258a77"
          ],
          "pending": [],
          "skipped": [],
          "duration": 13842,
          "root": false,
          "rootEmpty": false,
          "_timeout": 2000
        }
      ],
      "passes": [],
      "failures": [],
      "pending": [],
      "skipped": [],
      "duration": 0,
      "root": true,
      "rootEmpty": true,
      "_timeout": 2000
    }
  ],
  "meta": {
    "mocha": {
      "version": "7.2.0"
    },
    "mochawesome": {
      "options": {
        "quiet": false,
        "reportFilename": "mochawesome",
        "saveHtml": true,
        "saveJson": true,
        "consoleReporter": "spec",
        "useInlineDiffs": false,
        "code": true
      },
      "version": "7.1.4"
    },
    "marge": {
      "options": {
        "reportDir": "cypress/reports/mochawesome",
        "overwrite": false,
        "html": true,
        "json": true,
        "timestamp": "mmddyyyy_HHMMss",
        "charts": true,
        "reportPageTitle": "MESCKM College - Cypress Test Report",
        "embeddedScreenshots": true,
        "inlineAssets": true
      },
      "version": "6.3.2"
    }
  }
}